#
# A fatal error has been detected by the Java Runtime Environment:
#
#  SIGSEGV (0xb) at pc=0x00007f9dc9060b2f, pid=5672, tid=0x00007f9db022e700
#
# JRE version: OpenJDK Runtime Environment (8.0_152-b01) (build 1.8.0_152-release-915-b01)
# Java VM: OpenJDK 64-Bit Server VM (25.152-b01 mixed mode linux-amd64 compressed oops)
# Problematic frame:
# V  [libjvm.so+0x58eb2f]  PhaseCFG::schedule_late(VectorSet&, Node_List&)+0xbf
#
# Failed to write core dump. Core dumps have been disabled. To enable core dumping, try "ulimit -c unlimited" before starting Java again
#
# If you would like to submit a bug report, please visit:
#   http://bugreport.java.com/bugreport/crash.jsp
#

---------------  T H R E A D  ---------------

Current thread (0x00007f9dc40b8000):  JavaThread "C2 CompilerThread0" daemon [_thread_in_native, id=5684, stack(0x00007f9db012e000,0x00007f9db022f000)]

siginfo: si_signo: 11 (SIGSEGV), si_code: 1 (SEGV_MAPERR), si_addr: 0x00005f9dc98d7f00

Registers:
RAX=0x00005f9dc98d7e50, RBX=0x00007f9d78633410, RCX=0x0000000000000017, RDX=0x0000000000002539
RSP=0x00007f9db022a930, RBP=0x00007f9db022a9a0, RSI=0x0000000000800000, RDI=0x00007f9d5c8822d0
R8 =0x0000000000000001, R9 =0x0000000000000000, R10=0x00007f9d803949d0, R11=0x00007f9dc9f79cd0
R12=0x00007f9d5c8822d0, R13=0x00007f9d78c71f88, R14=0x00007f9d7c8eb920, R15=0x00007f9db022aae0
RIP=0x00007f9dc9060b2f, EFLAGS=0x0000000000010202, CSGSFS=0x0000000000000033, ERR=0x0000000000000004
  TRAPNO=0x000000000000000e

Top of Stack: (sp=0x00007f9db022a930)
0x00007f9db022a930:   0000000000000008 00007f9db022ab38
0x00007f9db022a940:   00007f9d7c8eb880 00007f9db022a950
0x00007f9db022a950:   00007f9db022aa00 00007f9db022aa20
0x00007f9db022a960:   00007f9db022aae0 00007f9dc40b8660
0x00007f9db022a970:   00007f9db022a9a0 00007f9db022aa20
0x00007f9db022a980:   00007f9db022aa00 00007f9dc40b8660
0x00007f9db022a990:   00007f9d5c5ea720 00007f9db022aae0
0x00007f9db022a9a0:   00007f9db022aa90 00007f9dc9061457
0x00007f9db022a9b0:   00007f9db022aa20 00007f9db022aa00
0x00007f9db022a9c0:   00007f9db022aae0 00007f9dc40b8660
0x00007f9db022a9d0:   00000000002a4030 00007f9d7806a308
0x00007f9db022a9e0:   00007f9d780674b0 00007f9d78062320
0x00007f9db022a9f0:   00007f9db022aa40 00007f9dc40b8660
0x00007f9db022aa00:   00007f9dc9966dd0 00007f9dc40b8660
0x00007f9db022aa10:   0000000000000200 00007f9d5c5ea760
0x00007f9db022aa20:   00007f9dc40b8660 00007f9d00002000
0x00007f9db022aa30:   00007f9d803f49a0 00007f9d00000001
0x00007f9db022aa40:   0000388900000000 0000000000000000
0x00007f9db022aa50:   00007f9d00000007 00007f9d8051c870
0x00007f9db022aa60:   00007f9db022aac0 00007f9db022aae0
0x00007f9db022aa70:   00007f9db022aca0 00007f9db022c410
0x00007f9db022aa80:   00007f9db022aae0 00007f9db022cf80
0x00007f9db022aa90:   00007f9db022aac0 00007f9dc906197d
0x00007f9db022aaa0:   00007f9db022aca0 00000000b022c410
0x00007f9db022aab0:   00007f9db022aae0 00007f9db022b640
0x00007f9db022aac0:   00007f9db022c300 00007f9dc8f3a0f9
0x00007f9db022aad0:   0000000000000000 0000000000000000
0x00007f9db022aae0:   0000000000000007 00007f9db022cf80
0x00007f9db022aaf0:   00007f9d7c5af640 00007f9d78c71f88
0x00007f9db022ab00:   0000000000001000 00007f9dc40b8660
0x00007f9db022ab10:   00007f9d80344a40 0000000000000893
0x00007f9db022ab20:   0000000000000893 00007f9db022d118 

Instructions: (pc=0x00007f9dc9060b2f)
0x00007f9dc9060b0f:   00 49 8b 47 68 4c 8b 2c d0 0f 84 52 02 00 00 45
0x00007f9dc9060b1f:   8b 44 24 20 45 85 c0 74 c8 49 8b 04 24 4c 89 e7
0x00007f9dc9060b2f:   ff 90 b0 00 00 00 84 c0 75 b7 41 0f b7 44 24 2c
0x00007f9dc9060b3f:   83 e0 03 66 83 f8 02 0f 84 fc 01 00 00 48 c7 45 

Register to memory mapping:

RAX=0x00005f9dc98d7e50 is an unknown value
RBX=0x00007f9d78633410 is an unknown value
RCX=0x0000000000000017 is an unknown value
RDX=0x0000000000002539 is an unknown value
RSP=0x00007f9db022a930 is pointing into the stack for thread: 0x00007f9dc40b8000
RBP=0x00007f9db022a9a0 is pointing into the stack for thread: 0x00007f9dc40b8000
RSI=0x0000000000800000 is an unknown value
RDI=0x00007f9d5c8822d0 is an unknown value
R8 =0x0000000000000001 is an unknown value
R9 =0x0000000000000000 is an unknown value
R10=0x00007f9d803949d0 is an unknown value
R11=0x00007f9dc9f79cd0: <offset 0x183cd0> in /lib64/libc.so.6 at 0x00007f9dc9df6000
R12=0x00007f9d5c8822d0 is an unknown value
R13=0x00007f9d78c71f88 is an unknown value
R14=0x00007f9d7c8eb920 is an unknown value
R15=0x00007f9db022aae0 is pointing into the stack for thread: 0x00007f9dc40b8000


Stack: [0x00007f9db012e000,0x00007f9db022f000],  sp=0x00007f9db022a930,  free space=1010k
Native frames: (J=compiled Java code, j=interpreted, Vv=VM code, C=native code)
V  [libjvm.so+0x58eb2f]  PhaseCFG::schedule_late(VectorSet&, Node_List&)+0xbf
V  [libjvm.so+0x58f457]  PhaseCFG::global_code_motion()+0x547
V  [libjvm.so+0x58f97d]  PhaseCFG::do_global_code_motion()+0x4d
V  [libjvm.so+0x4680f9]  Compile::Code_Gen()+0x1e9
V  [libjvm.so+0x46945e]  Compile::Compile(ciEnv*, C2Compiler*, ciMethod*, int, bool, bool, bool)+0x113e
V  [libjvm.so+0x3c6038]  C2Compiler::compile_method(ciEnv*, ciMethod*, int)+0x1c8
V  [libjvm.so+0x471ad2]  CompileBroker::invoke_compiler_on_method(CompileTask*)+0x8b2
V  [libjvm.so+0x472988]  CompileBroker::compiler_thread_loop()+0x4e8
V  [libjvm.so+0x996db8]  JavaThread::thread_main_inner()+0xd8
V  [libjvm.so+0x84e792]  java_start(Thread*)+0xf2
C  [libpthread.so.0+0x7e25]  start_thread+0xc5


Current CompileTask:
C2:   1005 1211   !   4       java.net.URLClassLoader$1::run (63 bytes)


---------------  P R O C E S S  ---------------

Java Threads: ( => current thread )
  0x00007f9d5c24d800 JavaThread "Cache worker for file hash cache (/home/Andriod/MyFiles/CollegeNotification/.gradle/4.1/fileHashes)" [_thread_blocked, id=5702, stack(0x00007f9d872f7000,0x00007f9d873f8000)]
  0x00007f9d5c10b800 JavaThread "File lock request listener" [_thread_in_native, id=5701, stack(0x00007f9d875f8000,0x00007f9d876f9000)]
  0x00007f9d5c11a000 JavaThread "Cache worker for file hash cache (/home/magnum/.gradle/caches/4.1/fileHashes)" [_thread_blocked, id=5700, stack(0x00007f9d876f9000,0x00007f9d877fa000)]
  0x00007f9d5c013800 JavaThread "Stdin handler" [_thread_blocked, id=5699, stack(0x00007f9d879fa000,0x00007f9d87afb000)]
  0x00007f9d5c004000 JavaThread "Asynchronous log dispatcher for DefaultDaemonConnection: socket connection from /127.0.0.1:46754 to /127.0.0.1:47830" [_thread_blocked, id=5698, stack(0x00007f9d87afb000,0x00007f9d87bfc000)]
  0x00007f9d60008000 JavaThread "Daemon worker" [_thread_in_vm, id=5695, stack(0x00007f9d87bfc000,0x00007f9d87cfd000)]
  0x00007f9d60006800 JavaThread "Cancel handler" [_thread_blocked, id=5694, stack(0x00007f9d87cfd000,0x00007f9d87dfe000)]
  0x00007f9d60001800 JavaThread "Handler for socket connection from /127.0.0.1:46754 to /127.0.0.1:47830" [_thread_in_native, id=5693, stack(0x00007f9d87dfe000,0x00007f9d87eff000)]
  0x00007f9d68016800 JavaThread "Daemon" [_thread_blocked, id=5692, stack(0x00007f9d87eff000,0x00007f9d88000000)]
  0x00007f9dc4d92000 JavaThread "Daemon periodic checks" [_thread_blocked, id=5691, stack(0x00007f9d8c0a7000,0x00007f9d8c1a8000)]
  0x00007f9dc4d70800 JavaThread "Incoming local TCP Connector on port 46754" [_thread_in_native, id=5690, stack(0x00007f9d8c1af000,0x00007f9d8c2b0000)]
  0x00007f9dc40d2000 JavaThread "Service Thread" daemon [_thread_blocked, id=5687, stack(0x00007f9d8d8d5000,0x00007f9d8d9d6000)]
  0x00007f9dc40bc800 JavaThread "C1 CompilerThread2" daemon [_thread_blocked, id=5686, stack(0x00007f9d8d9d6000,0x00007f9d8dad7000)]
  0x00007f9dc40bb000 JavaThread "C2 CompilerThread1" daemon [_thread_in_native, id=5685, stack(0x00007f9db002d000,0x00007f9db012e000)]
=>0x00007f9dc40b8000 JavaThread "C2 CompilerThread0" daemon [_thread_in_native, id=5684, stack(0x00007f9db012e000,0x00007f9db022f000)]
  0x00007f9dc40b6800 JavaThread "Signal Dispatcher" daemon [_thread_blocked, id=5683, stack(0x00007f9db022f000,0x00007f9db0330000)]
  0x00007f9dc4083800 JavaThread "Finalizer" daemon [_thread_blocked, id=5682, stack(0x00007f9db0330000,0x00007f9db0431000)]
  0x00007f9dc407f000 JavaThread "Reference Handler" daemon [_thread_blocked, id=5681, stack(0x00007f9db0431000,0x00007f9db0532000)]
  0x00007f9dc4009800 JavaThread "main" [_thread_blocked, id=5674, stack(0x00007f9dca4cd000,0x00007f9dca5ce000)]

Other Threads:
  0x00007f9dc4077800 VMThread [stack: 0x00007f9db0532000,0x00007f9db0633000] [id=5680]
  0x00007f9dc40d4800 WatcherThread [stack: 0x00007f9d8d7d4000,0x00007f9d8d8d5000] [id=5688]

VM state:not at safepoint (normal execution)

VM Mutex/Monitor currently owned by a thread: None

Heap:
 PSYoungGen      total 67584K, used 54206K [0x00000000eab00000, 0x00000000ef200000, 0x0000000100000000)
  eden space 62464K, 78% used [0x00000000eab00000,0x00000000edaf48c0,0x00000000ee800000)
  from space 5120K, 99% used [0x00000000eed00000,0x00000000ef1fb2c0,0x00000000ef200000)
  to   space 5120K, 0% used [0x00000000ee800000,0x00000000ee800000,0x00000000eed00000)
 ParOldGen       total 83456K, used 573K [0x00000000c0000000, 0x00000000c5180000, 0x00000000eab00000)
  object space 83456K, 0% used [0x00000000c0000000,0x00000000c008f670,0x00000000c5180000)
 Metaspace       used 17080K, capacity 17570K, committed 17792K, reserved 1064960K
  class space    used 2458K, capacity 2619K, committed 2688K, reserved 1048576K

Card table byte_map: [0x00007f9db4610000,0x00007f9db4811000] byte_map_base: 0x00007f9db4010000

Marking Bits: (ParMarkBitMap*) 0x00007f9dc99a73e0
 Begin Bits: [0x00007f9db220c000, 0x00007f9db320c000)
 End Bits:   [0x00007f9db320c000, 0x00007f9db420c000)

Polling page: 0x00007f9dca5ef000

CodeCache: size=245760Kb used=4419Kb max_used=4419Kb free=241340Kb
 bounds [0x00007f9db4bd1000, 0x00007f9db5031000, 0x00007f9dc3bd1000]
 total_blobs=1724 nmethods=1355 adapters=284
 compilation: enabled

Compilation events (10 events):
Event: 0.985 Thread 0x00007f9dc40bc800 1359   !   2       java.util.zip.ZipFile::getEntry (86 bytes)
Event: 0.985 Thread 0x00007f9dc40bc800 nmethod 1359 0x00007f9db50210d0 code [0x00007f9db5021280, 0x00007f9db5021778]
Event: 0.987 Thread 0x00007f9dc40bc800 1360       3       java.util.zip.ZipEntry::<init> (43 bytes)
Event: 0.987 Thread 0x00007f9dc40bc800 nmethod 1360 0x00007f9db5021a50 code [0x00007f9db5021bc0, 0x00007f9db5021dd0]
Event: 0.988 Thread 0x00007f9dc40bc800 1361       3       sun.security.util.SignatureFileVerifier::isBlockOrSF (42 bytes)
Event: 0.988 Thread 0x00007f9dc40bc800 nmethod 1361 0x00007f9db5021e90 code [0x00007f9db5022080, 0x00007f9db50229b8]
Event: 0.988 Thread 0x00007f9dc40bc800 1362       3       com.google.common.cache.LocalCache::expiresAfterAccess (15 bytes)
Event: 0.989 Thread 0x00007f9dc40bc800 nmethod 1362 0x00007f9db5022dd0 code [0x00007f9db5022f40, 0x00007f9db50230f0]
Event: 0.989 Thread 0x00007f9dc40bc800 1363       3       java.lang.Enum::compareTo (44 bytes)
Event: 0.990 Thread 0x00007f9dc40bc800 nmethod 1363 0x00007f9db5023190 code [0x00007f9db5023340, 0x00007f9db5023c48]

GC Heap History (4 events):
Event: 0.309 GC heap before
{Heap before GC invocations=1 (full 0):
 PSYoungGen      total 36352K, used 31232K [0x00000000eab00000, 0x00000000ed380000, 0x0000000100000000)
  eden space 31232K, 100% used [0x00000000eab00000,0x00000000ec980000,0x00000000ec980000)
  from space 5120K, 0% used [0x00000000ece80000,0x00000000ece80000,0x00000000ed380000)
  to   space 5120K, 0% used [0x00000000ec980000,0x00000000ec980000,0x00000000ece80000)
 ParOldGen       total 83456K, used 0K [0x00000000c0000000, 0x00000000c5180000, 0x00000000eab00000)
  object space 83456K, 0% used [0x00000000c0000000,0x00000000c0000000,0x00000000c5180000)
 Metaspace       used 6419K, capacity 6638K, committed 6784K, reserved 1056768K
  class space    used 790K, capacity 875K, committed 896K, reserved 1048576K
Event: 0.313 GC heap after
Heap after GC invocations=1 (full 0):
 PSYoungGen      total 36352K, used 3753K [0x00000000eab00000, 0x00000000ef200000, 0x0000000100000000)
  eden space 31232K, 0% used [0x00000000eab00000,0x00000000eab00000,0x00000000ec980000)
  from space 5120K, 73% used [0x00000000ec980000,0x00000000ecd2a440,0x00000000ece80000)
  to   space 5120K, 0% used [0x00000000eed00000,0x00000000eed00000,0x00000000ef200000)
 ParOldGen       total 83456K, used 8K [0x00000000c0000000, 0x00000000c5180000, 0x00000000eab00000)
  object space 83456K, 0% used [0x00000000c0000000,0x00000000c0002000,0x00000000c5180000)
 Metaspace       used 6419K, capacity 6638K, committed 6784K, reserved 1056768K
  class space    used 790K, capacity 875K, committed 896K, reserved 1048576K
}
Event: 0.579 GC heap before
{Heap before GC invocations=2 (full 0):
 PSYoungGen      total 36352K, used 34985K [0x00000000eab00000, 0x00000000ef200000, 0x0000000100000000)
  eden space 31232K, 100% used [0x00000000eab00000,0x00000000ec980000,0x00000000ec980000)
  from space 5120K, 73% used [0x00000000ec980000,0x00000000ecd2a440,0x00000000ece80000)
  to   space 5120K, 0% used [0x00000000eed00000,0x00000000eed00000,0x00000000ef200000)
 ParOldGen       total 83456K, used 8K [0x00000000c0000000, 0x00000000c5180000, 0x00000000eab00000)
  object space 83456K, 0% used [0x00000000c0000000,0x00000000c0002000,0x00000000c5180000)
 Metaspace       used 11587K, capacity 11882K, committed 12032K, reserved 1058816K
  class space    used 1556K, capacity 1671K, committed 1792K, reserved 1048576K
Event: 0.584 GC heap after
Heap after GC invocations=2 (full 0):
 PSYoungGen      total 67584K, used 5100K [0x00000000eab00000, 0x00000000ef200000, 0x0000000100000000)
  eden space 62464K, 0% used [0x00000000eab00000,0x00000000eab00000,0x00000000ee800000)
  from space 5120K, 99% used [0x00000000eed00000,0x00000000ef1fb2c0,0x00000000ef200000)
  to   space 5120K, 0% used [0x00000000ee800000,0x00000000ee800000,0x00000000eed00000)
 ParOldGen       total 83456K, used 573K [0x00000000c0000000, 0x00000000c5180000, 0x00000000eab00000)
  object space 83456K, 0% used [0x00000000c0000000,0x00000000c008f670,0x00000000c5180000)
 Metaspace       used 11587K, capacity 11882K, committed 12032K, reserved 1058816K
  class space    used 1556K, capacity 1671K, committed 1792K, reserved 1048576K
}

Deoptimization events (10 events):
Event: 0.565 Thread 0x00007f9d60008000 Uncommon trap: reason=bimorphic action=maybe_recompile pc=0x00007f9db4e81134 method=java.util.HashMap.putVal(ILjava/lang/Object;Ljava/lang/Object;ZZ)Ljava/lang/Object; @ 203
Event: 0.677 Thread 0x00007f9d60008000 Uncommon trap: reason=class_check action=maybe_recompile pc=0x00007f9db4e185a0 method=java.util.regex.Matcher.match(II)Z @ 86
Event: 0.677 Thread 0x00007f9d60008000 Uncommon trap: reason=class_check action=maybe_recompile pc=0x00007f9db4e185a0 method=java.util.regex.Matcher.match(II)Z @ 86
Event: 0.708 Thread 0x00007f9d60008000 Uncommon trap: reason=unstable_if action=reinterpret pc=0x00007f9db4f804d4 method=java.lang.String.lastIndexOf([CII[CIII)I @ 66
Event: 0.865 Thread 0x00007f9d60008000 Uncommon trap: reason=bimorphic action=maybe_recompile pc=0x00007f9db4f729bc method=java.lang.ClassLoader.loadClass(Ljava/lang/String;Z)Ljava/lang/Class; @ 38
Event: 0.866 Thread 0x00007f9d60008000 Uncommon trap: reason=bimorphic action=maybe_recompile pc=0x00007f9db4f729bc method=java.lang.ClassLoader.loadClass(Ljava/lang/String;Z)Ljava/lang/Class; @ 38
Event: 0.866 Thread 0x00007f9d60008000 Uncommon trap: reason=bimorphic action=maybe_recompile pc=0x00007f9db4f729bc method=java.lang.ClassLoader.loadClass(Ljava/lang/String;Z)Ljava/lang/Class; @ 38
Event: 0.866 Thread 0x00007f9d60008000 Uncommon trap: reason=bimorphic action=maybe_recompile pc=0x00007f9db4f729bc method=java.lang.ClassLoader.loadClass(Ljava/lang/String;Z)Ljava/lang/Class; @ 38
Event: 0.908 Thread 0x00007f9d60008000 Uncommon trap: reason=unstable_if action=reinterpret pc=0x00007f9db4da8574 method=java.lang.AbstractStringBuilder.append(Ljava/lang/String;)Ljava/lang/AbstractStringBuilder; @ 1
Event: 0.908 Thread 0x00007f9d60008000 Uncommon trap: reason=unstable_if action=reinterpret pc=0x00007f9db4d7b72c method=java.lang.AbstractStringBuilder.append(Ljava/lang/String;)Ljava/lang/AbstractStringBuilder; @ 1

Classes redefined (0 events):
No events

Internal exceptions (10 events):
Event: 0.833 Thread 0x00007f9d60008000 Exception <a 'java/lang/NoSuchMethodError': <clinit>> (0x00000000ed236d38) thrown at [/ssd/Android/AOSP-openjdk-git/jdk8u/hotspot/src/share/vm/prims/jni.cpp, line 1613]
Event: 0.833 Thread 0x00007f9d60008000 Exception <a 'java/lang/NoSuchMethodError': <clinit>> (0x00000000ed2424b8) thrown at [/ssd/Android/AOSP-openjdk-git/jdk8u/hotspot/src/share/vm/prims/jni.cpp, line 1613]
Event: 0.868 Thread 0x00007f9d60008000 Exception <a 'java/lang/NoSuchMethodError': <clinit>> (0x00000000ed53c958) thrown at [/ssd/Android/AOSP-openjdk-git/jdk8u/hotspot/src/share/vm/prims/jni.cpp, line 1613]
Event: 0.871 Thread 0x00007f9d60008000 Exception <a 'java/lang/NoSuchMethodError': <clinit>> (0x00000000ed585c10) thrown at [/ssd/Android/AOSP-openjdk-git/jdk8u/hotspot/src/share/vm/prims/jni.cpp, line 1613]
Event: 0.872 Thread 0x00007f9d60008000 Exception <a 'java/lang/NoSuchMethodError': <clinit>> (0x00000000ed5934b8) thrown at [/ssd/Android/AOSP-openjdk-git/jdk8u/hotspot/src/share/vm/prims/jni.cpp, line 1613]
Event: 0.878 Thread 0x00007f9d60008000 Exception <a 'java/lang/NoSuchMethodError': <clinit>> (0x00000000ed610220) thrown at [/ssd/Android/AOSP-openjdk-git/jdk8u/hotspot/src/share/vm/prims/jni.cpp, line 1613]
Event: 0.878 Thread 0x00007f9d60008000 Exception <a 'java/lang/NoSuchMethodError': <clinit>> (0x00000000ed613ee0) thrown at [/ssd/Android/AOSP-openjdk-git/jdk8u/hotspot/src/share/vm/prims/jni.cpp, line 1613]
Event: 0.878 Thread 0x00007f9d60008000 Exception <a 'java/lang/NoSuchMethodError': <clinit>> (0x00000000ed6159e8) thrown at [/ssd/Android/AOSP-openjdk-git/jdk8u/hotspot/src/share/vm/prims/jni.cpp, line 1613]
Event: 0.908 Thread 0x00007f9d60008000 Implicit null exception at 0x00007f9db4da81b5 to 0x00007f9db4da8561
Event: 0.908 Thread 0x00007f9d60008000 Implicit null exception at 0x00007f9db4d7b336 to 0x00007f9db4d7b715

Events (10 events):
Event: 0.987 loading class org/gradle/groovy/scripts/internal/BuildScriptTransformer
Event: 0.987 loading class org/gradle/groovy/scripts/internal/BuildScriptTransformer done
Event: 0.988 loading class org/gradle/groovy/scripts/internal/ImperativeStatementDetectingTransformer
Event: 0.988 loading class org/gradle/groovy/scripts/internal/ImperativeStatementDetectingTransformer done
Event: 0.988 loading class org/gradle/groovy/scripts/internal/BuildScriptTransformer$1
Event: 0.988 loading class org/gradle/groovy/scripts/internal/BuildScriptTransformer$1 done
Event: 0.988 loading class org/gradle/api/internal/initialization/ClassLoaderScopeIdentifier$Id
Event: 0.988 loading class org/gradle/api/internal/initialization/ClassLoaderScopeIdentifier$Id done
Event: 0.988 loading class org/gradle/model/dsl/internal/transform/ClosureCreationInterceptingVerifier
Event: 0.988 loading class org/gradle/model/dsl/internal/transform/ClosureCreationInterceptingVerifier done


Dynamic libraries:
00400000-00401000 r-xp 00000000 fd:02 3430004                            /home/Andriod/android-studio/jre/bin/java
00600000-00601000 r--p 00000000 fd:02 3430004                            /home/Andriod/android-studio/jre/bin/java
00601000-00602000 rw-p 00001000 fd:02 3430004                            /home/Andriod/android-studio/jre/bin/java
02145000-02166000 rw-p 00000000 00:00 0                                  [heap]
c0000000-c5180000 rw-p 00000000 00:00 0 
c5180000-eab00000 ---p 00000000 00:00 0 
eab00000-ef200000 rw-p 00000000 00:00 0 
ef200000-100000000 ---p 00000000 00:00 0 
100000000-1002a0000 rw-p 00000000 00:00 0 
1002a0000-140000000 ---p 00000000 00:00 0 
7f9d40000000-7f9d40021000 rw-p 00000000 00:00 0 
7f9d40021000-7f9d44000000 ---p 00000000 00:00 0 
7f9d48000000-7f9d48023000 rw-p 00000000 00:00 0 
7f9d48023000-7f9d4c000000 ---p 00000000 00:00 0 
7f9d4c000000-7f9d4c021000 rw-p 00000000 00:00 0 
7f9d4c021000-7f9d50000000 ---p 00000000 00:00 0 
7f9d50000000-7f9d50021000 rw-p 00000000 00:00 0 
7f9d50021000-7f9d54000000 ---p 00000000 00:00 0 
7f9d54000000-7f9d54021000 rw-p 00000000 00:00 0 
7f9d54021000-7f9d58000000 ---p 00000000 00:00 0 
7f9d58000000-7f9d58021000 rw-p 00000000 00:00 0 
7f9d58021000-7f9d5c000000 ---p 00000000 00:00 0 
7f9d5c000000-7f9d5caa4000 rw-p 00000000 00:00 0 
7f9d5caa4000-7f9d60000000 ---p 00000000 00:00 0 
7f9d60000000-7f9d60021000 rw-p 00000000 00:00 0 
7f9d60021000-7f9d64000000 ---p 00000000 00:00 0 
7f9d64000000-7f9d6402c000 rw-p 00000000 00:00 0 
7f9d6402c000-7f9d68000000 ---p 00000000 00:00 0 
7f9d68000000-7f9d6806e000 rw-p 00000000 00:00 0 
7f9d6806e000-7f9d6c000000 ---p 00000000 00:00 0 
7f9d6c000000-7f9d6c021000 rw-p 00000000 00:00 0 
7f9d6c021000-7f9d70000000 ---p 00000000 00:00 0 
7f9d70000000-7f9d70021000 rw-p 00000000 00:00 0 
7f9d70021000-7f9d74000000 ---p 00000000 00:00 0 
7f9d74000000-7f9d74021000 rw-p 00000000 00:00 0 
7f9d74021000-7f9d78000000 ---p 00000000 00:00 0 
7f9d78000000-7f9d7928a000 rw-p 00000000 00:00 0 
7f9d7928a000-7f9d7c000000 ---p 00000000 00:00 0 
7f9d7c000000-7f9d7c9b6000 rw-p 00000000 00:00 0 
7f9d7c9b6000-7f9d80000000 ---p 00000000 00:00 0 
7f9d80000000-7f9d80fb1000 rw-p 00000000 00:00 0 
7f9d80fb1000-7f9d84000000 ---p 00000000 00:00 0 
7f9d86d3b000-7f9d87032000 rw-p 00000000 00:00 0 
7f9d87032000-7f9d87172000 ---p 00000000 00:00 0 
7f9d87172000-7f9d8728d000 r--s 02008000 fd:02 1615291193                 /home/magnum/.gradle/caches/jars-3/9955734f77abc673a38c7cd4c0214af5/android.jar
7f9d8728d000-7f9d872cf000 r--s 00220000 fd:02 1078092374                 /home/magnum/.gradle/caches/jars-3/929747bc6b973b44297e9c57df71598d/gradle-core-3.5.jar
7f9d872cf000-7f9d872f7000 r--s 001cf000 fd:02 5037030                    /home/magnum/.gradle/caches/jars-3/566e7e0f530f75a42eba4833ef84d88c/guava-jdk5-17.0.jar
7f9d872f7000-7f9d872fa000 ---p 00000000 00:00 0 
7f9d872fa000-7f9d875f8000 rw-p 00000000 00:00 0                          [stack:5702]
7f9d875f8000-7f9d875fb000 ---p 00000000 00:00 0 
7f9d875fb000-7f9d876f9000 rw-p 00000000 00:00 0                          [stack:5701]
7f9d876f9000-7f9d876fc000 ---p 00000000 00:00 0 
7f9d876fc000-7f9d879fa000 rw-p 00000000 00:00 0                          [stack:5700]
7f9d879fa000-7f9d879fd000 ---p 00000000 00:00 0 
7f9d879fd000-7f9d87afb000 rw-p 00000000 00:00 0                          [stack:5699]
7f9d87afb000-7f9d87afe000 ---p 00000000 00:00 0 
7f9d87afe000-7f9d87bfc000 rw-p 00000000 00:00 0                          [stack:5698]
7f9d87bfc000-7f9d87bff000 ---p 00000000 00:00 0 
7f9d87bff000-7f9d87cfd000 rw-p 00000000 00:00 0                          [stack:5695]
7f9d87cfd000-7f9d87d00000 ---p 00000000 00:00 0 
7f9d87d00000-7f9d87dfe000 rw-p 00000000 00:00 0                          [stack:5694]
7f9d87dfe000-7f9d87e01000 ---p 00000000 00:00 0 
7f9d87e01000-7f9d87eff000 rw-p 00000000 00:00 0                          [stack:5693]
7f9d87eff000-7f9d87f02000 ---p 00000000 00:00 0 
7f9d87f02000-7f9d88000000 rw-p 00000000 00:00 0                          [stack:5692]
7f9d88000000-7f9d88021000 rw-p 00000000 00:00 0 
7f9d88021000-7f9d8c000000 ---p 00000000 00:00 0 
7f9d8c009000-7f9d8c00b000 rw-p 00000000 00:00 0 
7f9d8c00b000-7f9d8c012000 r--s 0002a000 fd:02 5037032                    /home/magnum/.gradle/caches/jars-3/fff47aec37b967e571b648d1fc9c6db6/gradle-messaging-3.5.jar
7f9d8c012000-7f9d8c017000 r--s 00041000 fd:02 1614955642                 /home/magnum/.gradle/caches/jars-3/c0502f5c2cf6dfd52d250e1b7d027d24/commons-lang-2.6.jar
7f9d8c017000-7f9d8c020000 r--s 00047000 fd:02 538941054                  /home/magnum/.gradle/caches/jars-3/11d06a5dce89fe5632250b7df00a3d57/gradle-base-services-3.5.jar
7f9d8c020000-7f9d8c02e000 r--s 00043000 fd:02 1614955640                 /home/magnum/.gradle/caches/jars-3/c0d1da18a547ef3a2ba66d3068ae6e09/gradle-tooling-api-3.5.jar
7f9d8c02e000-7f9d8c0a7000 r--s 010fd000 fd:02 537522548                  /home/Andriod/android-studio/jre/lib/tools.jar
7f9d8c0a7000-7f9d8c0aa000 ---p 00000000 00:00 0 
7f9d8c0aa000-7f9d8c1a8000 rw-p 00000000 00:00 0                          [stack:5691]
7f9d8c1a8000-7f9d8c1af000 r--s 00000000 fd:00 7369                       /usr/lib64/gconv/gconv-modules.cache
7f9d8c1af000-7f9d8c1b2000 ---p 00000000 00:00 0 
7f9d8c1b2000-7f9d8c2b0000 rw-p 00000000 00:00 0                          [stack:5690]
7f9d8c2b0000-7f9d8c2b5000 r--s 0009a000 fd:02 1610981245                 /home/Andriod/android-studio/jre/jre/lib/jsse.jar
7f9d8c2b5000-7f9d8c4b5000 rw-p 00000000 00:00 0 
7f9d8c4b5000-7f9d8c4be000 r-xp 00000000 fd:02 3435357                    /home/Andriod/android-studio/jre/jre/lib/amd64/libmanagement.so
7f9d8c4be000-7f9d8c6bd000 ---p 00009000 fd:02 3435357                    /home/Andriod/android-studio/jre/jre/lib/amd64/libmanagement.so
7f9d8c6bd000-7f9d8c6be000 r--p 00008000 fd:02 3435357                    /home/Andriod/android-studio/jre/jre/lib/amd64/libmanagement.so
7f9d8c6be000-7f9d8c6bf000 rw-p 00009000 fd:02 3435357                    /home/Andriod/android-studio/jre/jre/lib/amd64/libmanagement.so
7f9d8c6bf000-7f9d8c6c1000 r--s 00007000 fd:02 538928062                  /home/magnum/.gradle/wrapper/dists/gradle-4.1-all/bzyivzo6n839fup2jbap0tjew/gradle-4.1/lib/plugins/gradle-tooling-api-builders-4.1.jar
7f9d8c6c1000-7f9d8c6c4000 r--s 00009000 fd:02 538928712                  /home/magnum/.gradle/wrapper/dists/gradle-4.1-all/bzyivzo6n839fup2jbap0tjew/gradle-4.1/lib/plugins/gradle-testing-native-4.1.jar
7f9d8c6c4000-7f9d8c6c6000 r--s 00009000 fd:02 538929073                  /home/magnum/.gradle/wrapper/dists/gradle-4.1-all/bzyivzo6n839fup2jbap0tjew/gradle-4.1/lib/plugins/hamcrest-core-1.3.jar
7f9d8c6c6000-7f9d8c6cb000 r--s 00040000 fd:02 538929068                  /home/magnum/.gradle/wrapper/dists/gradle-4.1-all/bzyivzo6n839fup2jbap0tjew/gradle-4.1/lib/plugins/bsh-2.0b4.jar
7f9d8c6cb000-7f9d8c6cd000 r--s 00006000 fd:02 538929069                  /home/magnum/.gradle/wrapper/dists/gradle-4.1-all/bzyivzo6n839fup2jbap0tjew/gradle-4.1/lib/plugins/jcommander-1.12.jar
7f9d8c6cd000-7f9d8c6d3000 r--s 00033000 fd:02 538929070                  /home/magnum/.gradle/wrapper/dists/gradle-4.1-all/bzyivzo6n839fup2jbap0tjew/gradle-4.1/lib/plugins/snakeyaml-1.6.jar
7f9d8c6d3000-7f9d8c6dc000 r--s 00089000 fd:02 538928740                  /home/magnum/.gradle/wrapper/dists/gradle-4.1-all/bzyivzo6n839fup2jbap0tjew/gradle-4.1/lib/plugins/testng-6.3.1.jar
7f9d8c6dc000-7f9d8c6e4000 r--s 00045000 fd:02 538928741                  /home/magnum/.gradle/wrapper/dists/gradle-4.1-all/bzyivzo6n839fup2jbap0tjew/gradle-4.1/lib/plugins/junit-4.12.jar
7f9d8c6e4000-7f9d8c6ea000 r--s 0002e000 fd:02 538928708                  /home/magnum/.gradle/wrapper/dists/gradle-4.1-all/bzyivzo6n839fup2jbap0tjew/gradle-4.1/lib/plugins/gradle-testing-jvm-4.1.jar
7f9d8c6ea000-7f9d8c6ee000 r--s 00017000 fd:02 538928716                  /home/magnum/.gradle/wrapper/dists/gradle-4.1-all/bzyivzo6n839fup2jbap0tjew/gradle-4.1/lib/plugins/gradle-testing-base-4.1.jar
7f9d8c6ee000-7f9d8c6f5000 r--s 00038000 fd:02 538928736                  /home/magnum/.gradle/wrapper/dists/gradle-4.1-all/bzyivzo6n839fup2jbap0tjew/gradle-4.1/lib/plugins/bcpg-jdk15on-1.51.jar
7f9d8c6f5000-7f9d8c6f7000 r--s 0000c000 fd:02 538928047                  /home/magnum/.gradle/wrapper/dists/gradle-4.1-all/bzyivzo6n839fup2jbap0tjew/gradle-4.1/lib/plugins/gradle-signing-4.1.jar
7f9d8c6f7000-7f9d8c6f9000 r--s 00007000 fd:02 538928053                  /home/magnum/.gradle/wrapper/dists/gradle-4.1-all/bzyivzo6n839fup2jbap0tjew/gradle-4.1/lib/plugins/gradle-scala-4.1.jar
7f9d8c6f9000-7f9d8c6fa000 r--s 00004000 fd:02 538928724                  /home/magnum/.gradle/wrapper/dists/gradle-4.1-all/bzyivzo6n839fup2jbap0tjew/gradle-4.1/lib/plugins/gradle-resources-sftp-4.1.jar
7f9d8c6fa000-7f9d8c70a000 r--s 00088000 fd:02 538928753                  /home/magnum/.gradle/wrapper/dists/gradle-4.1-all/bzyivzo6n839fup2jbap0tjew/gradle-4.1/lib/plugins/joda-time-2.8.2.jar
7f9d8c70a000-7f9d8c71b000 r--s 0010d000 fd:02 538928752                  /home/magnum/.gradle/wrapper/dists/gradle-4.1-all/bzyivzo6n839fup2jbap0tjew/gradle-4.1/lib/plugins/jackson-databind-2.6.6.jar
7f9d8c71b000-7f9d8c71e000 r--s 00009000 fd:02 538928751                  /home/magnum/.gradle/wrapper/dists/gradle-4.1-all/bzyivzo6n839fup2jbap0tjew/gradle-4.1/lib/plugins/jackson-annotations-2.6.6.jar
7f9d8c71e000-7f9d8c722000 r--s 0003c000 fd:02 538928750                  /home/magnum/.gradle/wrapper/dists/gradle-4.1-all/bzyivzo6n839fup2jbap0tjew/gradle-4.1/lib/plugins/jackson-core-2.6.6.jar
7f9d8c722000-7f9d8c730000 r--s 00087000 fd:02 538928749                  /home/magnum/.gradle/wrapper/dists/gradle-4.1-all/bzyivzo6n839fup2jbap0tjew/gradle-4.1/lib/plugins/aws-java-sdk-core-1.11.6.jar
7f9d8c730000-7f9d8c737000 r--s 00057000 fd:02 538928748                  /home/magnum/.gradle/wrapper/dists/gradle-4.1-all/bzyivzo6n839fup2jbap0tjew/gradle-4.1/lib/plugins/aws-java-sdk-kms-1.11.6.jar
7f9d8c737000-7f9d8c744000 r--s 0008e000 fd:02 538928747                  /home/magnum/.gradle/wrapper/dists/gradle-4.1-all/bzyivzo6n839fup2jbap0tjew/gradle-4.1/lib/plugins/aws-java-sdk-s3-1.11.6.jar
7f9d8c744000-7f9d8c746000 r--s 00004000 fd:02 538928721                  /home/magnum/.gradle/wrapper/dists/gradle-4.1-all/bzyivzo6n839fup2jbap0tjew/gradle-4.1/lib/plugins/gradle-resources-s3-4.1.jar
7f9d8c746000-7f9d8c748000 r--s 00010000 fd:02 538928717                  /home/magnum/.gradle/wrapper/dists/gradle-4.1-all/bzyivzo6n839fup2jbap0tjew/gradle-4.1/lib/plugins/gradle-reporting-4.1.jar
7f9d8c748000-7f9d8c74a000 r--s 00002000 fd:02 538928718                  /home/magnum/.gradle/wrapper/dists/gradle-4.1-all/bzyivzo6n839fup2jbap0tjew/gradle-4.1/lib/plugins/gradle-publish-4.1.jar
7f9d8c74a000-7f9d8c74c000 r--s 00009000 fd:02 538928729                  /home/magnum/.gradle/wrapper/dists/gradle-4.1-all/bzyivzo6n839fup2jbap0tjew/gradle-4.1/lib/plugins/commons-cli-1.2.jar
7f9d8c74c000-7f9d8c752000 r--s 00036000 fd:02 538928061                  /home/magnum/.gradle/wrapper/dists/gradle-4.1-all/bzyivzo6n839fup2jbap0tjew/gradle-4.1/lib/plugins/gradle-plugins-4.1.jar
7f9d8c752000-7f9d8c754000 r--s 00009000 fd:02 538928048                  /home/magnum/.gradle/wrapper/dists/gradle-4.1-all/bzyivzo6n839fup2jbap0tjew/gradle-4.1/lib/plugins/gradle-plugin-development-4.1.jar
7f9d8c754000-7f9d8c75a000 r--s 0002b000 fd:02 538928056                  /home/magnum/.gradle/wrapper/dists/gradle-4.1-all/bzyivzo6n839fup2jbap0tjew/gradle-4.1/lib/plugins/gradle-platform-play-4.1.jar
7f9d8c75a000-7f9d8c769000 r--s 0005b000 fd:02 538928714                  /home/magnum/.gradle/wrapper/dists/gradle-4.1-all/bzyivzo6n839fup2jbap0tjew/gradle-4.1/lib/plugins/gradle-platform-native-4.1.jar
7f9d8c769000-7f9d8c76d000 r--s 0001b000 fd:02 538928711                  /home/magnum/.gradle/wrapper/dists/gradle-4.1-all/bzyivzo6n839fup2jbap0tjew/gradle-4.1/lib/plugins/gradle-platform-jvm-4.1.jar
7f9d8c76d000-7f9d8c775000 r--s 00027000 fd:02 538928719                  /home/magnum/.gradle/wrapper/dists/gradle-4.1-all/bzyivzo6n839fup2jbap0tjew/gradle-4.1/lib/plugins/gradle-platform-base-4.1.jar
7f9d8c775000-7f9d8c79d000 r--s 0021c000 fd:02 538928730                  /home/magnum/.gradle/wrapper/dists/gradle-4.1-all/bzyivzo6n839fup2jbap0tjew/gradle-4.1/lib/plugins/biz.aQute.bndlib-3.2.0.jar
7f9d8c79d000-7f9d8c79e000 r--s 00004000 fd:02 538928046                  /home/magnum/.gradle/wrapper/dists/gradle-4.1-all/bzyivzo6n839fup2jbap0tjew/gradle-4.1/lib/plugins/gradle-osgi-4.1.jar
7f9d8c79e000-7f9d8c7a1000 r--s 0000c000 fd:02 538928733                  /home/magnum/.gradle/wrapper/dists/gradle-4.1-all/bzyivzo6n839fup2jbap0tjew/gradle-4.1/lib/plugins/pmaven-groovy-0.8-20100325.jar
7f9d8c7a1000-7f9d8c7a2000 r--s 00004000 fd:02 538928732                  /home/magnum/.gradle/wrapper/dists/gradle-4.1-all/bzyivzo6n839fup2jbap0tjew/gradle-4.1/lib/plugins/pmaven-common-0.8-20100325.jar
7f9d8c7a2000-7f9d8c7a8000 r--s 00023000 fd:02 538928049                  /home/magnum/.gradle/wrapper/dists/gradle-4.1-all/bzyivzo6n839fup2jbap0tjew/gradle-4.1/lib/plugins/gradle-maven-4.1.jar
7f9d8c7a8000-7f9d8c7ab000 r--s 0000b000 fd:02 538928707                  /home/magnum/.gradle/wrapper/dists/gradle-4.1-all/bzyivzo6n839fup2jbap0tjew/gradle-4.1/lib/plugins/gradle-language-scala-4.1.jar
7f9d8c7ab000-7f9d8c7b2000 r--s 00020000 fd:02 538928713                  /home/magnum/.gradle/wrapper/dists/gradle-4.1-all/bzyivzo6n839fup2jbap0tjew/gradle-4.1/lib/plugins/gradle-language-native-4.1.jar
7f9d8c7b2000-7f9d8c7b4000 r--s 00005000 fd:02 538928710                  /home/magnum/.gradle/wrapper/dists/gradle-4.1-all/bzyivzo6n839fup2jbap0tjew/gradle-4.1/lib/plugins/gradle-language-jvm-4.1.jar
7f9d8c7b4000-7f9d8c7bb000 r--s 0002f000 fd:02 538928709                  /home/magnum/.gradle/wrapper/dists/gradle-4.1-all/bzyivzo6n839fup2jbap0tjew/gradle-4.1/lib/plugins/gradle-language-java-4.1.jar
7f9d8c7bb000-7f9d8c7be000 r--s 0000a000 fd:02 538928706                  /home/magnum/.gradle/wrapper/dists/gradle-4.1-all/bzyivzo6n839fup2jbap0tjew/gradle-4.1/lib/plugins/gradle-language-groovy-4.1.jar
7f9d8c7be000-7f9d8c7c5000 r--s 00035000 fd:02 538928739                  /home/magnum/.gradle/wrapper/dists/gradle-4.1-all/bzyivzo6n839fup2jbap0tjew/gradle-4.1/lib/plugins/simple-4.1.21.jar
7f9d8c7c5000-7f9d8c7d1000 r--s 00100000 fd:02 538928737                  /home/magnum/.gradle/wrapper/dists/gradle-4.1-all/bzyivzo6n839fup2jbap0tjew/gradle-4.1/lib/plugins/rhino-1.7R3.jar
7f9d8c7d1000-7f9d8c7d5000 r--s 00012000 fd:02 538928057                  /home/magnum/.gradle/wrapper/dists/gradle-4.1-all/bzyivzo6n839fup2jbap0tjew/gradle-4.1/lib/plugins/gradle-javascript-4.1.jar
7f9d8c7d5000-7f9d8c7d8000 r--s 00011000 fd:02 538928059                  /home/magnum/.gradle/wrapper/dists/gradle-4.1-all/bzyivzo6n839fup2jbap0tjew/gradle-4.1/lib/plugins/gradle-jacoco-4.1.jar
7f9d8c7d8000-7f9d8c7db000 r--s 0000e000 fd:02 538928058                  /home/magnum/.gradle/wrapper/dists/gradle-4.1-all/bzyivzo6n839fup2jbap0tjew/gradle-4.1/lib/plugins/gradle-ivy-4.1.jar
7f9d8c7db000-7f9d8c7dc000 r--s 00002000 fd:02 538928050                  /home/magnum/.gradle/wrapper/dists/gradle-4.1-all/bzyivzo6n839fup2jbap0tjew/gradle-4.1/lib/plugins/gradle-ide-play-4.1.jar
7f9d8c7dc000-7f9d8c7df000 r--s 00013000 fd:02 538928051                  /home/magnum/.gradle/wrapper/dists/gradle-4.1-all/bzyivzo6n839fup2jbap0tjew/gradle-4.1/lib/plugins/gradle-ide-native-4.1.jar
7f9d8c7df000-7f9d8c7e9000 r--s 00054000 fd:02 538928052                  /home/magnum/.gradle/wrapper/dists/gradle-4.1-all/bzyivzo6n839fup2jbap0tjew/gradle-4.1/lib/plugins/gradle-ide-4.1.jar
7f9d8c7e9000-7f9d8c7eb000 r--s 00007000 fd:02 538928055                  /home/magnum/.gradle/wrapper/dists/gradle-4.1-all/bzyivzo6n839fup2jbap0tjew/gradle-4.1/lib/plugins/gradle-ear-4.1.jar
7f9d8c7eb000-7f9d8c7ed000 r--s 00005000 fd:02 538928727                  /home/magnum/.gradle/wrapper/dists/gradle-4.1-all/bzyivzo6n839fup2jbap0tjew/gradle-4.1/lib/plugins/jatl-0.2.2.jar
7f9d8c7ed000-7f9d8c7f4000 r--s 00038000 fd:02 538928715                  /home/magnum/.gradle/wrapper/dists/gradle-4.1-all/bzyivzo6n839fup2jbap0tjew/gradle-4.1/lib/plugins/gradle-diagnostics-4.1.jar
7f9d8c7f4000-7f9d8c7f6000 r--s 0000b000 fd:02 538928704                  /home/magnum/.gradle/wrapper/dists/gradle-4.1-all/bzyivzo6n839fup2jbap0tjew/gradle-4.1/lib/plugins/gradle-composite-builds-4.1.jar
7f9d8c7f6000-7f9d8c7fb000 r--s 00025000 fd:02 538928044                  /home/magnum/.gradle/wrapper/dists/gradle-4.1-all/bzyivzo6n839fup2jbap0tjew/gradle-4.1/lib/plugins/gradle-code-quality-4.1.jar
7f9d8c7fb000-7f9d8c800000 r--s 00022000 fd:02 538928060                  /home/magnum/.gradle/wrapper/dists/gradle-4.1-all/bzyivzo6n839fup2jbap0tjew/gradle-4.1/lib/plugins/gradle-build-init-4.1.jar
7f9d8c800000-7f9d8c806000 r--s 0008e000 fd:02 538928054                  /home/magnum/.gradle/wrapper/dists/gradle-4.1-all/bzyivzo6n839fup2jbap0tjew/gradle-4.1/lib/plugins/gradle-build-comparison-4.1.jar
7f9d8c806000-7f9d8c807000 r--s 00002000 fd:02 538928722                  /home/magnum/.gradle/wrapper/dists/gradle-4.1-all/bzyivzo6n839fup2jbap0tjew/gradle-4.1/lib/plugins/gradle-build-cache-http-4.1.jar
7f9d8c807000-7f9d8c809000 r--s 00008000 fd:02 538928045                  /home/magnum/.gradle/wrapper/dists/gradle-4.1-all/bzyivzo6n839fup2jbap0tjew/gradle-4.1/lib/plugins/gradle-antlr-4.1.jar
7f9d8c809000-7f9d8c80b000 r--s 00004000 fd:02 538928705                  /home/magnum/.gradle/wrapper/dists/gradle-4.1-all/bzyivzo6n839fup2jbap0tjew/gradle-4.1/lib/plugins/gradle-announce-4.1.jar
7f9d8c80b000-7f9d8c80d000 r--s 00008000 fd:02 4934757                    /home/magnum/.gradle/wrapper/dists/gradle-4.1-all/bzyivzo6n839fup2jbap0tjew/gradle-4.1/lib/gradle-kotlin-dsl-tooling-builders-0.10.3.jar
7f9d8c80d000-7f9d8c810000 r--s 0001c000 fd:02 538928743                  /home/magnum/.gradle/wrapper/dists/gradle-4.1-all/bzyivzo6n839fup2jbap0tjew/gradle-4.1/lib/plugins/nekohtml-1.9.14.jar
7f9d8c810000-7f9d8c818000 r--s 00028000 fd:02 538929072                  /home/magnum/.gradle/wrapper/dists/gradle-4.1-all/bzyivzo6n839fup2jbap0tjew/gradle-4.1/lib/plugins/xml-apis-1.3.04.jar
7f9d8c818000-7f9d8c830000 r--s 00115000 fd:02 538928744                  /home/magnum/.gradle/wrapper/dists/gradle-4.1-all/bzyivzo6n839fup2jbap0tjew/gradle-4.1/lib/plugins/xercesImpl-2.9.1.jar
7f9d8c830000-7f9d8c836000 r--s 0005b000 fd:02 538928742                  /home/magnum/.gradle/wrapper/dists/gradle-4.1-all/bzyivzo6n839fup2jbap0tjew/gradle-4.1/lib/plugins/jcifs-1.3.17.jar
7f9d8c836000-7f9d8c83d000 r--s 00049000 fd:02 538929071                  /home/magnum/.gradle/wrapper/dists/gradle-4.1-all/bzyivzo6n839fup2jbap0tjew/gradle-4.1/lib/plugins/httpcore-4.4.4.jar
7f9d8c83d000-7f9d8c843000 r--s 00033000 fd:02 538928735                  /home/magnum/.gradle/wrapper/dists/gradle-4.1-all/bzyivzo6n839fup2jbap0tjew/gradle-4.1/lib/plugins/commons-codec-1.6.jar
7f9d8c843000-7f9d8c850000 r--s 000a4000 fd:02 538928728                  /home/magnum/.gradle/wrapper/dists/gradle-4.1-all/bzyivzo6n839fup2jbap0tjew/gradle-4.1/lib/plugins/httpclient-4.4.1.jar
7f9d8c850000-7f9d8c852000 r--s 0000b000 fd:02 538928723                  /home/magnum/.gradle/wrapper/dists/gradle-4.1-all/bzyivzo6n839fup2jbap0tjew/gradle-4.1/lib/plugins/gradle-resources-http-4.1.jar
7f9d8c852000-7f9d8c856000 r--s 00017000 fd:02 538928720                  /home/magnum/.gradle/wrapper/dists/gradle-4.1-all/bzyivzo6n839fup2jbap0tjew/gradle-4.1/lib/plugins/gradle-plugin-use-4.1.jar
7f9d8c856000-7f9d8c857000 r--s 00000000 fd:02 4934763                    /home/magnum/.gradle/wrapper/dists/gradle-4.1-all/bzyivzo6n839fup2jbap0tjew/gradle-4.1/lib/gradle-runtime-api-info-4.1.jar
7f9d8c857000-7f9d8c858000 r--s 00000000 fd:02 4934766                    /home/magnum/.gradle/wrapper/dists/gradle-4.1-all/bzyivzo6n839fup2jbap0tjew/gradle-4.1/lib/gradle-installation-beacon-4.1.jar
7f9d8c858000-7f9d8c898000 r--s 00277000 fd:02 538928755                  /home/magnum/.gradle/wrapper/dists/gradle-4.1-all/bzyivzo6n839fup2jbap0tjew/gradle-4.1/lib/plugins/bcprov-jdk15on-1.51.jar
7f9d8c898000-7f9d8c89c000 r--s 0001d000 fd:02 538928754                  /home/magnum/.gradle/wrapper/dists/gradle-4.1-all/bzyivzo6n839fup2jbap0tjew/gradle-4.1/lib/plugins/xbean-reflect-3.4.jar
7f9d8c89c000-7f9d8c89e000 r--s 0000a000 fd:02 538928756                  /home/magnum/.gradle/wrapper/dists/gradle-4.1-all/bzyivzo6n839fup2jbap0tjew/gradle-4.1/lib/plugins/maven-settings-3.0.4.jar
7f9d8c89e000-7f9d8c8a1000 r--s 00008000 fd:02 538928757                  /home/magnum/.gradle/wrapper/dists/gradle-4.1-all/bzyivzo6n839fup2jbap0tjew/gradle-4.1/lib/plugins/maven-settings-builder-3.0.4.jar
7f9d8c8a1000-7f9d8c8a5000 r--s 00033000 fd:02 538928758                  /home/magnum/.gradle/wrapper/dists/gradle-4.1-all/bzyivzo6n839fup2jbap0tjew/gradle-4.1/lib/plugins/plexus-utils-2.0.6.jar
7f9d8c8a5000-7f9d8c8a7000 r--s 0000d000 fd:02 538928759                  /home/magnum/.gradle/wrapper/dists/gradle-4.1-all/bzyivzo6n839fup2jbap0tjew/gradle-4.1/lib/plugins/plexus-interpolation-1.14.jar
7f9d8c8a7000-7f9d8c8a9000 r--s 00000000 fd:02 538928734                  /home/magnum/.gradle/wrapper/dists/gradle-4.1-all/bzyivzo6n839fup2jbap0tjew/gradle-4.1/lib/plugins/plexus-component-annotations-1.5.5.jar
7f9d8c8a9000-7f9d8c8b0000 r--s 0002e000 fd:02 538928760                  /home/magnum/.gradle/wrapper/dists/gradle-4.1-all/bzyivzo6n839fup2jbap0tjew/gradle-4.1/lib/plugins/plexus-container-default-1.5.5.jar
7f9d8c8b0000-7f9d8c8b2000 r--s 0000a000 fd:02 538928761                  /home/magnum/.gradle/wrapper/dists/gradle-4.1-all/bzyivzo6n839fup2jbap0tjew/gradle-4.1/lib/plugins/plexus-classworlds-2.4.jar
7f9d8c8b2000-7f9d8c8b4000 r--s 00002000 fd:02 538928762                  /home/magnum/.gradle/wrapper/dists/gradle-4.1-all/bzyivzo6n839fup2jbap0tjew/gradle-4.1/lib/plugins/plexus-cipher-1.7.jar
7f9d8c8b4000-7f9d8c8b5000 r--s 00006000 fd:02 538928763                  /home/magnum/.gradle/wrapper/dists/gradle-4.1-all/bzyivzo6n839fup2jbap0tjew/gradle-4.1/lib/plugins/plexus-sec-dispatcher-1.3.jar
7f9d8c8b5000-7f9d8c8bb000 r--s 0003f000 fd:02 538928764                  /home/magnum/.gradle/wrapper/dists/gradle-4.1-all/bzyivzo6n839fup2jbap0tjew/gradle-4.1/lib/plugins/maven-compat-3.0.4.jar
7f9d8c8bb000-7f9d8c8bf000 r--s 00021000 fd:02 538928765                  /home/magnum/.gradle/wrapper/dists/gradle-4.1-all/bzyivzo6n839fup2jbap0tjew/gradle-4.1/lib/plugins/maven-model-builder-3.0.4.jar
7f9d8c8bf000-7f9d8c8c1000 r--s 00026000 fd:02 538928766                  /home/magnum/.gradle/wrapper/dists/gradle-4.1-all/bzyivzo6n839fup2jbap0tjew/gradle-4.1/lib/plugins/maven-model-3.0.4.jar
7f9d8c8c1000-7f9d8c8c3000 r--s 0000b000 fd:02 538928767                  /home/magnum/.gradle/wrapper/dists/gradle-4.1-all/bzyivzo6n839fup2jbap0tjew/gradle-4.1/lib/plugins/maven-artifact-3.0.4.jar
7f9d8c8c3000-7f9d8c8c5000 r--s 00006000 fd:02 538929056                  /home/magnum/.gradle/wrapper/dists/gradle-4.1-all/bzyivzo6n839fup2jbap0tjew/gradle-4.1/lib/plugins/maven-repository-metadata-3.0.4.jar
7f9d8c8c5000-7f9d8c8c7000 r--s 0000b000 fd:02 538929057                  /home/magnum/.gradle/wrapper/dists/gradle-4.1-all/bzyivzo6n839fup2jbap0tjew/gradle-4.1/lib/plugins/maven-plugin-api-3.0.4.jar
7f9d8c8c7000-7f9d8c8c9000 r--s 0000c000 fd:02 538929058                  /home/magnum/.gradle/wrapper/dists/gradle-4.1-all/bzyivzo6n839fup2jbap0tjew/gradle-4.1/lib/plugins/maven-aether-provider-3.0.4.jar
7f9d8c8c9000-7f9d8c8ca000 r--s 00002000 fd:02 538929059                  /home/magnum/.gradle/wrapper/dists/gradle-4.1-all/bzyivzo6n839fup2jbap0tjew/gradle-4.1/lib/plugins/wagon-file-2.4.jar
7f9d8c8ca000-7f9d8c8cb000 r--s 00002000 fd:02 538929060                  /home/magnum/.gradle/wrapper/dists/gradle-4.1-all/bzyivzo6n839fup2jbap0tjew/gradle-4.1/lib/plugins/wagon-http-2.4.jar
7f9d8c8cb000-7f9d8c8cd000 r--s 0000b000 fd:02 538929061                  /home/magnum/.gradle/wrapper/dists/gradle-4.1-all/bzyivzo6n839fup2jbap0tjew/gradle-4.1/lib/plugins/wagon-provider-api-2.4.jar
7f9d8c8cd000-7f9d8c8ce000 r--s 00007000 fd:02 538929062                  /home/magnum/.gradle/wrapper/dists/gradle-4.1-all/bzyivzo6n839fup2jbap0tjew/gradle-4.1/lib/plugins/wagon-http-shared4-2.4.jar
7f9d8c8ce000-7f9d8c8d1000 r--s 00013000 fd:02 538929063                  /home/magnum/.gradle/wrapper/dists/gradle-4.1-all/bzyivzo6n839fup2jbap0tjew/gradle-4.1/lib/plugins/aether-api-1.13.1.jar
7f9d8c8d1000-7f9d8c8d4000 r--s 0001d000 fd:02 538929064                  /home/magnum/.gradle/wrapper/dists/gradle-4.1-all/bzyivzo6n839fup2jbap0tjew/gradle-4.1/lib/plugins/aether-impl-1.13.1.jar
7f9d8c8d4000-7f9d8c8d5000 r--s 00003000 fd:02 538929065                  /home/magnum/.gradle/wrapper/dists/gradle-4.1-all/bzyivzo6n839fup2jbap0tjew/gradle-4.1/lib/plugins/aether-spi-1.13.1.jar
7f9d8c8d5000-7f9d8c8d9000 r--s 0001c000 fd:02 538929066                  /home/magnum/.gradle/wrapper/dists/gradle-4.1-all/bzyivzo6n839fup2jbap0tjew/gradle-4.1/lib/plugins/aether-util-1.13.1.jar
7f9d8c8d9000-7f9d8c8e5000 r--s 0007d000 fd:02 538928731                  /home/magnum/.gradle/wrapper/dists/gradle-4.1-all/bzyivzo6n839fup2jbap0tjew/gradle-4.1/lib/plugins/maven-core-3.0.4.jar
7f9d8c8e5000-7f9d8c909000 r--s 0011a000 fd:02 538928726                  /home/magnum/.gradle/wrapper/dists/gradle-4.1-all/bzyivzo6n839fup2jbap0tjew/gradle-4.1/lib/plugins/gradle-dependency-management-4.1.jar
7f9d8c909000-7f9d8c91e000 r-xp 00000000 fd:00 33721720                   /usr/lib64/libgcc_s-4.8.5-20150702.so.1
7f9d8c91e000-7f9d8cb1d000 ---p 00015000 fd:00 33721720                   /usr/lib64/libgcc_s-4.8.5-20150702.so.1
7f9d8cb1d000-7f9d8cb1e000 r--p 00014000 fd:00 33721720                   /usr/lib64/libgcc_s-4.8.5-20150702.so.1
7f9d8cb1e000-7f9d8cb1f000 rw-p 00015000 fd:00 33721720                   /usr/lib64/libgcc_s-4.8.5-20150702.so.1
7f9d8cb1f000-7f9d8cc08000 r-xp 00000000 fd:00 33586800                   /usr/lib64/libstdc++.so.6.0.19
7f9d8cc08000-7f9d8ce08000 ---p 000e9000 fd:00 33586800                   /usr/lib64/libstdc++.so.6.0.19
7f9d8ce08000-7f9d8ce10000 r--p 000e9000 fd:00 33586800                   /usr/lib64/libstdc++.so.6.0.19
7f9d8ce10000-7f9d8ce12000 rw-p 000f1000 fd:00 33586800                   /usr/lib64/libstdc++.so.6.0.19
7f9d8ce12000-7f9d8ce27000 rw-p 00000000 00:00 0 
7f9d8ce27000-7f9d8ce29000 r--s 00006000 fd:02 538929067                  /home/magnum/.gradle/wrapper/dists/gradle-4.1-all/bzyivzo6n839fup2jbap0tjew/gradle-4.1/lib/plugins/aether-connector-wagon-1.13.1.jar
7f9d8ce29000-7f9d8ce2e000 r--s 00034000 fd:02 538928738                  /home/magnum/.gradle/wrapper/dists/gradle-4.1-all/bzyivzo6n839fup2jbap0tjew/gradle-4.1/lib/plugins/gson-2.7.jar
7f9d8ce2e000-7f9d8ce33000 r--s 00040000 fd:02 538928746                  /home/magnum/.gradle/wrapper/dists/gradle-4.1-all/bzyivzo6n839fup2jbap0tjew/gradle-4.1/lib/plugins/jsch-0.1.54.jar
7f9d8ce33000-7f9d8ce42000 r--s 000d9000 fd:02 538928745                  /home/magnum/.gradle/wrapper/dists/gradle-4.1-all/bzyivzo6n839fup2jbap0tjew/gradle-4.1/lib/plugins/ivy-2.2.0.jar
7f9d8ce42000-7f9d8ce45000 r--s 0000d000 fd:02 538928725                  /home/magnum/.gradle/wrapper/dists/gradle-4.1-all/bzyivzo6n839fup2jbap0tjew/gradle-4.1/lib/plugins/gradle-workers-4.1.jar
7f9d8ce45000-7f9d8ce4a000 r-xp 00000000 fd:02 1614955632                 /home/magnum/.gradle/native/25/linux-amd64/libnative-platform.so
7f9d8ce4a000-7f9d8d049000 ---p 00005000 fd:02 1614955632                 /home/magnum/.gradle/native/25/linux-amd64/libnative-platform.so
7f9d8d049000-7f9d8d04a000 rw-p 00004000 fd:02 1614955632                 /home/magnum/.gradle/native/25/linux-amd64/libnative-platform.so
7f9d8d04a000-7f9d8d05b000 r-xp 00000000 fd:02 3435349                    /home/Andriod/android-studio/jre/jre/lib/amd64/libnio.so
7f9d8d05b000-7f9d8d25a000 ---p 00011000 fd:02 3435349                    /home/Andriod/android-studio/jre/jre/lib/amd64/libnio.so
7f9d8d25a000-7f9d8d25b000 r--p 00010000 fd:02 3435349                    /home/Andriod/android-studio/jre/jre/lib/amd64/libnio.so
7f9d8d25b000-7f9d8d25c000 rw-p 00011000 fd:02 3435349                    /home/Andriod/android-studio/jre/jre/lib/amd64/libnio.so
7f9d8d25c000-7f9d8d272000 r-xp 00000000 fd:02 3435351                    /home/Andriod/android-studio/jre/jre/lib/amd64/libnet.so
7f9d8d272000-7f9d8d472000 ---p 00016000 fd:02 3435351                    /home/Andriod/android-studio/jre/jre/lib/amd64/libnet.so
7f9d8d472000-7f9d8d473000 r--p 00016000 fd:02 3435351                    /home/Andriod/android-studio/jre/jre/lib/amd64/libnet.so
7f9d8d473000-7f9d8d474000 rw-p 00017000 fd:02 3435351                    /home/Andriod/android-studio/jre/jre/lib/amd64/libnet.so
7f9d8d474000-7f9d8d475000 r--s 00006000 fd:02 4934765                    /home/magnum/.gradle/wrapper/dists/gradle-4.1-all/bzyivzo6n839fup2jbap0tjew/gradle-4.1/lib/gradle-wrapper-4.1.jar
7f9d8d475000-7f9d8d482000 r--s 00043000 fd:02 4934764                    /home/magnum/.gradle/wrapper/dists/gradle-4.1-all/bzyivzo6n839fup2jbap0tjew/gradle-4.1/lib/gradle-tooling-api-4.1.jar
7f9d8d482000-7f9d8d491000 r--s 000c8000 fd:02 4934761                    /home/magnum/.gradle/wrapper/dists/gradle-4.1-all/bzyivzo6n839fup2jbap0tjew/gradle-4.1/lib/kotlin-stdlib-1.1.3-2.jar
7f9d8d491000-7f9d8d4c3000 r--s 0021b000 fd:02 4934760                    /home/magnum/.gradle/wrapper/dists/gradle-4.1-all/bzyivzo6n839fup2jbap0tjew/gradle-4.1/lib/kotlin-reflect-1.1.3-2.jar
7f9d8d4c3000-7f9d8d67a000 r--s 01786000 fd:02 4934759                    /home/magnum/.gradle/wrapper/dists/gradle-4.1-all/bzyivzo6n839fup2jbap0tjew/gradle-4.1/lib/kotlin-compiler-embeddable-1.1.3-2.jar
7f9d8d67a000-7f9d8d67b000 r--s 00000000 fd:02 4934758                    /home/magnum/.gradle/wrapper/dists/gradle-4.1-all/bzyivzo6n839fup2jbap0tjew/gradle-4.1/lib/gradle-kotlin-dsl-tooling-models-0.10.3.jar
7f9d8d67b000-7f9d8d67c000 r--s 00001000 fd:02 4934756                    /home/magnum/.gradle/wrapper/dists/gradle-4.1-all/bzyivzo6n839fup2jbap0tjew/gradle-4.1/lib/gradle-kotlin-dsl-compiler-plugin-0.10.3.jar
7f9d8d67c000-7f9d8d67e000 r--s 00003000 fd:02 4934754                    /home/magnum/.gradle/wrapper/dists/gradle-4.1-all/bzyivzo6n839fup2jbap0tjew/gradle-4.1/lib/annotations-13.0.jar
7f9d8d67e000-7f9d8d688000 r--s 00073000 fd:02 4934755                    /home/magnum/.gradle/wrapper/dists/gradle-4.1-all/bzyivzo6n839fup2jbap0tjew/gradle-4.1/lib/gradle-kotlin-dsl-0.10.3.jar
7f9d8d688000-7f9d8d68d000 r--s 00013000 fd:02 4934771                    /home/magnum/.gradle/wrapper/dists/gradle-4.1-all/bzyivzo6n839fup2jbap0tjew/gradle-4.1/lib/gradle-resources-4.1.jar
7f9d8d68d000-7f9d8d68f000 r--s 00005000 fd:02 4934778                    /home/magnum/.gradle/wrapper/dists/gradle-4.1-all/bzyivzo6n839fup2jbap0tjew/gradle-4.1/lib/gradle-cli-4.1.jar
7f9d8d68f000-7f9d8d691000 r--s 00003000 fd:02 4934785                    /home/magnum/.gradle/wrapper/dists/gradle-4.1-all/bzyivzo6n839fup2jbap0tjew/gradle-4.1/lib/jcl-over-slf4j-1.7.10.jar
7f9d8d691000-7f9d8d692000 r--s 00005000 fd:02 4934784                    /home/magnum/.gradle/wrapper/dists/gradle-4.1-all/bzyivzo6n839fup2jbap0tjew/gradle-4.1/lib/log4j-over-slf4j-1.7.10.jar
7f9d8d692000-7f9d8d694000 r--s 00000000 fd:02 4934783                    /home/magnum/.gradle/wrapper/dists/gradle-4.1-all/bzyivzo6n839fup2jbap0tjew/gradle-4.1/lib/jul-to-slf4j-1.7.10.jar
7f9d8d694000-7f9d8d69b000 r--s 0002c000 fd:02 4934769                    /home/magnum/.gradle/wrapper/dists/gradle-4.1-all/bzyivzo6n839fup2jbap0tjew/gradle-4.1/lib/gradle-logging-4.1.jar
7f9d8d69b000-7f9d8d6ab000 r--s 00082000 fd:02 4934774                    /home/magnum/.gradle/wrapper/dists/gradle-4.1-all/bzyivzo6n839fup2jbap0tjew/gradle-4.1/lib/gradle-model-core-4.1.jar
7f9d8d6ab000-7f9d8d6ad000 r--s 00006000 fd:02 4934775                    /home/magnum/.gradle/wrapper/dists/gradle-4.1-all/bzyivzo6n839fup2jbap0tjew/gradle-4.1/lib/gradle-base-services-groovy-4.1.jar
7f9d8d6ad000-7f9d8d6af000 r--s 00007000 fd:02 4934773                    /home/magnum/.gradle/wrapper/dists/gradle-4.1-all/bzyivzo6n839fup2jbap0tjew/gradle-4.1/lib/gradle-model-groovy-4.1.jar
7f9d8d6af000-7f9d8d6b0000 r--s 00002000 fd:02 4934796                    /home/magnum/.gradle/wrapper/dists/gradle-4.1-all/bzyivzo6n839fup2jbap0tjew/gradle-4.1/lib/gradle-docs-4.1.jar
7f9d8d6b0000-7f9d8d6bd000 r--s 00083000 fd:02 4934794                    /home/magnum/.gradle/wrapper/dists/gradle-4.1-all/bzyivzo6n839fup2jbap0tjew/gradle-4.1/lib/commons-collections-3.2.2.jar
7f9d8d6bd000-7f9d8d6be000 r--s 00000000 fd:02 4934793                    /home/magnum/.gradle/wrapper/dists/gradle-4.1-all/bzyivzo6n839fup2jbap0tjew/gradle-4.1/lib/javax.inject-1.jar
7f9d8d6be000-7f9d8d72e000 r--s 00645000 fd:02 4934791                    /home/magnum/.gradle/wrapper/dists/gradle-4.1-all/bzyivzo6n839fup2jbap0tjew/gradle-4.1/lib/groovy-all-2.4.11.jar
7f9d8d72e000-7f9d8d731000 r--s 00023000 fd:02 4934797                    /home/magnum/.gradle/wrapper/dists/gradle-4.1-all/bzyivzo6n839fup2jbap0tjew/gradle-4.1/lib/jansi-1.14.jar
7f9d8d731000-7f9d8d732000 r--s 00004000 fd:02 4934799                    /home/magnum/.gradle/wrapper/dists/gradle-4.1-all/bzyivzo6n839fup2jbap0tjew/gradle-4.1/lib/native-platform-freebsd-amd64-libcpp-0.14.jar
7f9d8d732000-7f9d8d733000 r--s 00004000 fd:02 4934800                    /home/magnum/.gradle/wrapper/dists/gradle-4.1-all/bzyivzo6n839fup2jbap0tjew/gradle-4.1/lib/native-platform-freebsd-amd64-libstdcpp-0.14.jar
7f9d8d733000-7f9d8d734000 r--s 00004000 fd:02 4934801                    /home/magnum/.gradle/wrapper/dists/gradle-4.1-all/bzyivzo6n839fup2jbap0tjew/gradle-4.1/lib/native-platform-freebsd-i386-libcpp-0.14.jar
7f9d8d734000-7f9d8d735000 r--s 00003000 fd:02 4934802                    /home/magnum/.gradle/wrapper/dists/gradle-4.1-all/bzyivzo6n839fup2jbap0tjew/gradle-4.1/lib/native-platform-freebsd-i386-libstdcpp-0.14.jar
7f9d8d735000-7f9d8d736000 r--s 00002000 fd:02 4934803                    /home/magnum/.gradle/wrapper/dists/gradle-4.1-all/bzyivzo6n839fup2jbap0tjew/gradle-4.1/lib/native-platform-linux-amd64-0.14.jar
7f9d8d736000-7f9d8d737000 r--s 00002000 fd:02 4934804                    /home/magnum/.gradle/wrapper/dists/gradle-4.1-all/bzyivzo6n839fup2jbap0tjew/gradle-4.1/lib/native-platform-linux-i386-0.14.jar
7f9d8d737000-7f9d8d739000 r--s 00002000 fd:02 4934805                    /home/magnum/.gradle/wrapper/dists/gradle-4.1-all/bzyivzo6n839fup2jbap0tjew/gradle-4.1/lib/native-platform-osx-amd64-0.14.jar
7f9d8d739000-7f9d8d73a000 r--s 00003000 fd:02 4934806                    /home/magnum/.gradle/wrapper/dists/gradle-4.1-all/bzyivzo6n839fup2jbap0tjew/gradle-4.1/lib/native-platform-osx-i386-0.14.jar
7f9d8d73a000-7f9d8d73c000 r--s 0000b000 fd:02 4934807                    /home/magnum/.gradle/wrapper/dists/gradle-4.1-all/bzyivzo6n839fup2jbap0tjew/gradle-4.1/lib/native-platform-windows-amd64-0.14.jar
7f9d8d73c000-7f9d8d73d000 r--s 0000b000 fd:02 4934808                    /home/magnum/.gradle/wrapper/dists/gradle-4.1-all/bzyivzo6n839fup2jbap0tjew/gradle-4.1/lib/native-platform-windows-i386-0.14.jar
7f9d8d73d000-7f9d8d73e000 r--s 00001000 fd:02 4934809                    /home/magnum/.gradle/wrapper/dists/gradle-4.1-all/bzyivzo6n839fup2jbap0tjew/gradle-4.1/lib/native-platform-linux-amd64-ncurses5-0.14.jar
7f9d8d73e000-7f9d8d73f000 r--s 00001000 fd:02 4934810                    /home/magnum/.gradle/wrapper/dists/gradle-4.1-all/bzyivzo6n839fup2jbap0tjew/gradle-4.1/lib/native-platform-linux-amd64-ncurses6-0.14.jar
7f9d8d73f000-7f9d8d740000 r--s 00001000 fd:02 4934811                    /home/magnum/.gradle/wrapper/dists/gradle-4.1-all/bzyivzo6n839fup2jbap0tjew/gradle-4.1/lib/native-platform-linux-i386-ncurses5-0.14.jar
7f9d8d740000-7f9d8d741000 r--s 00001000 fd:02 4934812                    /home/magnum/.gradle/wrapper/dists/gradle-4.1-all/bzyivzo6n839fup2jbap0tjew/gradle-4.1/lib/native-platform-linux-i386-ncurses6-0.14.jar
7f9d8d741000-7f9d8d745000 r--s 00012000 fd:02 4934795                    /home/magnum/.gradle/wrapper/dists/gradle-4.1-all/bzyivzo6n839fup2jbap0tjew/gradle-4.1/lib/native-platform-0.14.jar
7f9d8d745000-7f9d8d748000 r--s 0000c000 fd:02 4934772                    /home/magnum/.gradle/wrapper/dists/gradle-4.1-all/bzyivzo6n839fup2jbap0tjew/gradle-4.1/lib/gradle-native-4.1.jar
7f9d8d748000-7f9d8d74a000 r--s 0000f000 fd:02 4934780                    /home/magnum/.gradle/wrapper/dists/gradle-4.1-all/bzyivzo6n839fup2jbap0tjew/gradle-4.1/lib/reflectasm-1.07-shaded.jar
7f9d8d74a000-7f9d8d74c000 r--s 00000000 fd:02 4934813                    /home/magnum/.gradle/wrapper/dists/gradle-4.1-all/bzyivzo6n839fup2jbap0tjew/gradle-4.1/lib/minlog-1.2.jar
7f9d8d74c000-7f9d8d74e000 r--s 00007000 fd:02 4934814                    /home/magnum/.gradle/wrapper/dists/gradle-4.1-all/bzyivzo6n839fup2jbap0tjew/gradle-4.1/lib/objenesis-1.2.jar
7f9d8d74e000-7f9d8d752000 r--s 00026000 fd:02 4934779                    /home/magnum/.gradle/wrapper/dists/gradle-4.1-all/bzyivzo6n839fup2jbap0tjew/gradle-4.1/lib/kryo-2.20.jar
7f9d8d752000-7f9d8d758000 r--s 0002b000 fd:02 4934776                    /home/magnum/.gradle/wrapper/dists/gradle-4.1-all/bzyivzo6n839fup2jbap0tjew/gradle-4.1/lib/gradle-messaging-4.1.jar
7f9d8d758000-7f9d8d75a000 r--s 00006000 fd:02 4934770                    /home/magnum/.gradle/wrapper/dists/gradle-4.1-all/bzyivzo6n839fup2jbap0tjew/gradle-4.1/lib/gradle-process-services-4.1.jar
7f9d8d75a000-7f9d8d75f000 r--s 00041000 fd:02 4934789                    /home/magnum/.gradle/wrapper/dists/gradle-4.1-all/bzyivzo6n839fup2jbap0tjew/gradle-4.1/lib/commons-lang-2.6.jar
7f9d8d75f000-7f9d8d762000 r--s 00006000 fd:02 4934788                    /home/magnum/.gradle/wrapper/dists/gradle-4.1-all/bzyivzo6n839fup2jbap0tjew/gradle-4.1/lib/jsr305-1.3.9.jar
7f9d8d762000-7f9d8d78a000 r--s 001cf000 fd:02 4934787                    /home/magnum/.gradle/wrapper/dists/gradle-4.1-all/bzyivzo6n839fup2jbap0tjew/gradle-4.1/lib/guava-jdk5-17.0.jar
7f9d8d78a000-7f9d8d7d4000 r--s 00253000 fd:02 4934767                    /home/magnum/.gradle/wrapper/dists/gradle-4.1-all/bzyivzo6n839fup2jbap0tjew/gradle-4.1/lib/gradle-core-4.1.jar
7f9d8d7d4000-7f9d8d7d5000 ---p 00000000 00:00 0 
7f9d8d7d5000-7f9d8d8d5000 rw-p 00000000 00:00 0                          [stack:5688]
7f9d8d8d5000-7f9d8d8d8000 ---p 00000000 00:00 0 
7f9d8d8d8000-7f9d8d9d6000 rw-p 00000000 00:00 0                          [stack:5687]
7f9d8d9d6000-7f9d8d9d9000 ---p 00000000 00:00 0 
7f9d8d9d9000-7f9d8dad7000 rw-p 00000000 00:00 0                          [stack:5686]
7f9d8dad7000-7f9d94000000 r--p 00000000 fd:00 100859772                  /usr/lib/locale/locale-archive
7f9d94000000-7f9d94021000 rw-p 00000000 00:00 0 
7f9d94021000-7f9d98000000 ---p 00000000 00:00 0 
7f9d98000000-7f9d98021000 rw-p 00000000 00:00 0 
7f9d98021000-7f9d9c000000 ---p 00000000 00:00 0 
7f9d9c000000-7f9d9c021000 rw-p 00000000 00:00 0 
7f9d9c021000-7f9da0000000 ---p 00000000 00:00 0 
7f9da0000000-7f9da0021000 rw-p 00000000 00:00 0 
7f9da0021000-7f9da4000000 ---p 00000000 00:00 0 
7f9da4000000-7f9da4021000 rw-p 00000000 00:00 0 
7f9da4021000-7f9da8000000 ---p 00000000 00:00 0 
7f9da8000000-7f9da8021000 rw-p 00000000 00:00 0 
7f9da8021000-7f9dac000000 ---p 00000000 00:00 0 
7f9dac000000-7f9dac021000 rw-p 00000000 00:00 0 
7f9dac021000-7f9db0000000 ---p 00000000 00:00 0 
7f9db0000000-7f9db0002000 r--s 00000000 fd:02 4934768                    /home/magnum/.gradle/wrapper/dists/gradle-4.1-all/bzyivzo6n839fup2jbap0tjew/gradle-4.1/lib/gradle-jvm-services-4.1.jar
7f9db0002000-7f9db0021000 r--s 001d1000 fd:02 4934792                    /home/magnum/.gradle/wrapper/dists/gradle-4.1-all/bzyivzo6n839fup2jbap0tjew/gradle-4.1/lib/ant-1.9.6.jar
7f9db0021000-7f9db002d000 r--s 00053000 fd:02 4934777                    /home/magnum/.gradle/wrapper/dists/gradle-4.1-all/bzyivzo6n839fup2jbap0tjew/gradle-4.1/lib/gradle-base-services-4.1.jar
7f9db002d000-7f9db0030000 ---p 00000000 00:00 0 
7f9db0030000-7f9db012e000 rw-p 00000000 00:00 0                          [stack:5685]
7f9db012e000-7f9db0131000 ---p 00000000 00:00 0 
7f9db0131000-7f9db022f000 rw-p 00000000 00:00 0                          [stack:5684]
7f9db022f000-7f9db0232000 ---p 00000000 00:00 0 
7f9db0232000-7f9db0330000 rw-p 00000000 00:00 0                          [stack:5683]
7f9db0330000-7f9db0333000 ---p 00000000 00:00 0 
7f9db0333000-7f9db0431000 rw-p 00000000 00:00 0                          [stack:5682]
7f9db0431000-7f9db0434000 ---p 00000000 00:00 0 
7f9db0434000-7f9db0532000 rw-p 00000000 00:00 0                          [stack:5681]
7f9db0532000-7f9db0533000 ---p 00000000 00:00 0 
7f9db0533000-7f9db15c6000 rw-p 00000000 00:00 0                          [stack:5680]
7f9db15c6000-7f9db1796000 r--s 03c46000 fd:02 1610981215                 /home/Andriod/android-studio/jre/jre/lib/rt.jar
7f9db1796000-7f9db420c000 rw-p 00000000 00:00 0 
7f9db420c000-7f9db420d000 ---p 00000000 00:00 0 
7f9db420d000-7f9db430d000 rw-p 00000000 00:00 0                          [stack:5679]
7f9db430d000-7f9db430e000 ---p 00000000 00:00 0 
7f9db430e000-7f9db440e000 rw-p 00000000 00:00 0                          [stack:5678]
7f9db440e000-7f9db440f000 ---p 00000000 00:00 0 
7f9db440f000-7f9db450f000 rw-p 00000000 00:00 0                          [stack:5677]
7f9db450f000-7f9db4510000 ---p 00000000 00:00 0 
7f9db4510000-7f9db4639000 rw-p 00000000 00:00 0                          [stack:5676]
7f9db4639000-7f9db4765000 ---p 00000000 00:00 0 
7f9db4765000-7f9db4789000 rw-p 00000000 00:00 0 
7f9db4789000-7f9db4810000 ---p 00000000 00:00 0 
7f9db4810000-7f9db4823000 rw-p 00000000 00:00 0 
7f9db4823000-7f9db4bd1000 ---p 00000000 00:00 0 
7f9db4bd1000-7f9db5031000 rwxp 00000000 00:00 0 
7f9db5031000-7f9dc3bd1000 ---p 00000000 00:00 0 
7f9dc3bd1000-7f9dc3beb000 r-xp 00000000 fd:02 3435332                    /home/Andriod/android-studio/jre/jre/lib/amd64/libzip.so
7f9dc3beb000-7f9dc3deb000 ---p 0001a000 fd:02 3435332                    /home/Andriod/android-studio/jre/jre/lib/amd64/libzip.so
7f9dc3deb000-7f9dc3dec000 r--p 0001a000 fd:02 3435332                    /home/Andriod/android-studio/jre/jre/lib/amd64/libzip.so
7f9dc3dec000-7f9dc3ded000 rw-p 0001b000 fd:02 3435332                    /home/Andriod/android-studio/jre/jre/lib/amd64/libzip.so
7f9dc3ded000-7f9dc3df9000 r-xp 00000000 fd:00 33909856                   /usr/lib64/libnss_files-2.17.so
7f9dc3df9000-7f9dc3ff8000 ---p 0000c000 fd:00 33909856                   /usr/lib64/libnss_files-2.17.so
7f9dc3ff8000-7f9dc3ff9000 r--p 0000b000 fd:00 33909856                   /usr/lib64/libnss_files-2.17.so
7f9dc3ff9000-7f9dc3ffa000 rw-p 0000c000 fd:00 33909856                   /usr/lib64/libnss_files-2.17.so
7f9dc3ffa000-7f9dc4000000 rw-p 00000000 00:00 0 
7f9dc4000000-7f9dc4d9e000 rw-p 00000000 00:00 0 
7f9dc4d9e000-7f9dc8000000 ---p 00000000 00:00 0 
7f9dc8000000-7f9dc8004000 r--s 00027000 fd:02 4934782                    /home/magnum/.gradle/wrapper/dists/gradle-4.1-all/bzyivzo6n839fup2jbap0tjew/gradle-4.1/lib/commons-io-2.2.jar
7f9dc8004000-7f9dc8010000 r--s 0005c000 fd:02 4934762                    /home/magnum/.gradle/wrapper/dists/gradle-4.1-all/bzyivzo6n839fup2jbap0tjew/gradle-4.1/lib/gradle-launcher-4.1.jar
7f9dc8010000-7f9dc805a000 rw-p 00000000 00:00 0 
7f9dc805a000-7f9dc8187000 ---p 00000000 00:00 0 
7f9dc8187000-7f9dc81b4000 r-xp 00000000 fd:02 3435331                    /home/Andriod/android-studio/jre/jre/lib/amd64/libjava.so
7f9dc81b4000-7f9dc83b3000 ---p 0002d000 fd:02 3435331                    /home/Andriod/android-studio/jre/jre/lib/amd64/libjava.so
7f9dc83b3000-7f9dc83b4000 r--p 0002c000 fd:02 3435331                    /home/Andriod/android-studio/jre/jre/lib/amd64/libjava.so
7f9dc83b4000-7f9dc83b6000 rw-p 0002d000 fd:02 3435331                    /home/Andriod/android-studio/jre/jre/lib/amd64/libjava.so
7f9dc83b6000-7f9dc83c6000 r-xp 00000000 fd:02 3435337                    /home/Andriod/android-studio/jre/jre/lib/amd64/libverify.so
7f9dc83c6000-7f9dc85c5000 ---p 00010000 fd:02 3435337                    /home/Andriod/android-studio/jre/jre/lib/amd64/libverify.so
7f9dc85c5000-7f9dc85c7000 r--p 0000f000 fd:02 3435337                    /home/Andriod/android-studio/jre/jre/lib/amd64/libverify.so
7f9dc85c7000-7f9dc85c8000 rw-p 00011000 fd:02 3435337                    /home/Andriod/android-studio/jre/jre/lib/amd64/libverify.so
7f9dc85c8000-7f9dc85cf000 r-xp 00000000 fd:00 35897841                   /usr/lib64/librt-2.17.so
7f9dc85cf000-7f9dc87ce000 ---p 00007000 fd:00 35897841                   /usr/lib64/librt-2.17.so
7f9dc87ce000-7f9dc87cf000 r--p 00006000 fd:00 35897841                   /usr/lib64/librt-2.17.so
7f9dc87cf000-7f9dc87d0000 rw-p 00007000 fd:00 35897841                   /usr/lib64/librt-2.17.so
7f9dc87d0000-7f9dc88d1000 r-xp 00000000 fd:00 35897822                   /usr/lib64/libm-2.17.so
7f9dc88d1000-7f9dc8ad0000 ---p 00101000 fd:00 35897822                   /usr/lib64/libm-2.17.so
7f9dc8ad0000-7f9dc8ad1000 r--p 00100000 fd:00 35897822                   /usr/lib64/libm-2.17.so
7f9dc8ad1000-7f9dc8ad2000 rw-p 00101000 fd:00 35897822                   /usr/lib64/libm-2.17.so
7f9dc8ad2000-7f9dc96ca000 r-xp 00000000 fd:02 537522554                  /home/Andriod/android-studio/jre/jre/lib/amd64/server/libjvm.so
7f9dc96ca000-7f9dc98ca000 ---p 00bf8000 fd:02 537522554                  /home/Andriod/android-studio/jre/jre/lib/amd64/server/libjvm.so
7f9dc98ca000-7f9dc9969000 r--p 00bf8000 fd:02 537522554                  /home/Andriod/android-studio/jre/jre/lib/amd64/server/libjvm.so
7f9dc9969000-7f9dc9992000 rw-p 00c97000 fd:02 537522554                  /home/Andriod/android-studio/jre/jre/lib/amd64/server/libjvm.so
7f9dc9992000-7f9dc99d6000 rw-p 00000000 00:00 0 
7f9dc99d6000-7f9dc99ed000 r-xp 00000000 fd:00 35897837                   /usr/lib64/libpthread-2.17.so
7f9dc99ed000-7f9dc9bec000 ---p 00017000 fd:00 35897837                   /usr/lib64/libpthread-2.17.so
7f9dc9bec000-7f9dc9bed000 r--p 00016000 fd:00 35897837                   /usr/lib64/libpthread-2.17.so
7f9dc9bed000-7f9dc9bee000 rw-p 00017000 fd:00 35897837                   /usr/lib64/libpthread-2.17.so
7f9dc9bee000-7f9dc9bf2000 rw-p 00000000 00:00 0 
7f9dc9bf2000-7f9dc9bf4000 r-xp 00000000 fd:00 35897820                   /usr/lib64/libdl-2.17.so
7f9dc9bf4000-7f9dc9df4000 ---p 00002000 fd:00 35897820                   /usr/lib64/libdl-2.17.so
7f9dc9df4000-7f9dc9df5000 r--p 00002000 fd:00 35897820                   /usr/lib64/libdl-2.17.so
7f9dc9df5000-7f9dc9df6000 rw-p 00003000 fd:00 35897820                   /usr/lib64/libdl-2.17.so
7f9dc9df6000-7f9dc9fae000 r-xp 00000000 fd:00 33586754                   /usr/lib64/libc-2.17.so
7f9dc9fae000-7f9dca1ae000 ---p 001b8000 fd:00 33586754                   /usr/lib64/libc-2.17.so
7f9dca1ae000-7f9dca1b2000 r--p 001b8000 fd:00 33586754                   /usr/lib64/libc-2.17.so
7f9dca1b2000-7f9dca1b4000 rw-p 001bc000 fd:00 33586754                   /usr/lib64/libc-2.17.so
7f9dca1b4000-7f9dca1b9000 rw-p 00000000 00:00 0 
7f9dca1b9000-7f9dca1cf000 r-xp 00000000 fd:02 1610981207                 /home/Andriod/android-studio/jre/lib/amd64/jli/libjli.so
7f9dca1cf000-7f9dca3ce000 ---p 00016000 fd:02 1610981207                 /home/Andriod/android-studio/jre/lib/amd64/jli/libjli.so
7f9dca3ce000-7f9dca3cf000 r--p 00015000 fd:02 1610981207                 /home/Andriod/android-studio/jre/lib/amd64/jli/libjli.so
7f9dca3cf000-7f9dca3d0000 rw-p 00016000 fd:02 1610981207                 /home/Andriod/android-studio/jre/lib/amd64/jli/libjli.so
7f9dca3d0000-7f9dca3f1000 r-xp 00000000 fd:00 35897817                   /usr/lib64/ld-2.17.so
7f9dca3f1000-7f9dca3f2000 r--s 00000000 fd:02 4934790                    /home/magnum/.gradle/wrapper/dists/gradle-4.1-all/bzyivzo6n839fup2jbap0tjew/gradle-4.1/lib/jcip-annotations-1.0.jar
7f9dca3f2000-7f9dca3f3000 r--s 00007000 fd:02 4934786                    /home/magnum/.gradle/wrapper/dists/gradle-4.1-all/bzyivzo6n839fup2jbap0tjew/gradle-4.1/lib/slf4j-api-1.7.10.jar
7f9dca3f3000-7f9dca3fb000 r--s 000bd000 fd:02 4934781                    /home/magnum/.gradle/wrapper/dists/gradle-4.1-all/bzyivzo6n839fup2jbap0tjew/gradle-4.1/lib/asm-debug-all-6.0_ALPHA.jar
7f9dca3fb000-7f9dca3fc000 r--s 00004000 fd:02 4934798                    /home/magnum/.gradle/wrapper/dists/gradle-4.1-all/bzyivzo6n839fup2jbap0tjew/gradle-4.1/lib/ant-launcher-1.9.6.jar
7f9dca3fc000-7f9dca4cd000 rw-p 00000000 00:00 0 
7f9dca4cd000-7f9dca4d0000 ---p 00000000 00:00 0 
7f9dca4d0000-7f9dca5e6000 rw-p 00000000 00:00 0                          [stack:5674]
7f9dca5e6000-7f9dca5ee000 rw-s 00000000 fd:00 34398994                   /tmp/hsperfdata_magnum/5672
7f9dca5ee000-7f9dca5ef000 rw-p 00000000 00:00 0 
7f9dca5ef000-7f9dca5f0000 r--p 00000000 00:00 0 
7f9dca5f0000-7f9dca5f1000 rw-p 00000000 00:00 0 
7f9dca5f1000-7f9dca5f2000 r--p 00021000 fd:00 35897817                   /usr/lib64/ld-2.17.so
7f9dca5f2000-7f9dca5f3000 rw-p 00022000 fd:00 35897817                   /usr/lib64/ld-2.17.so
7f9dca5f3000-7f9dca5f4000 rw-p 00000000 00:00 0 
7ffc287cf000-7ffc287f0000 rw-p 00000000 00:00 0                          [stack]
7ffc287fc000-7ffc287fe000 r-xp 00000000 00:00 0                          [vdso]
ffffffffff600000-ffffffffff601000 r-xp 00000000 00:00 0                  [vsyscall]

VM Arguments:
jvm_args: -Xmx1024m -Dfile.encoding=UTF-8 -Duser.country=US -Duser.language=en -Duser.variant 
java_command: org.gradle.launcher.daemon.bootstrap.GradleDaemon 4.1
java_class_path (initial): /home/magnum/.gradle/wrapper/dists/gradle-4.1-all/bzyivzo6n839fup2jbap0tjew/gradle-4.1/lib/gradle-launcher-4.1.jar
Launcher Type: SUN_STANDARD

Environment Variables:
PATH=/usr/lib64/qt-3.3/bin:/usr/local/bin:/usr/local/sbin:/usr/bin:/usr/sbin:/bin:/sbin:/home/magnum/.local/bin:/home/magnum/bin:
USERNAME=magnum
LD_LIBRARY_PATH=/home/Andriod/android-studio/bin:
SHELL=/bin/bash
DISPLAY=:0

Signal Handlers:
SIGSEGV: [libjvm.so+0x9ebc60], sa_mask[0]=11111111011111111101111111111110, sa_flags=SA_RESTART|SA_SIGINFO
SIGBUS: [libjvm.so+0x9ebc60], sa_mask[0]=11111111011111111101111111111110, sa_flags=SA_RESTART|SA_SIGINFO
SIGFPE: [libjvm.so+0x84cf60], sa_mask[0]=11111111011111111101111111111110, sa_flags=SA_RESTART|SA_SIGINFO
SIGPIPE: [libjvm.so+0x84cf60], sa_mask[0]=11111111011111111101111111111110, sa_flags=SA_RESTART|SA_SIGINFO
SIGXFSZ: [libjvm.so+0x84cf60], sa_mask[0]=11111111011111111101111111111110, sa_flags=SA_RESTART|SA_SIGINFO
SIGILL: [libjvm.so+0x84cf60], sa_mask[0]=11111111011111111101111111111110, sa_flags=SA_RESTART|SA_SIGINFO
SIGUSR1: SIG_DFL, sa_mask[0]=00000000000000000000000000000000, sa_flags=none
SIGUSR2: [libjvm.so+0x84ce30], sa_mask[0]=00100000000000000000000000000000, sa_flags=SA_RESTART|SA_SIGINFO
SIGHUP: [libjvm.so+0x84d020], sa_mask[0]=11111111011111111101111111111110, sa_flags=SA_RESTART|SA_SIGINFO
SIGINT: [libjvm.so+0x84d020], sa_mask[0]=11111111011111111101111111111110, sa_flags=SA_RESTART|SA_SIGINFO
SIGTERM: [libjvm.so+0x84d020], sa_mask[0]=11111111011111111101111111111110, sa_flags=SA_RESTART|SA_SIGINFO
SIGQUIT: [libjvm.so+0x84d020], sa_mask[0]=11111111011111111101111111111110, sa_flags=SA_RESTART|SA_SIGINFO


---------------  S Y S T E M  ---------------

OS:CentOS Linux release 7.4.1708 (Core) 

uname:Linux 3.10.0-693.2.2.el7.x86_64 #1 SMP Tue Sep 12 22:26:13 UTC 2017 x86_64
libc:glibc 2.17 NPTL 2.17 
rlimit: STACK 8192k, CORE 0k, NPROC 4096, NOFILE 4096, AS infinity
load average:8.00 5.65 3.74

/proc/meminfo:
MemTotal:        7917392 kB
MemFree:         1565124 kB
MemAvailable:    2570056 kB
Buffers:               0 kB
Cached:          1252172 kB
SwapCached:          168 kB
Active:          4065780 kB
Inactive:        1495212 kB
Active(anon):    3335520 kB
Inactive(anon):  1172380 kB
Active(file):     730260 kB
Inactive(file):   322832 kB
Unevictable:         336 kB
Mlocked:             336 kB
SwapTotal:       8126460 kB
SwapFree:        8121996 kB
Dirty:              1996 kB
Writeback:             0 kB
AnonPages:       4294972 kB
Mapped:           391176 kB
Shmem:            199080 kB
Slab:             382360 kB
SReclaimable:     260796 kB
SUnreclaim:       121564 kB
KernelStack:       12512 kB
PageTables:        58196 kB
NFS_Unstable:          0 kB
Bounce:                0 kB
WritebackTmp:          0 kB
CommitLimit:    12085156 kB
Committed_AS:    9508664 kB
VmallocTotal:   34359738367 kB
VmallocUsed:      285464 kB
VmallocChunk:   34358947836 kB
HardwareCorrupted:     0 kB
AnonHugePages:    763904 kB
HugePages_Total:       0
HugePages_Free:        0
HugePages_Rsvd:        0
HugePages_Surp:        0
Hugepagesize:       2048 kB
DirectMap4k:      197576 kB
DirectMap2M:     7049216 kB
DirectMap1G:     1048576 kB


CPU:total 4 (initial active 4) (4 cores per cpu, 1 threads per core) family 6 model 158 stepping 9, cmov, cx8, fxsr, mmx, sse, sse2, sse3, ssse3, sse4.1, sse4.2, popcnt, avx, avx2, aes, clmul, erms, 3dnowpref, lzcnt, tsc, tscinvbit, bmi1, bmi2, adx

/proc/cpuinfo:
processor	: 0
vendor_id	: GenuineIntel
cpu family	: 6
model		: 158
model name	: Intel(R) Core(TM) i5-7400 CPU @ 3.00GHz
stepping	: 9
microcode	: 0x48
cpu MHz		: 3327.304
cache size	: 6144 KB
physical id	: 0
siblings	: 4
core id		: 0
cpu cores	: 4
apicid		: 0
initial apicid	: 0
fpu		: yes
fpu_exception	: yes
cpuid level	: 22
wp		: yes
flags		: fpu vme de pse tsc msr pae mce cx8 apic sep mtrr pge mca cmov pat pse36 clflush dts acpi mmx fxsr sse sse2 ss ht tm pbe syscall nx pdpe1gb rdtscp lm constant_tsc art arch_perfmon pebs bts rep_good nopl xtopology nonstop_tsc aperfmperf eagerfpu pni pclmulqdq dtes64 monitor ds_cpl vmx est tm2 ssse3 fma cx16 xtpr pdcm pcid sse4_1 sse4_2 x2apic movbe popcnt tsc_deadline_timer aes xsave avx f16c rdrand lahf_lm abm 3dnowprefetch epb intel_pt tpr_shadow vnmi flexpriority ept vpid fsgsbase tsc_adjust bmi1 avx2 smep bmi2 erms invpcid mpx rdseed adx smap clflushopt xsaveopt xsavec xgetbv1 dtherm ida arat pln pts hwp hwp_notify hwp_act_window hwp_epp
bogomips	: 6000.00
clflush size	: 64
cache_alignment	: 64
address sizes	: 39 bits physical, 48 bits virtual
power management:

processor	: 1
vendor_id	: GenuineIntel
cpu family	: 6
model		: 158
model name	: Intel(R) Core(TM) i5-7400 CPU @ 3.00GHz
stepping	: 9
microcode	: 0x48
cpu MHz		: 3327.304
cache size	: 6144 KB
physical id	: 0
siblings	: 4
core id		: 1
cpu cores	: 4
apicid		: 2
initial apicid	: 2
fpu		: yes
fpu_exception	: yes
cpuid level	: 22
wp		: yes
flags		: fpu vme de pse tsc msr pae mce cx8 apic sep mtrr pge mca cmov pat pse36 clflush dts acpi mmx fxsr sse sse2 ss ht tm pbe syscall nx pdpe1gb rdtscp lm constant_tsc art arch_perfmon pebs bts rep_good nopl xtopology nonstop_tsc aperfmperf eagerfpu pni pclmulqdq dtes64 monitor ds_cpl vmx est tm2 ssse3 fma cx16 xtpr pdcm pcid sse4_1 sse4_2 x2apic movbe popcnt tsc_deadline_timer aes xsave avx f16c rdrand lahf_lm abm 3dnowprefetch epb intel_pt tpr_shadow vnmi flexpriority ept vpid fsgsbase tsc_adjust bmi1 avx2 smep bmi2 erms invpcid mpx rdseed adx smap clflushopt xsaveopt xsavec xgetbv1 dtherm ida arat pln pts hwp hwp_notify hwp_act_window hwp_epp
bogomips	: 6000.00
clflush size	: 64
cache_alignment	: 64
address sizes	: 39 bits physical, 48 bits virtual
power management:

processor	: 2
vendor_id	: GenuineIntel
cpu family	: 6
model		: 158
model name	: Intel(R) Core(TM) i5-7400 CPU @ 3.00GHz
stepping	: 9
microcode	: 0x48
cpu MHz		: 3327.304
cache size	: 6144 KB
physical id	: 0
siblings	: 4
core id		: 2
cpu cores	: 4
apicid		: 4
initial apicid	: 4
fpu		: yes
fpu_exception	: yes
cpuid level	: 22
wp		: yes
flags		: fpu vme de pse tsc msr pae mce cx8 apic sep mtrr pge mca cmov pat pse36 clflush dts acpi mmx fxsr sse sse2 ss ht tm pbe syscall nx pdpe1gb rdtscp lm constant_tsc art arch_perfmon pebs bts rep_good nopl xtopology nonstop_tsc aperfmperf eagerfpu pni pclmulqdq dtes64 monitor ds_cpl vmx est tm2 ssse3 fma cx16 xtpr pdcm pcid sse4_1 sse4_2 x2apic movbe popcnt tsc_deadline_timer aes xsave avx f16c rdrand lahf_lm abm 3dnowprefetch epb intel_pt tpr_shadow vnmi flexpriority ept vpid fsgsbase tsc_adjust bmi1 avx2 smep bmi2 erms invpcid mpx rdseed adx smap clflushopt xsaveopt xsavec xgetbv1 dtherm ida arat pln pts hwp hwp_notify hwp_act_window hwp_epp
bogomips	: 6000.00
clflush size	: 64
cache_alignment	: 64
address sizes	: 39 bits physical, 48 bits virtual
power management:

processor	: 3
vendor_id	: GenuineIntel
cpu family	: 6
model		: 158
model name	: Intel(R) Core(TM) i5-7400 CPU @ 3.00GHz
stepping	: 9
microcode	: 0x48
cpu MHz		: 3299.882
cache size	: 6144 KB
physical id	: 0
siblings	: 4
core id		: 3
cpu cores	: 4
apicid		: 6
initial apicid	: 6
fpu		: yes
fpu_exception	: yes
cpuid level	: 22
wp		: yes
flags		: fpu vme de pse tsc msr pae mce cx8 apic sep mtrr pge mca cmov pat pse36 clflush dts acpi mmx fxsr sse sse2 ss ht tm pbe syscall nx pdpe1gb rdtscp lm constant_tsc art arch_perfmon pebs bts rep_good nopl xtopology nonstop_tsc aperfmperf eagerfpu pni pclmulqdq dtes64 monitor ds_cpl vmx est tm2 ssse3 fma cx16 xtpr pdcm pcid sse4_1 sse4_2 x2apic movbe popcnt tsc_deadline_timer aes xsave avx f16c rdrand lahf_lm abm 3dnowprefetch epb intel_pt tpr_shadow vnmi flexpriority ept vpid fsgsbase tsc_adjust bmi1 avx2 smep bmi2 erms invpcid mpx rdseed adx smap clflushopt xsaveopt xsavec xgetbv1 dtherm ida arat pln pts hwp hwp_notify hwp_act_window hwp_epp
bogomips	: 6000.00
clflush size	: 64
cache_alignment	: 64
address sizes	: 39 bits physical, 48 bits virtual
power management:



Memory: 4k page, physical 7917392k(1565124k free), swap 8126460k(8121996k free)

vm_info: OpenJDK 64-Bit Server VM (25.152-b01) for linux-amd64 JRE (1.8.0_152-release-915-b01), built by "builder" with gcc 4.8.4

time: Mon Mar 19 15:05:44 2018
elapsed time: 1 seconds (0d 0h 0m 1s)

