#
# A fatal error has been detected by the Java Runtime Environment:
#
#  SIGSEGV (0xb) at pc=0x00007f7c033dbc4d, pid=5618, tid=0x00007f7bec3f3700
#
# JRE version: OpenJDK Runtime Environment (8.0_152-b01) (build 1.8.0_152-release-915-b01)
# Java VM: OpenJDK 64-Bit Server VM (25.152-b01 mixed mode linux-amd64 compressed oops)
# Problematic frame:
# V  [libjvm.so+0x4bbc4d]  DebugInformationRecorder::create_scope_values(GrowableArray<ScopeValue*>*)+0x5d
#
# Failed to write core dump. Core dumps have been disabled. To enable core dumping, try "ulimit -c unlimited" before starting Java again
#
# If you would like to submit a bug report, please visit:
#   http://bugreport.java.com/bugreport/crash.jsp
#

---------------  T H R E A D  ---------------

Current thread (0x00007f7bfc0bc800):  JavaThread "C1 CompilerThread2" daemon [_thread_in_native, id=5632, stack(0x00007f7bec2f3000,0x00007f7bec3f4000)]

siginfo: si_signo: 11 (SIGSEGV), si_code: 1 (SEGV_MAPERR), si_addr: 0x0000200001048070

Registers:
RAX=0x00007f7bbc432360, RBX=0x000000000000000e, RCX=0x00007f7bbced8c10, RDX=0x0000000000000379
RSP=0x00007f7bec3f21d0, RBP=0x00007f7bec3f21f0, RSI=0x00007f7bbced8bf0, RDI=0x0000200001048070
R8 =0x0000000000001cc1, R9 =0x0000000000000070, R10=0x000000000000000a, R11=0x00007f7bec3f2840
R12=0x00007f7bbc432340, R13=0x0000000000000354, R14=0x00007f7bfc0bd4d0, R15=0x00007f7bed072963
RIP=0x00007f7c033dbc4d, EFLAGS=0x0000000000010212, CSGSFS=0x0000000000000033, ERR=0x0000000000000004
  TRAPNO=0x000000000000000e

Top of Stack: (sp=0x00007f7bec3f21d0)
0x00007f7bec3f21d0:   00007f7bfc0bd4d0 00007f7bbc432440
0x00007f7bec3f21e0:   0000000000000000 0000000000001fc3
0x00007f7bec3f21f0:   00007f7bec3f2290 00007f7c0326ee40
0x00007f7bec3f2200:   00007f7bec3fa000 00007f7c033639f7
0x00007f7bec3f2210:   00007f7bec3f2390 00007f7bec3f2200
0x00007f7bec3f2220:   0000000000000004 00007f7bed070000
0x00007f7bec3f2230:   00007f7bec3f2290 00007f7c033639f7
0x00007f7bec3f2240:   0000000000000000 0000000000000000
0x00007f7bec3f2250:   0000000000000000 00007f7bed072963
0x00007f7bec3f2260:   00007f7bec3f2290 00007f7bec3f2470
0x00007f7bec3f2270:   0000000000001fc3 00007f7bbcc2b740
0x00007f7bec3f2280:   00007f7bec3f22a0 00007f7bed072963
0x00007f7bec3f2290:   00007f7bec3f2300 00007f7c0327edbe
0x00007f7bec3f22a0:   00007f7c03db18b0 00007f7bec3f21f0
0x00007f7bec3f22b0:   0000000000000000 0000000000000000
0x00007f7bec3f22c0:   00007f7c03db18b0 00007f7bec3f2210
0x00007f7bec3f22d0:   00007f7c03db1550 00007f7bec3f2470
0x00007f7bec3f22e0:   00007f7bbcc2b740 0000000000001fc3
0x00007f7bec3f22f0:   00007f7bed0709a0 00007f7bec3f2470
0x00007f7bec3f2300:   00007f7bec3f23f0 00007f7c0328342f
0x00007f7bec3f2310:   00000960ffffffff 00007f7c03db1430
0x00007f7bec3f2320:   00007f7bec3f23f0 00007f7c0328d300
0x00007f7bec3f2330:   00007f7bec3f2390 00007f7c03280143
0x00007f7bec3f2340:   00000098ffffffff 0000000000000000
0x00007f7bec3f2350:   00007f7c03db18b0 00007f7bec3f2210
0x00007f7bec3f2360:   00007f7c03db1550 0000000000000000
0x00007f7bec3f2370:   0000000000000000 0000000000000000
0x00007f7bec3f2380:   00007f7c04a3d100 00007f7bec3f2470
0x00007f7bec3f2390:   00007f7bec3f23f0 00007f7c03280489
0x00007f7bec3f23a0:   00007f7bec3f23d0 00007f7c03205544
0x00007f7bec3f23b0:   00007f7bec3f23f0 00007f7c03201bb4
0x00007f7bec3f23c0:   00007f7bec3f2470 00000000000000b8 

Instructions: (pc=0x00007f7c033dbc4d)
0x00007f7c033dbc2d:   41 8b 04 24 31 db 85 c0 7e 29 66 0f 1f 84 00 00
0x00007f7c033dbc3d:   00 00 00 49 8b 44 24 18 49 8b 76 10 48 8b 3c d8
0x00007f7c033dbc4d:   48 8b 0f ff 51 38 8d 43 01 48 83 c3 01 41 39 04
0x00007f7c033dbc5d:   24 7f e0 41 80 7e 08 00 75 39 49 63 c5 5b 41 5c 

Register to memory mapping:

RAX=0x00007f7bbc432360 is an unknown value
RBX=0x000000000000000e is an unknown value
RCX=0x00007f7bbced8c10 is an unknown value
RDX=0x0000000000000379 is an unknown value
RSP=0x00007f7bec3f21d0 is pointing into the stack for thread: 0x00007f7bfc0bc800
RBP=0x00007f7bec3f21f0 is pointing into the stack for thread: 0x00007f7bfc0bc800
RSI=0x00007f7bbced8bf0 is an unknown value
RDI=0x0000200001048070 is an unknown value
R8 =0x0000000000001cc1 is an unknown value
R9 =0x0000000000000070 is an unknown value
R10=0x000000000000000a is an unknown value
R11=0x00007f7bec3f2840 is pointing into the stack for thread: 0x00007f7bfc0bc800
R12=0x00007f7bbc432340 is an unknown value
R13=0x0000000000000354 is an unknown value
R14=0x00007f7bfc0bd4d0 is an unknown value
R15=0x00007f7bed072963 is at code_begin+8131 in 
[CodeBlob (0x00007f7bed070950)]
Framesize: 0
BufferBlob (0x00007f7bed070950) used for C1 temporary CodeBuffer


Stack: [0x00007f7bec2f3000,0x00007f7bec3f4000],  sp=0x00007f7bec3f21d0,  free space=1020k
Native frames: (J=compiled Java code, j=interpreted, Vv=VM code, C=native code)
V  [libjvm.so+0x4bbc4d]  DebugInformationRecorder::create_scope_values(GrowableArray<ScopeValue*>*)+0x5d
V  [libjvm.so+0x34ee40]  CodeEmitInfo::record_debug_info(DebugInformationRecorder*, int)+0x430
V  [libjvm.so+0x35edbe]  LIR_Assembler::add_debug_info_for_branch(CodeEmitInfo*)+0x7e
V  [libjvm.so+0x36342f]  LIR_Assembler::safepoint_poll(LIR_OprDesc*, CodeEmitInfo*)+0x7f
V  [libjvm.so+0x35f477]  LIR_Assembler::emit_code(BlockList*)+0xf7
V  [libjvm.so+0x331e88]  Compilation::emit_code_body()+0x118
V  [libjvm.so+0x3322f2]  Compilation::compile_java_method()+0x352
V  [libjvm.so+0x33246a]  Compilation::compile_method()+0x7a
V  [libjvm.so+0x332923]  Compilation::Compilation(AbstractCompiler*, ciEnv*, ciMethod*, int, BufferBlob*)+0x243
V  [libjvm.so+0x333648]  Compiler::compile_method(ciEnv*, ciMethod*, int)+0xa8
V  [libjvm.so+0x471ad2]  CompileBroker::invoke_compiler_on_method(CompileTask*)+0x8b2
V  [libjvm.so+0x472988]  CompileBroker::compiler_thread_loop()+0x4e8
V  [libjvm.so+0x996db8]  JavaThread::thread_main_inner()+0xd8
V  [libjvm.so+0x84e792]  java_start(Thread*)+0xf2
C  [libpthread.so.0+0x7e25]  start_thread+0xc5


Current CompileTask:
C1:   1679 1875   !   3       java.util.concurrent.ConcurrentHashMap::transfer (832 bytes)


---------------  P R O C E S S  ---------------

Java Threads: ( => current thread )
  0x00007f7b8c1e0000 JavaThread "Cache worker for file hash cache (/home/Andriod/MyFiles/CollegeNotification/.gradle/4.1/fileHashes)" [_thread_blocked, id=5649, stack(0x00007f7bdfcff000,0x00007f7bdfe00000)]
  0x00007f7b8c115800 JavaThread "File lock request listener" [_thread_in_native, id=5648, stack(0x00007f7be4016000,0x00007f7be4117000)]
  0x00007f7b8c119000 JavaThread "Cache worker for file hash cache (/home/magnum/.gradle/caches/4.1/fileHashes)" [_thread_blocked, id=5647, stack(0x00007f7be4117000,0x00007f7be4218000)]
  0x00007f7b8c013800 JavaThread "Stdin handler" [_thread_blocked, id=5646, stack(0x00007f7be4418000,0x00007f7be4519000)]
  0x00007f7b8c004000 JavaThread "Asynchronous log dispatcher for DefaultDaemonConnection: socket connection from /127.0.0.1:43495 to /127.0.0.1:48958" [_thread_blocked, id=5645, stack(0x00007f7be4519000,0x00007f7be461a000)]
  0x00007f7ba0008000 JavaThread "Daemon worker" [_thread_in_vm, id=5642, stack(0x00007f7be461a000,0x00007f7be471b000)]
  0x00007f7ba0006800 JavaThread "Cancel handler" [_thread_blocked, id=5641, stack(0x00007f7be471b000,0x00007f7be481c000)]
  0x00007f7ba0004000 JavaThread "Handler for socket connection from /127.0.0.1:43495 to /127.0.0.1:48958" [_thread_in_native, id=5640, stack(0x00007f7be481c000,0x00007f7be491d000)]
  0x00007f7ba8039800 JavaThread "Daemon" [_thread_blocked, id=5639, stack(0x00007f7be491d000,0x00007f7be4a1e000)]
  0x00007f7bfcd7f800 JavaThread "Daemon periodic checks" [_thread_blocked, id=5638, stack(0x00007f7be4a1e000,0x00007f7be4b1f000)]
  0x00007f7bfcd59000 JavaThread "Incoming local TCP Connector on port 43495" [_thread_in_native, id=5637, stack(0x00007f7be4b26000,0x00007f7be4c27000)]
  0x00007f7bfc0d2000 JavaThread "Service Thread" daemon [_thread_blocked, id=5633, stack(0x00007f7bec1f2000,0x00007f7bec2f3000)]
=>0x00007f7bfc0bc800 JavaThread "C1 CompilerThread2" daemon [_thread_in_native, id=5632, stack(0x00007f7bec2f3000,0x00007f7bec3f4000)]
  0x00007f7bfc0bb000 JavaThread "C2 CompilerThread1" daemon [_thread_in_native, id=5631, stack(0x00007f7bec3f4000,0x00007f7bec4f5000)]
  0x00007f7bfc0b8000 JavaThread "C2 CompilerThread0" daemon [_thread_in_native, id=5630, stack(0x00007f7bec4f5000,0x00007f7bec5f6000)]
  0x00007f7bfc0b6800 JavaThread "Signal Dispatcher" daemon [_thread_blocked, id=5629, stack(0x00007f7bec5f6000,0x00007f7bec6f7000)]
  0x00007f7bfc083800 JavaThread "Finalizer" daemon [_thread_blocked, id=5628, stack(0x00007f7bec6f7000,0x00007f7bec7f8000)]
  0x00007f7bfc07f000 JavaThread "Reference Handler" daemon [_thread_blocked, id=5627, stack(0x00007f7bec7f8000,0x00007f7bec8f9000)]
  0x00007f7bfc009800 JavaThread "main" [_thread_blocked, id=5620, stack(0x00007f7c0491b000,0x00007f7c04a1c000)]

Other Threads:
  0x00007f7bfc077800 VMThread [stack: 0x00007f7bec8f9000,0x00007f7bec9fa000] [id=5626]
  0x00007f7bfc0d4800 WatcherThread [stack: 0x00007f7bec0f1000,0x00007f7bec1f2000] [id=5634]

VM state:not at safepoint (normal execution)

VM Mutex/Monitor currently owned by a thread: None

Heap:
 PSYoungGen      total 130048K, used 40535K [0x00000000eab00000, 0x00000000f2f00000, 0x0000000100000000)
  eden space 124928K, 32% used [0x00000000eab00000,0x00000000ed295d98,0x00000000f2500000)
  from space 5120K, 0% used [0x00000000f2a00000,0x00000000f2a00000,0x00000000f2f00000)
  to   space 5120K, 0% used [0x00000000f2500000,0x00000000f2500000,0x00000000f2a00000)
 ParOldGen       total 56832K, used 7430K [0x00000000c0000000, 0x00000000c3780000, 0x00000000eab00000)
  object space 56832K, 13% used [0x00000000c0000000,0x00000000c07418b0,0x00000000c3780000)
 Metaspace       used 24032K, capacity 24474K, committed 24832K, reserved 1071104K
  class space    used 3330K, capacity 3504K, committed 3584K, reserved 1048576K

Card table byte_map: [0x00007f7c01be5000,0x00007f7c01de6000] byte_map_base: 0x00007f7c015e5000

Marking Bits: (ParMarkBitMap*) 0x00007f7c03df53e0
 Begin Bits: [0x00007f7be6000000, 0x00007f7be7000000)
 End Bits:   [0x00007f7be7000000, 0x00007f7be8000000)

Polling page: 0x00007f7c04a3d000

CodeCache: size=245760Kb used=6941Kb max_used=6941Kb free=238818Kb
 bounds [0x00007f7bed000000, 0x00007f7bed6d0000, 0x00007f7bfc000000]
 total_blobs=2486 nmethods=1864 adapters=536
 compilation: enabled

Compilation events (10 events):
Event: 1.664 Thread 0x00007f7bfc0bc800 nmethod 1870 0x00007f7bed6c7ad0 code [0x00007f7bed6c7cc0, 0x00007f7bed6c8728]
Event: 1.668 Thread 0x00007f7bfc0bc800 1871       3       org.gradle.internal.service.DefaultServiceRegistry::access$1200 (4 bytes)
Event: 1.668 Thread 0x00007f7bfc0bc800 nmethod 1871 0x00007f7bed6c8b90 code [0x00007f7bed6c8ce0, 0x00007f7bed6c8e10]
Event: 1.671 Thread 0x00007f7bfc0bc800 1872       3       java.util.Objects::hashCode (13 bytes)
Event: 1.671 Thread 0x00007f7bfc0bc800 nmethod 1872 0x00007f7bed6c8e90 code [0x00007f7bed6c9000, 0x00007f7bed6c9248]
Event: 1.671 Thread 0x00007f7bfc0bc800 1873       3       org.gradle.internal.service.DefaultServiceRegistry$ParameterizedTypeSpec::isSatisfiedBy (9 bytes)
Event: 1.671 Thread 0x00007f7bfc0bc800 nmethod 1873 0x00007f7bed6c9310 code [0x00007f7bed6c9480, 0x00007f7bed6c9728]
Event: 1.671 Thread 0x00007f7bfc0bc800 1874       3       org.gradle.internal.service.DefaultServiceRegistry$ParameterizedTypeSpec::isSatisfiedBy (90 bytes)
Event: 1.672 Thread 0x00007f7bfc0bc800 nmethod 1874 0x00007f7bed6c97d0 code [0x00007f7bed6c99e0, 0x00007f7bed6ca4b8]
Event: 1.674 Thread 0x00007f7bfc0bc800 1875   !   3       java.util.concurrent.ConcurrentHashMap::transfer (832 bytes)

GC Heap History (10 events):
Event: 0.292 GC heap before
{Heap before GC invocations=1 (full 0):
 PSYoungGen      total 36352K, used 31232K [0x00000000eab00000, 0x00000000ed380000, 0x0000000100000000)
  eden space 31232K, 100% used [0x00000000eab00000,0x00000000ec980000,0x00000000ec980000)
  from space 5120K, 0% used [0x00000000ece80000,0x00000000ece80000,0x00000000ed380000)
  to   space 5120K, 0% used [0x00000000ec980000,0x00000000ec980000,0x00000000ece80000)
 ParOldGen       total 83456K, used 0K [0x00000000c0000000, 0x00000000c5180000, 0x00000000eab00000)
  object space 83456K, 0% used [0x00000000c0000000,0x00000000c0000000,0x00000000c5180000)
 Metaspace       used 6409K, capacity 6638K, committed 6784K, reserved 1056768K
  class space    used 790K, capacity 875K, committed 896K, reserved 1048576K
Event: 0.298 GC heap after
Heap after GC invocations=1 (full 0):
 PSYoungGen      total 36352K, used 3771K [0x00000000eab00000, 0x00000000ef200000, 0x0000000100000000)
  eden space 31232K, 0% used [0x00000000eab00000,0x00000000eab00000,0x00000000ec980000)
  from space 5120K, 73% used [0x00000000ec980000,0x00000000ecd2ec48,0x00000000ece80000)
  to   space 5120K, 0% used [0x00000000eed00000,0x00000000eed00000,0x00000000ef200000)
 ParOldGen       total 83456K, used 8K [0x00000000c0000000, 0x00000000c5180000, 0x00000000eab00000)
  object space 83456K, 0% used [0x00000000c0000000,0x00000000c0002000,0x00000000c5180000)
 Metaspace       used 6409K, capacity 6638K, committed 6784K, reserved 1056768K
  class space    used 790K, capacity 875K, committed 896K, reserved 1048576K
}
Event: 0.577 GC heap before
{Heap before GC invocations=2 (full 0):
 PSYoungGen      total 36352K, used 35003K [0x00000000eab00000, 0x00000000ef200000, 0x0000000100000000)
  eden space 31232K, 100% used [0x00000000eab00000,0x00000000ec980000,0x00000000ec980000)
  from space 5120K, 73% used [0x00000000ec980000,0x00000000ecd2ec48,0x00000000ece80000)
  to   space 5120K, 0% used [0x00000000eed00000,0x00000000eed00000,0x00000000ef200000)
 ParOldGen       total 83456K, used 8K [0x00000000c0000000, 0x00000000c5180000, 0x00000000eab00000)
  object space 83456K, 0% used [0x00000000c0000000,0x00000000c0002000,0x00000000c5180000)
 Metaspace       used 11538K, capacity 11796K, committed 11904K, reserved 1058816K
  class space    used 1543K, capacity 1662K, committed 1664K, reserved 1048576K
Event: 0.586 GC heap after
Heap after GC invocations=2 (full 0):
 PSYoungGen      total 67584K, used 5111K [0x00000000eab00000, 0x00000000ef200000, 0x0000000100000000)
  eden space 62464K, 0% used [0x00000000eab00000,0x00000000eab00000,0x00000000ee800000)
  from space 5120K, 99% used [0x00000000eed00000,0x00000000ef1fdfe0,0x00000000ef200000)
  to   space 5120K, 0% used [0x00000000ee800000,0x00000000ee800000,0x00000000eed00000)
 ParOldGen       total 83456K, used 364K [0x00000000c0000000, 0x00000000c5180000, 0x00000000eab00000)
  object space 83456K, 0% used [0x00000000c0000000,0x00000000c005b328,0x00000000c5180000)
 Metaspace       used 11538K, capacity 11796K, committed 11904K, reserved 1058816K
  class space    used 1543K, capacity 1662K, committed 1664K, reserved 1048576K
}
Event: 1.241 GC heap before
{Heap before GC invocations=3 (full 0):
 PSYoungGen      total 67584K, used 67575K [0x00000000eab00000, 0x00000000ef200000, 0x0000000100000000)
  eden space 62464K, 100% used [0x00000000eab00000,0x00000000ee800000,0x00000000ee800000)
  from space 5120K, 99% used [0x00000000eed00000,0x00000000ef1fdfe0,0x00000000ef200000)
  to   space 5120K, 0% used [0x00000000ee800000,0x00000000ee800000,0x00000000eed00000)
 ParOldGen       total 83456K, used 364K [0x00000000c0000000, 0x00000000c5180000, 0x00000000eab00000)
  object space 83456K, 0% used [0x00000000c0000000,0x00000000c005b328,0x00000000c5180000)
 Metaspace       used 20070K, capacity 20552K, committed 20736K, reserved 1067008K
  class space    used 2802K, capacity 2973K, committed 3072K, reserved 1048576K
Event: 1.249 GC heap after
Heap after GC invocations=3 (full 0):
 PSYoungGen      total 67584K, used 5114K [0x00000000eab00000, 0x00000000f2f00000, 0x0000000100000000)
  eden space 62464K, 0% used [0x00000000eab00000,0x00000000eab00000,0x00000000ee800000)
  from space 5120K, 99% used [0x00000000ee800000,0x00000000eecfe878,0x00000000eed00000)
  to   space 5120K, 0% used [0x00000000f2a00000,0x00000000f2a00000,0x00000000f2f00000)
 ParOldGen       total 83456K, used 7547K [0x00000000c0000000, 0x00000000c5180000, 0x00000000eab00000)
  object space 83456K, 9% used [0x00000000c0000000,0x00000000c075ed70,0x00000000c5180000)
 Metaspace       used 20070K, capacity 20552K, committed 20736K, reserved 1067008K
  class space    used 2802K, capacity 2973K, committed 3072K, reserved 1048576K
}
Event: 1.324 GC heap before
{Heap before GC invocations=4 (full 0):
 PSYoungGen      total 67584K, used 12235K [0x00000000eab00000, 0x00000000f2f00000, 0x0000000100000000)
  eden space 62464K, 11% used [0x00000000eab00000,0x00000000eb1f4390,0x00000000ee800000)
  from space 5120K, 99% used [0x00000000ee800000,0x00000000eecfe878,0x00000000eed00000)
  to   space 5120K, 0% used [0x00000000f2a00000,0x00000000f2a00000,0x00000000f2f00000)
 ParOldGen       total 83456K, used 7547K [0x00000000c0000000, 0x00000000c5180000, 0x00000000eab00000)
  object space 83456K, 9% used [0x00000000c0000000,0x00000000c075ed70,0x00000000c5180000)
 Metaspace       used 20693K, capacity 21128K, committed 21248K, reserved 1067008K
  class space    used 2878K, capacity 3037K, committed 3072K, reserved 1048576K
Event: 1.330 GC heap after
Heap after GC invocations=4 (full 0):
 PSYoungGen      total 130048K, used 5108K [0x00000000eab00000, 0x00000000f2f00000, 0x0000000100000000)
  eden space 124928K, 0% used [0x00000000eab00000,0x00000000eab00000,0x00000000f2500000)
  from space 5120K, 99% used [0x00000000f2a00000,0x00000000f2efd020,0x00000000f2f00000)
  to   space 5120K, 0% used [0x00000000f2500000,0x00000000f2500000,0x00000000f2a00000)
 ParOldGen       total 83456K, used 8410K [0x00000000c0000000, 0x00000000c5180000, 0x00000000eab00000)
  object space 83456K, 10% used [0x00000000c0000000,0x00000000c0836a20,0x00000000c5180000)
 Metaspace       used 20693K, capacity 21128K, committed 21248K, reserved 1067008K
  class space    used 2878K, capacity 3037K, committed 3072K, reserved 1048576K
}
Event: 1.330 GC heap before
{Heap before GC invocations=5 (full 1):
 PSYoungGen      total 130048K, used 5108K [0x00000000eab00000, 0x00000000f2f00000, 0x0000000100000000)
  eden space 124928K, 0% used [0x00000000eab00000,0x00000000eab00000,0x00000000f2500000)
  from space 5120K, 99% used [0x00000000f2a00000,0x00000000f2efd020,0x00000000f2f00000)
  to   space 5120K, 0% used [0x00000000f2500000,0x00000000f2500000,0x00000000f2a00000)
 ParOldGen       total 83456K, used 8410K [0x00000000c0000000, 0x00000000c5180000, 0x00000000eab00000)
  object space 83456K, 10% used [0x00000000c0000000,0x00000000c0836a20,0x00000000c5180000)
 Metaspace       used 20693K, capacity 21128K, committed 21248K, reserved 1067008K
  class space    used 2878K, capacity 3037K, committed 3072K, reserved 1048576K
Event: 1.355 GC heap after
Heap after GC invocations=5 (full 1):
 PSYoungGen      total 130048K, used 0K [0x00000000eab00000, 0x00000000f2f00000, 0x0000000100000000)
  eden space 124928K, 0% used [0x00000000eab00000,0x00000000eab00000,0x00000000f2500000)
  from space 5120K, 0% used [0x00000000f2a00000,0x00000000f2a00000,0x00000000f2f00000)
  to   space 5120K, 0% used [0x00000000f2500000,0x00000000f2500000,0x00000000f2a00000)
 ParOldGen       total 56832K, used 7430K [0x00000000c0000000, 0x00000000c3780000, 0x00000000eab00000)
  object space 56832K, 13% used [0x00000000c0000000,0x00000000c07418b0,0x00000000c3780000)
 Metaspace       used 20693K, capacity 21128K, committed 21248K, reserved 1067008K
  class space    used 2878K, capacity 3037K, committed 3072K, reserved 1048576K
}

Deoptimization events (10 events):
Event: 1.108 Thread 0x00007f7ba0008000 Uncommon trap: reason=class_check action=maybe_recompile pc=0x00007f7bed291368 method=sun.misc.URLClassPath.getResource(Ljava/lang/String;Z)Lsun/misc/Resource; @ 62
Event: 1.120 Thread 0x00007f7ba0008000 Uncommon trap: reason=unstable_if action=reinterpret pc=0x00007f7bed227eac method=java.io.UnixFileSystem.normalize(Ljava/lang/String;)Ljava/lang/String; @ 60
Event: 1.469 Thread 0x00007f7ba0008000 Uncommon trap: reason=unstable_if action=reinterpret pc=0x00007f7bed39068c method=java.util.HashMap.hash(Ljava/lang/Object;)I @ 1
Event: 1.509 Thread 0x00007f7ba0008000 Uncommon trap: reason=unstable_if action=reinterpret pc=0x00007f7bed393ad4 method=java.util.HashMap.getNode(ILjava/lang/Object;)Ljava/util/HashMap$Node; @ 53
Event: 1.509 Thread 0x00007f7ba0008000 Uncommon trap: reason=unstable_if action=reinterpret pc=0x00007f7bed37c424 method=java.util.HashMap.hash(Ljava/lang/Object;)I @ 1
Event: 1.536 Thread 0x00007f7ba0008000 Uncommon trap: reason=class_check action=maybe_recompile pc=0x00007f7bed4e9244 method=java.lang.reflect.Method.equals(Ljava/lang/Object;)Z @ 5
Event: 1.537 Thread 0x00007f7ba0008000 Uncommon trap: reason=class_check action=maybe_recompile pc=0x00007f7bed4e9244 method=java.lang.reflect.Method.equals(Ljava/lang/Object;)Z @ 5
Event: 1.588 Thread 0x00007f7ba0008000 Uncommon trap: reason=unstable_if action=reinterpret pc=0x00007f7bed30b674 method=java.util.LinkedHashMap.afterNodeInsertion(Z)V @ 1
Event: 1.604 Thread 0x00007f7ba0008000 Uncommon trap: reason=class_check action=maybe_recompile pc=0x00007f7bed4e9244 method=java.lang.reflect.Method.equals(Ljava/lang/Object;)Z @ 5
Event: 1.604 Thread 0x00007f7ba0008000 Uncommon trap: reason=class_check action=maybe_recompile pc=0x00007f7bed4e9244 method=java.lang.reflect.Method.equals(Ljava/lang/Object;)Z @ 5

Classes redefined (0 events):
No events

Internal exceptions (10 events):
Event: 1.469 Thread 0x00007f7ba0008000 Implicit null exception at 0x00007f7bed390475 to 0x00007f7bed39067d
Event: 1.509 Thread 0x00007f7ba0008000 Implicit null exception at 0x00007f7bed37bdfb to 0x00007f7bed37c411
Event: 1.615 Thread 0x00007f7ba0008000 Exception <a 'java/lang/ClassNotFoundException': org/gradle/internal/metaobject/ConfigureDelegateBeanInfo> (0x00000000ecd1e0b0) thrown at [/ssd/Android/AOSP-openjdk-git/jdk8u/hotspot/src/share/vm/classfile/systemDictionary.cpp, line 210]
Event: 1.615 Thread 0x00007f7ba0008000 Exception <a 'java/lang/ClassNotFoundException': org/gradle/internal/metaobject/ConfigureDelegateCustomizer> (0x00000000ecd30620) thrown at [/ssd/Android/AOSP-openjdk-git/jdk8u/hotspot/src/share/vm/classfile/systemDictionary.cpp, line 210]
Event: 1.620 Thread 0x00007f7ba0008000 Exception <a 'java/lang/ClassNotFoundException': org/gradle/api/internal/project/DefaultProject_DecoratedBeanInfo> (0x00000000ecde4758) thrown at [/ssd/Android/AOSP-openjdk-git/jdk8u/hotspot/src/share/vm/classfile/systemDictionary.cpp, line 210]
Event: 1.620 Thread 0x00007f7ba0008000 Exception <a 'java/lang/ClassNotFoundException': org/gradle/api/internal/project/DefaultProjectBeanInfo> (0x00000000ecdf7218) thrown at [/ssd/Android/AOSP-openjdk-git/jdk8u/hotspot/src/share/vm/classfile/systemDictionary.cpp, line 210]
Event: 1.620 Thread 0x00007f7ba0008000 Exception <a 'java/lang/ClassNotFoundException': org/gradle/api/internal/project/DefaultProjectCustomizer> (0x00000000ece0a468) thrown at [/ssd/Android/AOSP-openjdk-git/jdk8u/hotspot/src/share/vm/classfile/systemDictionary.cpp, line 210]
Event: 1.634 Thread 0x00007f7ba0008000 Exception <a 'java/lang/ClassNotFoundException': org/gradle/api/internal/project/DefaultProject_DecoratedCustomizer> (0x00000000ecee3da8) thrown at [/ssd/Android/AOSP-openjdk-git/jdk8u/hotspot/src/share/vm/classfile/systemDictionary.cpp, line 210]
Event: 1.663 Thread 0x00007f7ba0008000 Exception <a 'java/lang/ClassNotFoundException': org/gradle/api/internal/initialization/DefaultScriptHandlerBeanInfo> (0x00000000ecfff010) thrown at [/ssd/Android/AOSP-openjdk-git/jdk8u/hotspot/src/share/vm/classfile/systemDictionary.cpp, line 210]
Event: 1.663 Thread 0x00007f7ba0008000 Exception <a 'java/lang/ClassNotFoundException': org/gradle/api/internal/initialization/DefaultScriptHandlerCustomizer> (0x00000000ed0158f0) thrown at [/ssd/Android/AOSP-openjdk-git/jdk8u/hotspot/src/share/vm/classfile/systemDictionary.cpp, line 210]

Events (10 events):
Event: 1.673 loading class org/gradle/api/internal/artifacts/ivyservice/ivyresolve/StartParameterResolutionOverride
Event: 1.673 loading class org/gradle/api/internal/artifacts/ivyservice/ivyresolve/StartParameterResolutionOverride done
Event: 1.673 loading class org/gradle/api/internal/artifacts/ivyservice/resolutionstrategy/ExternalResourceCachePolicy
Event: 1.673 loading class org/gradle/api/internal/artifacts/ivyservice/resolutionstrategy/ExternalResourceCachePolicy done
Event: 1.673 loading class org/gradle/api/internal/artifacts/ivyservice/ivyresolve/ModuleComponentRepository
Event: 1.673 loading class org/gradle/api/internal/artifacts/ivyservice/ivyresolve/ModuleComponentRepository done
Event: 1.674 loading class org/gradle/api/internal/artifacts/repositories/transport/RepositoryTransport
Event: 1.674 loading class org/gradle/api/internal/artifacts/repositories/transport/RepositoryTransport done
Event: 1.674 loading class org/gradle/internal/resource/connector/ResourceConnectorSpecification
Event: 1.674 loading class org/gradle/internal/resource/connector/ResourceConnectorSpecification done


Dynamic libraries:
00400000-00401000 r-xp 00000000 fd:02 3430004                            /home/Andriod/android-studio/jre/bin/java
00600000-00601000 r--p 00000000 fd:02 3430004                            /home/Andriod/android-studio/jre/bin/java
00601000-00602000 rw-p 00001000 fd:02 3430004                            /home/Andriod/android-studio/jre/bin/java
01047000-01068000 rw-p 00000000 00:00 0                                  [heap]
c0000000-c3780000 rw-p 00000000 00:00 0 
c3780000-eab00000 ---p 00000000 00:00 0 
eab00000-f2f00000 rw-p 00000000 00:00 0 
f2f00000-100000000 ---p 00000000 00:00 0 
100000000-100380000 rw-p 00000000 00:00 0 
100380000-140000000 ---p 00000000 00:00 0 
7f7b7c000000-7f7b7c021000 rw-p 00000000 00:00 0 
7f7b7c021000-7f7b80000000 ---p 00000000 00:00 0 
7f7b80000000-7f7b80021000 rw-p 00000000 00:00 0 
7f7b80021000-7f7b84000000 ---p 00000000 00:00 0 
7f7b84000000-7f7b84021000 rw-p 00000000 00:00 0 
7f7b84021000-7f7b88000000 ---p 00000000 00:00 0 
7f7b88000000-7f7b880c3000 rw-p 00000000 00:00 0 
7f7b880c3000-7f7b8c000000 ---p 00000000 00:00 0 
7f7b8c000000-7f7b8cb8a000 rw-p 00000000 00:00 0 
7f7b8cb8a000-7f7b90000000 ---p 00000000 00:00 0 
7f7b90000000-7f7b90021000 rw-p 00000000 00:00 0 
7f7b90021000-7f7b94000000 ---p 00000000 00:00 0 
7f7b94000000-7f7b9402c000 rw-p 00000000 00:00 0 
7f7b9402c000-7f7b98000000 ---p 00000000 00:00 0 
7f7b98000000-7f7b98021000 rw-p 00000000 00:00 0 
7f7b98021000-7f7b9c000000 ---p 00000000 00:00 0 
7f7b9c000000-7f7b9c021000 rw-p 00000000 00:00 0 
7f7b9c021000-7f7ba0000000 ---p 00000000 00:00 0 
7f7ba0000000-7f7ba0021000 rw-p 00000000 00:00 0 
7f7ba0021000-7f7ba4000000 ---p 00000000 00:00 0 
7f7ba4000000-7f7ba4021000 rw-p 00000000 00:00 0 
7f7ba4021000-7f7ba8000000 ---p 00000000 00:00 0 
7f7ba8000000-7f7ba806e000 rw-p 00000000 00:00 0 
7f7ba806e000-7f7bac000000 ---p 00000000 00:00 0 
7f7bac000000-7f7bacf49000 rw-p 00000000 00:00 0 
7f7bacf49000-7f7bb0000000 ---p 00000000 00:00 0 
7f7bb0000000-7f7bb0021000 rw-p 00000000 00:00 0 
7f7bb0021000-7f7bb4000000 ---p 00000000 00:00 0 
7f7bb4000000-7f7bb4021000 rw-p 00000000 00:00 0 
7f7bb4021000-7f7bb8000000 ---p 00000000 00:00 0 
7f7bb8000000-7f7bb98a2000 rw-p 00000000 00:00 0 
7f7bb98a2000-7f7bbc000000 ---p 00000000 00:00 0 
7f7bbc000000-7f7bbdd2d000 rw-p 00000000 00:00 0 
7f7bbdd2d000-7f7bc0000000 ---p 00000000 00:00 0 
7f7bc1ad7000-7f7bc8000000 r--p 00000000 fd:00 100859772                  /usr/lib/locale/locale-archive
7f7bc8000000-7f7bc8021000 rw-p 00000000 00:00 0 
7f7bc8021000-7f7bcc000000 ---p 00000000 00:00 0 
7f7bcc000000-7f7bcc021000 rw-p 00000000 00:00 0 
7f7bcc021000-7f7bd0000000 ---p 00000000 00:00 0 
7f7bd0000000-7f7bd0021000 rw-p 00000000 00:00 0 
7f7bd0021000-7f7bd4000000 ---p 00000000 00:00 0 
7f7bd4000000-7f7bd4021000 rw-p 00000000 00:00 0 
7f7bd4021000-7f7bd8000000 ---p 00000000 00:00 0 
7f7bd8000000-7f7bd8021000 rw-p 00000000 00:00 0 
7f7bd8021000-7f7bdc000000 ---p 00000000 00:00 0 
7f7bdf2f1000-7f7bdf3b1000 rw-p 00000000 00:00 0 
7f7bdf3b1000-7f7bdf4f1000 ---p 00000000 00:00 0 
7f7bdf4f1000-7f7bdf6f1000 rw-p 00000000 00:00 0 
7f7bdf6f1000-7f7bdf8f1000 rw-p 00000000 00:00 0 
7f7bdf8f1000-7f7bdfaf1000 rw-p 00000000 00:00 0 
7f7bdfaf1000-7f7bdfc0c000 r--s 02008000 fd:02 1615291193                 /home/magnum/.gradle/caches/jars-3/9955734f77abc673a38c7cd4c0214af5/android.jar
7f7bdfc0c000-7f7bdfc13000 r--s 0002a000 fd:02 5037032                    /home/magnum/.gradle/caches/jars-3/fff47aec37b967e571b648d1fc9c6db6/gradle-messaging-3.5.jar
7f7bdfc13000-7f7bdfc55000 r--s 00220000 fd:02 1078092374                 /home/magnum/.gradle/caches/jars-3/929747bc6b973b44297e9c57df71598d/gradle-core-3.5.jar
7f7bdfc55000-7f7bdfc5e000 r--s 00047000 fd:02 538941054                  /home/magnum/.gradle/caches/jars-3/11d06a5dce89fe5632250b7df00a3d57/gradle-base-services-3.5.jar
7f7bdfc5e000-7f7bdfc86000 r--s 001cf000 fd:02 5037030                    /home/magnum/.gradle/caches/jars-3/566e7e0f530f75a42eba4833ef84d88c/guava-jdk5-17.0.jar
7f7bdfc86000-7f7bdfcff000 r--s 010fd000 fd:02 537522548                  /home/Andriod/android-studio/jre/lib/tools.jar
7f7bdfcff000-7f7bdfd02000 ---p 00000000 00:00 0 
7f7bdfd02000-7f7be0000000 rw-p 00000000 00:00 0                          [stack:5649]
7f7be0000000-7f7be0021000 rw-p 00000000 00:00 0 
7f7be0021000-7f7be4000000 ---p 00000000 00:00 0 
7f7be4001000-7f7be4003000 rw-p 00000000 00:00 0 
7f7be4003000-7f7be4008000 r--s 00041000 fd:02 1614955642                 /home/magnum/.gradle/caches/jars-3/c0502f5c2cf6dfd52d250e1b7d027d24/commons-lang-2.6.jar
7f7be4008000-7f7be4016000 r--s 00043000 fd:02 1614955640                 /home/magnum/.gradle/caches/jars-3/c0d1da18a547ef3a2ba66d3068ae6e09/gradle-tooling-api-3.5.jar
7f7be4016000-7f7be4019000 ---p 00000000 00:00 0 
7f7be4019000-7f7be4117000 rw-p 00000000 00:00 0                          [stack:5648]
7f7be4117000-7f7be411a000 ---p 00000000 00:00 0 
7f7be411a000-7f7be4418000 rw-p 00000000 00:00 0                          [stack:5647]
7f7be4418000-7f7be441b000 ---p 00000000 00:00 0 
7f7be441b000-7f7be4519000 rw-p 00000000 00:00 0                          [stack:5646]
7f7be4519000-7f7be451c000 ---p 00000000 00:00 0 
7f7be451c000-7f7be461a000 rw-p 00000000 00:00 0                          [stack:5645]
7f7be461a000-7f7be461d000 ---p 00000000 00:00 0 
7f7be461d000-7f7be471b000 rw-p 00000000 00:00 0                          [stack:5642]
7f7be471b000-7f7be471e000 ---p 00000000 00:00 0 
7f7be471e000-7f7be481c000 rw-p 00000000 00:00 0                          [stack:5641]
7f7be481c000-7f7be481f000 ---p 00000000 00:00 0 
7f7be481f000-7f7be491d000 rw-p 00000000 00:00 0                          [stack:5640]
7f7be491d000-7f7be4920000 ---p 00000000 00:00 0 
7f7be4920000-7f7be4a1e000 rw-p 00000000 00:00 0                          [stack:5639]
7f7be4a1e000-7f7be4a21000 ---p 00000000 00:00 0 
7f7be4a21000-7f7be4b1f000 rw-p 00000000 00:00 0                          [stack:5638]
7f7be4b1f000-7f7be4b26000 r--s 00000000 fd:00 7369                       /usr/lib64/gconv/gconv-modules.cache
7f7be4b26000-7f7be4b29000 ---p 00000000 00:00 0 
7f7be4b29000-7f7be4c27000 rw-p 00000000 00:00 0                          [stack:5637]
7f7be4c27000-7f7be4c2c000 r--s 0009a000 fd:02 1610981245                 /home/Andriod/android-studio/jre/jre/lib/jsse.jar
7f7be4c2c000-7f7be4e2c000 rw-p 00000000 00:00 0 
7f7be4e2c000-7f7be4e35000 r-xp 00000000 fd:02 3435357                    /home/Andriod/android-studio/jre/jre/lib/amd64/libmanagement.so
7f7be4e35000-7f7be5034000 ---p 00009000 fd:02 3435357                    /home/Andriod/android-studio/jre/jre/lib/amd64/libmanagement.so
7f7be5034000-7f7be5035000 r--p 00008000 fd:02 3435357                    /home/Andriod/android-studio/jre/jre/lib/amd64/libmanagement.so
7f7be5035000-7f7be5036000 rw-p 00009000 fd:02 3435357                    /home/Andriod/android-studio/jre/jre/lib/amd64/libmanagement.so
7f7be5036000-7f7be5038000 r--s 00007000 fd:02 538928062                  /home/magnum/.gradle/wrapper/dists/gradle-4.1-all/bzyivzo6n839fup2jbap0tjew/gradle-4.1/lib/plugins/gradle-tooling-api-builders-4.1.jar
7f7be5038000-7f7be503b000 r--s 00009000 fd:02 538928712                  /home/magnum/.gradle/wrapper/dists/gradle-4.1-all/bzyivzo6n839fup2jbap0tjew/gradle-4.1/lib/plugins/gradle-testing-native-4.1.jar
7f7be503b000-7f7be503d000 r--s 00009000 fd:02 538929073                  /home/magnum/.gradle/wrapper/dists/gradle-4.1-all/bzyivzo6n839fup2jbap0tjew/gradle-4.1/lib/plugins/hamcrest-core-1.3.jar
7f7be503d000-7f7be5042000 r--s 00040000 fd:02 538929068                  /home/magnum/.gradle/wrapper/dists/gradle-4.1-all/bzyivzo6n839fup2jbap0tjew/gradle-4.1/lib/plugins/bsh-2.0b4.jar
7f7be5042000-7f7be5044000 r--s 00006000 fd:02 538929069                  /home/magnum/.gradle/wrapper/dists/gradle-4.1-all/bzyivzo6n839fup2jbap0tjew/gradle-4.1/lib/plugins/jcommander-1.12.jar
7f7be5044000-7f7be504a000 r--s 00033000 fd:02 538929070                  /home/magnum/.gradle/wrapper/dists/gradle-4.1-all/bzyivzo6n839fup2jbap0tjew/gradle-4.1/lib/plugins/snakeyaml-1.6.jar
7f7be504a000-7f7be5053000 r--s 00089000 fd:02 538928740                  /home/magnum/.gradle/wrapper/dists/gradle-4.1-all/bzyivzo6n839fup2jbap0tjew/gradle-4.1/lib/plugins/testng-6.3.1.jar
7f7be5053000-7f7be505b000 r--s 00045000 fd:02 538928741                  /home/magnum/.gradle/wrapper/dists/gradle-4.1-all/bzyivzo6n839fup2jbap0tjew/gradle-4.1/lib/plugins/junit-4.12.jar
7f7be505b000-7f7be5061000 r--s 0002e000 fd:02 538928708                  /home/magnum/.gradle/wrapper/dists/gradle-4.1-all/bzyivzo6n839fup2jbap0tjew/gradle-4.1/lib/plugins/gradle-testing-jvm-4.1.jar
7f7be5061000-7f7be5065000 r--s 00017000 fd:02 538928716                  /home/magnum/.gradle/wrapper/dists/gradle-4.1-all/bzyivzo6n839fup2jbap0tjew/gradle-4.1/lib/plugins/gradle-testing-base-4.1.jar
7f7be5065000-7f7be506c000 r--s 00038000 fd:02 538928736                  /home/magnum/.gradle/wrapper/dists/gradle-4.1-all/bzyivzo6n839fup2jbap0tjew/gradle-4.1/lib/plugins/bcpg-jdk15on-1.51.jar
7f7be506c000-7f7be506e000 r--s 0000c000 fd:02 538928047                  /home/magnum/.gradle/wrapper/dists/gradle-4.1-all/bzyivzo6n839fup2jbap0tjew/gradle-4.1/lib/plugins/gradle-signing-4.1.jar
7f7be506e000-7f7be5070000 r--s 00007000 fd:02 538928053                  /home/magnum/.gradle/wrapper/dists/gradle-4.1-all/bzyivzo6n839fup2jbap0tjew/gradle-4.1/lib/plugins/gradle-scala-4.1.jar
7f7be5070000-7f7be5071000 r--s 00004000 fd:02 538928724                  /home/magnum/.gradle/wrapper/dists/gradle-4.1-all/bzyivzo6n839fup2jbap0tjew/gradle-4.1/lib/plugins/gradle-resources-sftp-4.1.jar
7f7be5071000-7f7be5081000 r--s 00088000 fd:02 538928753                  /home/magnum/.gradle/wrapper/dists/gradle-4.1-all/bzyivzo6n839fup2jbap0tjew/gradle-4.1/lib/plugins/joda-time-2.8.2.jar
7f7be5081000-7f7be5092000 r--s 0010d000 fd:02 538928752                  /home/magnum/.gradle/wrapper/dists/gradle-4.1-all/bzyivzo6n839fup2jbap0tjew/gradle-4.1/lib/plugins/jackson-databind-2.6.6.jar
7f7be5092000-7f7be5095000 r--s 00009000 fd:02 538928751                  /home/magnum/.gradle/wrapper/dists/gradle-4.1-all/bzyivzo6n839fup2jbap0tjew/gradle-4.1/lib/plugins/jackson-annotations-2.6.6.jar
7f7be5095000-7f7be5099000 r--s 0003c000 fd:02 538928750                  /home/magnum/.gradle/wrapper/dists/gradle-4.1-all/bzyivzo6n839fup2jbap0tjew/gradle-4.1/lib/plugins/jackson-core-2.6.6.jar
7f7be5099000-7f7be50a7000 r--s 00087000 fd:02 538928749                  /home/magnum/.gradle/wrapper/dists/gradle-4.1-all/bzyivzo6n839fup2jbap0tjew/gradle-4.1/lib/plugins/aws-java-sdk-core-1.11.6.jar
7f7be50a7000-7f7be50ae000 r--s 00057000 fd:02 538928748                  /home/magnum/.gradle/wrapper/dists/gradle-4.1-all/bzyivzo6n839fup2jbap0tjew/gradle-4.1/lib/plugins/aws-java-sdk-kms-1.11.6.jar
7f7be50ae000-7f7be50bb000 r--s 0008e000 fd:02 538928747                  /home/magnum/.gradle/wrapper/dists/gradle-4.1-all/bzyivzo6n839fup2jbap0tjew/gradle-4.1/lib/plugins/aws-java-sdk-s3-1.11.6.jar
7f7be50bb000-7f7be50bd000 r--s 00004000 fd:02 538928721                  /home/magnum/.gradle/wrapper/dists/gradle-4.1-all/bzyivzo6n839fup2jbap0tjew/gradle-4.1/lib/plugins/gradle-resources-s3-4.1.jar
7f7be50bd000-7f7be50bf000 r--s 00010000 fd:02 538928717                  /home/magnum/.gradle/wrapper/dists/gradle-4.1-all/bzyivzo6n839fup2jbap0tjew/gradle-4.1/lib/plugins/gradle-reporting-4.1.jar
7f7be50bf000-7f7be50c1000 r--s 00002000 fd:02 538928718                  /home/magnum/.gradle/wrapper/dists/gradle-4.1-all/bzyivzo6n839fup2jbap0tjew/gradle-4.1/lib/plugins/gradle-publish-4.1.jar
7f7be50c1000-7f7be50c3000 r--s 00009000 fd:02 538928729                  /home/magnum/.gradle/wrapper/dists/gradle-4.1-all/bzyivzo6n839fup2jbap0tjew/gradle-4.1/lib/plugins/commons-cli-1.2.jar
7f7be50c3000-7f7be50c9000 r--s 00036000 fd:02 538928061                  /home/magnum/.gradle/wrapper/dists/gradle-4.1-all/bzyivzo6n839fup2jbap0tjew/gradle-4.1/lib/plugins/gradle-plugins-4.1.jar
7f7be50c9000-7f7be50cb000 r--s 00009000 fd:02 538928048                  /home/magnum/.gradle/wrapper/dists/gradle-4.1-all/bzyivzo6n839fup2jbap0tjew/gradle-4.1/lib/plugins/gradle-plugin-development-4.1.jar
7f7be50cb000-7f7be50d1000 r--s 0002b000 fd:02 538928056                  /home/magnum/.gradle/wrapper/dists/gradle-4.1-all/bzyivzo6n839fup2jbap0tjew/gradle-4.1/lib/plugins/gradle-platform-play-4.1.jar
7f7be50d1000-7f7be50e0000 r--s 0005b000 fd:02 538928714                  /home/magnum/.gradle/wrapper/dists/gradle-4.1-all/bzyivzo6n839fup2jbap0tjew/gradle-4.1/lib/plugins/gradle-platform-native-4.1.jar
7f7be50e0000-7f7be50e4000 r--s 0001b000 fd:02 538928711                  /home/magnum/.gradle/wrapper/dists/gradle-4.1-all/bzyivzo6n839fup2jbap0tjew/gradle-4.1/lib/plugins/gradle-platform-jvm-4.1.jar
7f7be50e4000-7f7be50ec000 r--s 00027000 fd:02 538928719                  /home/magnum/.gradle/wrapper/dists/gradle-4.1-all/bzyivzo6n839fup2jbap0tjew/gradle-4.1/lib/plugins/gradle-platform-base-4.1.jar
7f7be50ec000-7f7be5114000 r--s 0021c000 fd:02 538928730                  /home/magnum/.gradle/wrapper/dists/gradle-4.1-all/bzyivzo6n839fup2jbap0tjew/gradle-4.1/lib/plugins/biz.aQute.bndlib-3.2.0.jar
7f7be5114000-7f7be5115000 r--s 00004000 fd:02 538928046                  /home/magnum/.gradle/wrapper/dists/gradle-4.1-all/bzyivzo6n839fup2jbap0tjew/gradle-4.1/lib/plugins/gradle-osgi-4.1.jar
7f7be5115000-7f7be5118000 r--s 0000c000 fd:02 538928733                  /home/magnum/.gradle/wrapper/dists/gradle-4.1-all/bzyivzo6n839fup2jbap0tjew/gradle-4.1/lib/plugins/pmaven-groovy-0.8-20100325.jar
7f7be5118000-7f7be5119000 r--s 00004000 fd:02 538928732                  /home/magnum/.gradle/wrapper/dists/gradle-4.1-all/bzyivzo6n839fup2jbap0tjew/gradle-4.1/lib/plugins/pmaven-common-0.8-20100325.jar
7f7be5119000-7f7be511f000 r--s 00023000 fd:02 538928049                  /home/magnum/.gradle/wrapper/dists/gradle-4.1-all/bzyivzo6n839fup2jbap0tjew/gradle-4.1/lib/plugins/gradle-maven-4.1.jar
7f7be511f000-7f7be5122000 r--s 0000b000 fd:02 538928707                  /home/magnum/.gradle/wrapper/dists/gradle-4.1-all/bzyivzo6n839fup2jbap0tjew/gradle-4.1/lib/plugins/gradle-language-scala-4.1.jar
7f7be5122000-7f7be5129000 r--s 00020000 fd:02 538928713                  /home/magnum/.gradle/wrapper/dists/gradle-4.1-all/bzyivzo6n839fup2jbap0tjew/gradle-4.1/lib/plugins/gradle-language-native-4.1.jar
7f7be5129000-7f7be512b000 r--s 00005000 fd:02 538928710                  /home/magnum/.gradle/wrapper/dists/gradle-4.1-all/bzyivzo6n839fup2jbap0tjew/gradle-4.1/lib/plugins/gradle-language-jvm-4.1.jar
7f7be512b000-7f7be5132000 r--s 0002f000 fd:02 538928709                  /home/magnum/.gradle/wrapper/dists/gradle-4.1-all/bzyivzo6n839fup2jbap0tjew/gradle-4.1/lib/plugins/gradle-language-java-4.1.jar
7f7be5132000-7f7be5135000 r--s 0000a000 fd:02 538928706                  /home/magnum/.gradle/wrapper/dists/gradle-4.1-all/bzyivzo6n839fup2jbap0tjew/gradle-4.1/lib/plugins/gradle-language-groovy-4.1.jar
7f7be5135000-7f7be513c000 r--s 00035000 fd:02 538928739                  /home/magnum/.gradle/wrapper/dists/gradle-4.1-all/bzyivzo6n839fup2jbap0tjew/gradle-4.1/lib/plugins/simple-4.1.21.jar
7f7be513c000-7f7be5148000 r--s 00100000 fd:02 538928737                  /home/magnum/.gradle/wrapper/dists/gradle-4.1-all/bzyivzo6n839fup2jbap0tjew/gradle-4.1/lib/plugins/rhino-1.7R3.jar
7f7be5148000-7f7be514c000 r--s 00012000 fd:02 538928057                  /home/magnum/.gradle/wrapper/dists/gradle-4.1-all/bzyivzo6n839fup2jbap0tjew/gradle-4.1/lib/plugins/gradle-javascript-4.1.jar
7f7be514c000-7f7be514f000 r--s 00011000 fd:02 538928059                  /home/magnum/.gradle/wrapper/dists/gradle-4.1-all/bzyivzo6n839fup2jbap0tjew/gradle-4.1/lib/plugins/gradle-jacoco-4.1.jar
7f7be514f000-7f7be5152000 r--s 0000e000 fd:02 538928058                  /home/magnum/.gradle/wrapper/dists/gradle-4.1-all/bzyivzo6n839fup2jbap0tjew/gradle-4.1/lib/plugins/gradle-ivy-4.1.jar
7f7be5152000-7f7be5153000 r--s 00002000 fd:02 538928050                  /home/magnum/.gradle/wrapper/dists/gradle-4.1-all/bzyivzo6n839fup2jbap0tjew/gradle-4.1/lib/plugins/gradle-ide-play-4.1.jar
7f7be5153000-7f7be5156000 r--s 00013000 fd:02 538928051                  /home/magnum/.gradle/wrapper/dists/gradle-4.1-all/bzyivzo6n839fup2jbap0tjew/gradle-4.1/lib/plugins/gradle-ide-native-4.1.jar
7f7be5156000-7f7be5160000 r--s 00054000 fd:02 538928052                  /home/magnum/.gradle/wrapper/dists/gradle-4.1-all/bzyivzo6n839fup2jbap0tjew/gradle-4.1/lib/plugins/gradle-ide-4.1.jar
7f7be5160000-7f7be5162000 r--s 00007000 fd:02 538928055                  /home/magnum/.gradle/wrapper/dists/gradle-4.1-all/bzyivzo6n839fup2jbap0tjew/gradle-4.1/lib/plugins/gradle-ear-4.1.jar
7f7be5162000-7f7be5164000 r--s 00005000 fd:02 538928727                  /home/magnum/.gradle/wrapper/dists/gradle-4.1-all/bzyivzo6n839fup2jbap0tjew/gradle-4.1/lib/plugins/jatl-0.2.2.jar
7f7be5164000-7f7be516b000 r--s 00038000 fd:02 538928715                  /home/magnum/.gradle/wrapper/dists/gradle-4.1-all/bzyivzo6n839fup2jbap0tjew/gradle-4.1/lib/plugins/gradle-diagnostics-4.1.jar
7f7be516b000-7f7be516d000 r--s 0000b000 fd:02 538928704                  /home/magnum/.gradle/wrapper/dists/gradle-4.1-all/bzyivzo6n839fup2jbap0tjew/gradle-4.1/lib/plugins/gradle-composite-builds-4.1.jar
7f7be516d000-7f7be5172000 r--s 00025000 fd:02 538928044                  /home/magnum/.gradle/wrapper/dists/gradle-4.1-all/bzyivzo6n839fup2jbap0tjew/gradle-4.1/lib/plugins/gradle-code-quality-4.1.jar
7f7be5172000-7f7be5177000 r--s 00022000 fd:02 538928060                  /home/magnum/.gradle/wrapper/dists/gradle-4.1-all/bzyivzo6n839fup2jbap0tjew/gradle-4.1/lib/plugins/gradle-build-init-4.1.jar
7f7be5177000-7f7be517d000 r--s 0008e000 fd:02 538928054                  /home/magnum/.gradle/wrapper/dists/gradle-4.1-all/bzyivzo6n839fup2jbap0tjew/gradle-4.1/lib/plugins/gradle-build-comparison-4.1.jar
7f7be517d000-7f7be517e000 r--s 00002000 fd:02 538928722                  /home/magnum/.gradle/wrapper/dists/gradle-4.1-all/bzyivzo6n839fup2jbap0tjew/gradle-4.1/lib/plugins/gradle-build-cache-http-4.1.jar
7f7be517e000-7f7be5180000 r--s 00008000 fd:02 538928045                  /home/magnum/.gradle/wrapper/dists/gradle-4.1-all/bzyivzo6n839fup2jbap0tjew/gradle-4.1/lib/plugins/gradle-antlr-4.1.jar
7f7be5180000-7f7be5182000 r--s 00004000 fd:02 538928705                  /home/magnum/.gradle/wrapper/dists/gradle-4.1-all/bzyivzo6n839fup2jbap0tjew/gradle-4.1/lib/plugins/gradle-announce-4.1.jar
7f7be5182000-7f7be5184000 r--s 00008000 fd:02 4934757                    /home/magnum/.gradle/wrapper/dists/gradle-4.1-all/bzyivzo6n839fup2jbap0tjew/gradle-4.1/lib/gradle-kotlin-dsl-tooling-builders-0.10.3.jar
7f7be5184000-7f7be5187000 r--s 0001c000 fd:02 538928743                  /home/magnum/.gradle/wrapper/dists/gradle-4.1-all/bzyivzo6n839fup2jbap0tjew/gradle-4.1/lib/plugins/nekohtml-1.9.14.jar
7f7be5187000-7f7be518f000 r--s 00028000 fd:02 538929072                  /home/magnum/.gradle/wrapper/dists/gradle-4.1-all/bzyivzo6n839fup2jbap0tjew/gradle-4.1/lib/plugins/xml-apis-1.3.04.jar
7f7be518f000-7f7be51a7000 r--s 00115000 fd:02 538928744                  /home/magnum/.gradle/wrapper/dists/gradle-4.1-all/bzyivzo6n839fup2jbap0tjew/gradle-4.1/lib/plugins/xercesImpl-2.9.1.jar
7f7be51a7000-7f7be51ad000 r--s 0005b000 fd:02 538928742                  /home/magnum/.gradle/wrapper/dists/gradle-4.1-all/bzyivzo6n839fup2jbap0tjew/gradle-4.1/lib/plugins/jcifs-1.3.17.jar
7f7be51ad000-7f7be51b4000 r--s 00049000 fd:02 538929071                  /home/magnum/.gradle/wrapper/dists/gradle-4.1-all/bzyivzo6n839fup2jbap0tjew/gradle-4.1/lib/plugins/httpcore-4.4.4.jar
7f7be51b4000-7f7be51ba000 r--s 00033000 fd:02 538928735                  /home/magnum/.gradle/wrapper/dists/gradle-4.1-all/bzyivzo6n839fup2jbap0tjew/gradle-4.1/lib/plugins/commons-codec-1.6.jar
7f7be51ba000-7f7be51c7000 r--s 000a4000 fd:02 538928728                  /home/magnum/.gradle/wrapper/dists/gradle-4.1-all/bzyivzo6n839fup2jbap0tjew/gradle-4.1/lib/plugins/httpclient-4.4.1.jar
7f7be51c7000-7f7be51c9000 r--s 0000b000 fd:02 538928723                  /home/magnum/.gradle/wrapper/dists/gradle-4.1-all/bzyivzo6n839fup2jbap0tjew/gradle-4.1/lib/plugins/gradle-resources-http-4.1.jar
7f7be51c9000-7f7be51cd000 r--s 00017000 fd:02 538928720                  /home/magnum/.gradle/wrapper/dists/gradle-4.1-all/bzyivzo6n839fup2jbap0tjew/gradle-4.1/lib/plugins/gradle-plugin-use-4.1.jar
7f7be51cd000-7f7be51ce000 r--s 00000000 fd:02 4934763                    /home/magnum/.gradle/wrapper/dists/gradle-4.1-all/bzyivzo6n839fup2jbap0tjew/gradle-4.1/lib/gradle-runtime-api-info-4.1.jar
7f7be51ce000-7f7be51cf000 r--s 00000000 fd:02 4934766                    /home/magnum/.gradle/wrapper/dists/gradle-4.1-all/bzyivzo6n839fup2jbap0tjew/gradle-4.1/lib/gradle-installation-beacon-4.1.jar
7f7be51cf000-7f7be520f000 r--s 00277000 fd:02 538928755                  /home/magnum/.gradle/wrapper/dists/gradle-4.1-all/bzyivzo6n839fup2jbap0tjew/gradle-4.1/lib/plugins/bcprov-jdk15on-1.51.jar
7f7be520f000-7f7be5213000 r--s 0001d000 fd:02 538928754                  /home/magnum/.gradle/wrapper/dists/gradle-4.1-all/bzyivzo6n839fup2jbap0tjew/gradle-4.1/lib/plugins/xbean-reflect-3.4.jar
7f7be5213000-7f7be5215000 r--s 0000a000 fd:02 538928756                  /home/magnum/.gradle/wrapper/dists/gradle-4.1-all/bzyivzo6n839fup2jbap0tjew/gradle-4.1/lib/plugins/maven-settings-3.0.4.jar
7f7be5215000-7f7be5218000 r--s 00008000 fd:02 538928757                  /home/magnum/.gradle/wrapper/dists/gradle-4.1-all/bzyivzo6n839fup2jbap0tjew/gradle-4.1/lib/plugins/maven-settings-builder-3.0.4.jar
7f7be5218000-7f7be521c000 r--s 00033000 fd:02 538928758                  /home/magnum/.gradle/wrapper/dists/gradle-4.1-all/bzyivzo6n839fup2jbap0tjew/gradle-4.1/lib/plugins/plexus-utils-2.0.6.jar
7f7be521c000-7f7be521e000 r--s 0000d000 fd:02 538928759                  /home/magnum/.gradle/wrapper/dists/gradle-4.1-all/bzyivzo6n839fup2jbap0tjew/gradle-4.1/lib/plugins/plexus-interpolation-1.14.jar
7f7be521e000-7f7be5220000 r--s 00000000 fd:02 538928734                  /home/magnum/.gradle/wrapper/dists/gradle-4.1-all/bzyivzo6n839fup2jbap0tjew/gradle-4.1/lib/plugins/plexus-component-annotations-1.5.5.jar
7f7be5220000-7f7be5227000 r--s 0002e000 fd:02 538928760                  /home/magnum/.gradle/wrapper/dists/gradle-4.1-all/bzyivzo6n839fup2jbap0tjew/gradle-4.1/lib/plugins/plexus-container-default-1.5.5.jar
7f7be5227000-7f7be5229000 r--s 0000a000 fd:02 538928761                  /home/magnum/.gradle/wrapper/dists/gradle-4.1-all/bzyivzo6n839fup2jbap0tjew/gradle-4.1/lib/plugins/plexus-classworlds-2.4.jar
7f7be5229000-7f7be522b000 r--s 00002000 fd:02 538928762                  /home/magnum/.gradle/wrapper/dists/gradle-4.1-all/bzyivzo6n839fup2jbap0tjew/gradle-4.1/lib/plugins/plexus-cipher-1.7.jar
7f7be522b000-7f7be522c000 r--s 00006000 fd:02 538928763                  /home/magnum/.gradle/wrapper/dists/gradle-4.1-all/bzyivzo6n839fup2jbap0tjew/gradle-4.1/lib/plugins/plexus-sec-dispatcher-1.3.jar
7f7be522c000-7f7be5232000 r--s 0003f000 fd:02 538928764                  /home/magnum/.gradle/wrapper/dists/gradle-4.1-all/bzyivzo6n839fup2jbap0tjew/gradle-4.1/lib/plugins/maven-compat-3.0.4.jar
7f7be5232000-7f7be5236000 r--s 00021000 fd:02 538928765                  /home/magnum/.gradle/wrapper/dists/gradle-4.1-all/bzyivzo6n839fup2jbap0tjew/gradle-4.1/lib/plugins/maven-model-builder-3.0.4.jar
7f7be5236000-7f7be5238000 r--s 00026000 fd:02 538928766                  /home/magnum/.gradle/wrapper/dists/gradle-4.1-all/bzyivzo6n839fup2jbap0tjew/gradle-4.1/lib/plugins/maven-model-3.0.4.jar
7f7be5238000-7f7be523a000 r--s 0000b000 fd:02 538928767                  /home/magnum/.gradle/wrapper/dists/gradle-4.1-all/bzyivzo6n839fup2jbap0tjew/gradle-4.1/lib/plugins/maven-artifact-3.0.4.jar
7f7be523a000-7f7be523c000 r--s 00006000 fd:02 538929056                  /home/magnum/.gradle/wrapper/dists/gradle-4.1-all/bzyivzo6n839fup2jbap0tjew/gradle-4.1/lib/plugins/maven-repository-metadata-3.0.4.jar
7f7be523c000-7f7be523e000 r--s 0000b000 fd:02 538929057                  /home/magnum/.gradle/wrapper/dists/gradle-4.1-all/bzyivzo6n839fup2jbap0tjew/gradle-4.1/lib/plugins/maven-plugin-api-3.0.4.jar
7f7be523e000-7f7be5240000 r--s 0000c000 fd:02 538929058                  /home/magnum/.gradle/wrapper/dists/gradle-4.1-all/bzyivzo6n839fup2jbap0tjew/gradle-4.1/lib/plugins/maven-aether-provider-3.0.4.jar
7f7be5240000-7f7be5241000 r--s 00002000 fd:02 538929059                  /home/magnum/.gradle/wrapper/dists/gradle-4.1-all/bzyivzo6n839fup2jbap0tjew/gradle-4.1/lib/plugins/wagon-file-2.4.jar
7f7be5241000-7f7be5242000 r--s 00002000 fd:02 538929060                  /home/magnum/.gradle/wrapper/dists/gradle-4.1-all/bzyivzo6n839fup2jbap0tjew/gradle-4.1/lib/plugins/wagon-http-2.4.jar
7f7be5242000-7f7be5244000 r--s 0000b000 fd:02 538929061                  /home/magnum/.gradle/wrapper/dists/gradle-4.1-all/bzyivzo6n839fup2jbap0tjew/gradle-4.1/lib/plugins/wagon-provider-api-2.4.jar
7f7be5244000-7f7be5245000 r--s 00007000 fd:02 538929062                  /home/magnum/.gradle/wrapper/dists/gradle-4.1-all/bzyivzo6n839fup2jbap0tjew/gradle-4.1/lib/plugins/wagon-http-shared4-2.4.jar
7f7be5245000-7f7be5248000 r--s 00013000 fd:02 538929063                  /home/magnum/.gradle/wrapper/dists/gradle-4.1-all/bzyivzo6n839fup2jbap0tjew/gradle-4.1/lib/plugins/aether-api-1.13.1.jar
7f7be5248000-7f7be524b000 r--s 0001d000 fd:02 538929064                  /home/magnum/.gradle/wrapper/dists/gradle-4.1-all/bzyivzo6n839fup2jbap0tjew/gradle-4.1/lib/plugins/aether-impl-1.13.1.jar
7f7be524b000-7f7be524c000 r--s 00003000 fd:02 538929065                  /home/magnum/.gradle/wrapper/dists/gradle-4.1-all/bzyivzo6n839fup2jbap0tjew/gradle-4.1/lib/plugins/aether-spi-1.13.1.jar
7f7be524c000-7f7be5250000 r--s 0001c000 fd:02 538929066                  /home/magnum/.gradle/wrapper/dists/gradle-4.1-all/bzyivzo6n839fup2jbap0tjew/gradle-4.1/lib/plugins/aether-util-1.13.1.jar
7f7be5250000-7f7be525c000 r--s 0007d000 fd:02 538928731                  /home/magnum/.gradle/wrapper/dists/gradle-4.1-all/bzyivzo6n839fup2jbap0tjew/gradle-4.1/lib/plugins/maven-core-3.0.4.jar
7f7be525c000-7f7be5280000 r--s 0011a000 fd:02 538928726                  /home/magnum/.gradle/wrapper/dists/gradle-4.1-all/bzyivzo6n839fup2jbap0tjew/gradle-4.1/lib/plugins/gradle-dependency-management-4.1.jar
7f7be5280000-7f7be5295000 r-xp 00000000 fd:00 33721720                   /usr/lib64/libgcc_s-4.8.5-20150702.so.1
7f7be5295000-7f7be5494000 ---p 00015000 fd:00 33721720                   /usr/lib64/libgcc_s-4.8.5-20150702.so.1
7f7be5494000-7f7be5495000 r--p 00014000 fd:00 33721720                   /usr/lib64/libgcc_s-4.8.5-20150702.so.1
7f7be5495000-7f7be5496000 rw-p 00015000 fd:00 33721720                   /usr/lib64/libgcc_s-4.8.5-20150702.so.1
7f7be5496000-7f7be557f000 r-xp 00000000 fd:00 33586800                   /usr/lib64/libstdc++.so.6.0.19
7f7be557f000-7f7be577f000 ---p 000e9000 fd:00 33586800                   /usr/lib64/libstdc++.so.6.0.19
7f7be577f000-7f7be5787000 r--p 000e9000 fd:00 33586800                   /usr/lib64/libstdc++.so.6.0.19
7f7be5787000-7f7be5789000 rw-p 000f1000 fd:00 33586800                   /usr/lib64/libstdc++.so.6.0.19
7f7be5789000-7f7be579e000 rw-p 00000000 00:00 0 
7f7be579e000-7f7be57a0000 r--s 00006000 fd:02 538929067                  /home/magnum/.gradle/wrapper/dists/gradle-4.1-all/bzyivzo6n839fup2jbap0tjew/gradle-4.1/lib/plugins/aether-connector-wagon-1.13.1.jar
7f7be57a0000-7f7be57a5000 r--s 00034000 fd:02 538928738                  /home/magnum/.gradle/wrapper/dists/gradle-4.1-all/bzyivzo6n839fup2jbap0tjew/gradle-4.1/lib/plugins/gson-2.7.jar
7f7be57a5000-7f7be57aa000 r--s 00040000 fd:02 538928746                  /home/magnum/.gradle/wrapper/dists/gradle-4.1-all/bzyivzo6n839fup2jbap0tjew/gradle-4.1/lib/plugins/jsch-0.1.54.jar
7f7be57aa000-7f7be57b9000 r--s 000d9000 fd:02 538928745                  /home/magnum/.gradle/wrapper/dists/gradle-4.1-all/bzyivzo6n839fup2jbap0tjew/gradle-4.1/lib/plugins/ivy-2.2.0.jar
7f7be57b9000-7f7be57bc000 r--s 0000d000 fd:02 538928725                  /home/magnum/.gradle/wrapper/dists/gradle-4.1-all/bzyivzo6n839fup2jbap0tjew/gradle-4.1/lib/plugins/gradle-workers-4.1.jar
7f7be57bc000-7f7be57c1000 r-xp 00000000 fd:02 1614955632                 /home/magnum/.gradle/native/25/linux-amd64/libnative-platform.so
7f7be57c1000-7f7be59c0000 ---p 00005000 fd:02 1614955632                 /home/magnum/.gradle/native/25/linux-amd64/libnative-platform.so
7f7be59c0000-7f7be59c1000 rw-p 00004000 fd:02 1614955632                 /home/magnum/.gradle/native/25/linux-amd64/libnative-platform.so
7f7be59c1000-7f7be59d2000 r-xp 00000000 fd:02 3435349                    /home/Andriod/android-studio/jre/jre/lib/amd64/libnio.so
7f7be59d2000-7f7be5bd1000 ---p 00011000 fd:02 3435349                    /home/Andriod/android-studio/jre/jre/lib/amd64/libnio.so
7f7be5bd1000-7f7be5bd2000 r--p 00010000 fd:02 3435349                    /home/Andriod/android-studio/jre/jre/lib/amd64/libnio.so
7f7be5bd2000-7f7be5bd3000 rw-p 00011000 fd:02 3435349                    /home/Andriod/android-studio/jre/jre/lib/amd64/libnio.so
7f7be5bd3000-7f7be5be9000 r-xp 00000000 fd:02 3435351                    /home/Andriod/android-studio/jre/jre/lib/amd64/libnet.so
7f7be5be9000-7f7be5de9000 ---p 00016000 fd:02 3435351                    /home/Andriod/android-studio/jre/jre/lib/amd64/libnet.so
7f7be5de9000-7f7be5dea000 r--p 00016000 fd:02 3435351                    /home/Andriod/android-studio/jre/jre/lib/amd64/libnet.so
7f7be5dea000-7f7be5deb000 rw-p 00017000 fd:02 3435351                    /home/Andriod/android-studio/jre/jre/lib/amd64/libnet.so
7f7be5deb000-7f7be5dec000 r--s 00006000 fd:02 4934765                    /home/magnum/.gradle/wrapper/dists/gradle-4.1-all/bzyivzo6n839fup2jbap0tjew/gradle-4.1/lib/gradle-wrapper-4.1.jar
7f7be5dec000-7f7be5df9000 r--s 00043000 fd:02 4934764                    /home/magnum/.gradle/wrapper/dists/gradle-4.1-all/bzyivzo6n839fup2jbap0tjew/gradle-4.1/lib/gradle-tooling-api-4.1.jar
7f7be5df9000-7f7be5e08000 r--s 000c8000 fd:02 4934761                    /home/magnum/.gradle/wrapper/dists/gradle-4.1-all/bzyivzo6n839fup2jbap0tjew/gradle-4.1/lib/kotlin-stdlib-1.1.3-2.jar
7f7be5e08000-7f7be5e3a000 r--s 0021b000 fd:02 4934760                    /home/magnum/.gradle/wrapper/dists/gradle-4.1-all/bzyivzo6n839fup2jbap0tjew/gradle-4.1/lib/kotlin-reflect-1.1.3-2.jar
7f7be5e3a000-7f7be5ff1000 r--s 01786000 fd:02 4934759                    /home/magnum/.gradle/wrapper/dists/gradle-4.1-all/bzyivzo6n839fup2jbap0tjew/gradle-4.1/lib/kotlin-compiler-embeddable-1.1.3-2.jar
7f7be5ff1000-7f7be5ffb000 r--s 00073000 fd:02 4934755                    /home/magnum/.gradle/wrapper/dists/gradle-4.1-all/bzyivzo6n839fup2jbap0tjew/gradle-4.1/lib/gradle-kotlin-dsl-0.10.3.jar
7f7be5ffb000-7f7be6000000 r--s 00013000 fd:02 4934771                    /home/magnum/.gradle/wrapper/dists/gradle-4.1-all/bzyivzo6n839fup2jbap0tjew/gradle-4.1/lib/gradle-resources-4.1.jar
7f7be6000000-7f7be8000000 rw-p 00000000 00:00 0 
7f7be8000000-7f7be8021000 rw-p 00000000 00:00 0 
7f7be8021000-7f7bec000000 ---p 00000000 00:00 0 
7f7bec000000-7f7bec001000 r--s 00000000 fd:02 4934758                    /home/magnum/.gradle/wrapper/dists/gradle-4.1-all/bzyivzo6n839fup2jbap0tjew/gradle-4.1/lib/gradle-kotlin-dsl-tooling-models-0.10.3.jar
7f7bec001000-7f7bec002000 r--s 00001000 fd:02 4934756                    /home/magnum/.gradle/wrapper/dists/gradle-4.1-all/bzyivzo6n839fup2jbap0tjew/gradle-4.1/lib/gradle-kotlin-dsl-compiler-plugin-0.10.3.jar
7f7bec002000-7f7bec004000 r--s 00003000 fd:02 4934754                    /home/magnum/.gradle/wrapper/dists/gradle-4.1-all/bzyivzo6n839fup2jbap0tjew/gradle-4.1/lib/annotations-13.0.jar
7f7bec004000-7f7bec006000 r--s 00005000 fd:02 4934778                    /home/magnum/.gradle/wrapper/dists/gradle-4.1-all/bzyivzo6n839fup2jbap0tjew/gradle-4.1/lib/gradle-cli-4.1.jar
7f7bec006000-7f7bec008000 r--s 00003000 fd:02 4934785                    /home/magnum/.gradle/wrapper/dists/gradle-4.1-all/bzyivzo6n839fup2jbap0tjew/gradle-4.1/lib/jcl-over-slf4j-1.7.10.jar
7f7bec008000-7f7bec009000 r--s 00005000 fd:02 4934784                    /home/magnum/.gradle/wrapper/dists/gradle-4.1-all/bzyivzo6n839fup2jbap0tjew/gradle-4.1/lib/log4j-over-slf4j-1.7.10.jar
7f7bec009000-7f7bec00b000 r--s 00000000 fd:02 4934783                    /home/magnum/.gradle/wrapper/dists/gradle-4.1-all/bzyivzo6n839fup2jbap0tjew/gradle-4.1/lib/jul-to-slf4j-1.7.10.jar
7f7bec00b000-7f7bec012000 r--s 0002c000 fd:02 4934769                    /home/magnum/.gradle/wrapper/dists/gradle-4.1-all/bzyivzo6n839fup2jbap0tjew/gradle-4.1/lib/gradle-logging-4.1.jar
7f7bec012000-7f7bec022000 r--s 00082000 fd:02 4934774                    /home/magnum/.gradle/wrapper/dists/gradle-4.1-all/bzyivzo6n839fup2jbap0tjew/gradle-4.1/lib/gradle-model-core-4.1.jar
7f7bec022000-7f7bec024000 r--s 00006000 fd:02 4934775                    /home/magnum/.gradle/wrapper/dists/gradle-4.1-all/bzyivzo6n839fup2jbap0tjew/gradle-4.1/lib/gradle-base-services-groovy-4.1.jar
7f7bec024000-7f7bec026000 r--s 00007000 fd:02 4934773                    /home/magnum/.gradle/wrapper/dists/gradle-4.1-all/bzyivzo6n839fup2jbap0tjew/gradle-4.1/lib/gradle-model-groovy-4.1.jar
7f7bec026000-7f7bec027000 r--s 00002000 fd:02 4934796                    /home/magnum/.gradle/wrapper/dists/gradle-4.1-all/bzyivzo6n839fup2jbap0tjew/gradle-4.1/lib/gradle-docs-4.1.jar
7f7bec027000-7f7bec034000 r--s 00083000 fd:02 4934794                    /home/magnum/.gradle/wrapper/dists/gradle-4.1-all/bzyivzo6n839fup2jbap0tjew/gradle-4.1/lib/commons-collections-3.2.2.jar
7f7bec034000-7f7bec035000 r--s 00000000 fd:02 4934793                    /home/magnum/.gradle/wrapper/dists/gradle-4.1-all/bzyivzo6n839fup2jbap0tjew/gradle-4.1/lib/javax.inject-1.jar
7f7bec035000-7f7bec0a5000 r--s 00645000 fd:02 4934791                    /home/magnum/.gradle/wrapper/dists/gradle-4.1-all/bzyivzo6n839fup2jbap0tjew/gradle-4.1/lib/groovy-all-2.4.11.jar
7f7bec0a5000-7f7bec0a8000 r--s 00023000 fd:02 4934797                    /home/magnum/.gradle/wrapper/dists/gradle-4.1-all/bzyivzo6n839fup2jbap0tjew/gradle-4.1/lib/jansi-1.14.jar
7f7bec0a8000-7f7bec0a9000 r--s 00004000 fd:02 4934799                    /home/magnum/.gradle/wrapper/dists/gradle-4.1-all/bzyivzo6n839fup2jbap0tjew/gradle-4.1/lib/native-platform-freebsd-amd64-libcpp-0.14.jar
7f7bec0a9000-7f7bec0aa000 r--s 00004000 fd:02 4934800                    /home/magnum/.gradle/wrapper/dists/gradle-4.1-all/bzyivzo6n839fup2jbap0tjew/gradle-4.1/lib/native-platform-freebsd-amd64-libstdcpp-0.14.jar
7f7bec0aa000-7f7bec0ab000 r--s 00004000 fd:02 4934801                    /home/magnum/.gradle/wrapper/dists/gradle-4.1-all/bzyivzo6n839fup2jbap0tjew/gradle-4.1/lib/native-platform-freebsd-i386-libcpp-0.14.jar
7f7bec0ab000-7f7bec0ac000 r--s 00003000 fd:02 4934802                    /home/magnum/.gradle/wrapper/dists/gradle-4.1-all/bzyivzo6n839fup2jbap0tjew/gradle-4.1/lib/native-platform-freebsd-i386-libstdcpp-0.14.jar
7f7bec0ac000-7f7bec0ad000 r--s 00002000 fd:02 4934803                    /home/magnum/.gradle/wrapper/dists/gradle-4.1-all/bzyivzo6n839fup2jbap0tjew/gradle-4.1/lib/native-platform-linux-amd64-0.14.jar
7f7bec0ad000-7f7bec0ae000 r--s 00002000 fd:02 4934804                    /home/magnum/.gradle/wrapper/dists/gradle-4.1-all/bzyivzo6n839fup2jbap0tjew/gradle-4.1/lib/native-platform-linux-i386-0.14.jar
7f7bec0ae000-7f7bec0b0000 r--s 00002000 fd:02 4934805                    /home/magnum/.gradle/wrapper/dists/gradle-4.1-all/bzyivzo6n839fup2jbap0tjew/gradle-4.1/lib/native-platform-osx-amd64-0.14.jar
7f7bec0b0000-7f7bec0b1000 r--s 00003000 fd:02 4934806                    /home/magnum/.gradle/wrapper/dists/gradle-4.1-all/bzyivzo6n839fup2jbap0tjew/gradle-4.1/lib/native-platform-osx-i386-0.14.jar
7f7bec0b1000-7f7bec0b3000 r--s 0000b000 fd:02 4934807                    /home/magnum/.gradle/wrapper/dists/gradle-4.1-all/bzyivzo6n839fup2jbap0tjew/gradle-4.1/lib/native-platform-windows-amd64-0.14.jar
7f7bec0b3000-7f7bec0b4000 r--s 0000b000 fd:02 4934808                    /home/magnum/.gradle/wrapper/dists/gradle-4.1-all/bzyivzo6n839fup2jbap0tjew/gradle-4.1/lib/native-platform-windows-i386-0.14.jar
7f7bec0b4000-7f7bec0b5000 r--s 00001000 fd:02 4934809                    /home/magnum/.gradle/wrapper/dists/gradle-4.1-all/bzyivzo6n839fup2jbap0tjew/gradle-4.1/lib/native-platform-linux-amd64-ncurses5-0.14.jar
7f7bec0b5000-7f7bec0b6000 r--s 00001000 fd:02 4934810                    /home/magnum/.gradle/wrapper/dists/gradle-4.1-all/bzyivzo6n839fup2jbap0tjew/gradle-4.1/lib/native-platform-linux-amd64-ncurses6-0.14.jar
7f7bec0b6000-7f7bec0b7000 r--s 00001000 fd:02 4934811                    /home/magnum/.gradle/wrapper/dists/gradle-4.1-all/bzyivzo6n839fup2jbap0tjew/gradle-4.1/lib/native-platform-linux-i386-ncurses5-0.14.jar
7f7bec0b7000-7f7bec0b8000 r--s 00001000 fd:02 4934812                    /home/magnum/.gradle/wrapper/dists/gradle-4.1-all/bzyivzo6n839fup2jbap0tjew/gradle-4.1/lib/native-platform-linux-i386-ncurses6-0.14.jar
7f7bec0b8000-7f7bec0bc000 r--s 00012000 fd:02 4934795                    /home/magnum/.gradle/wrapper/dists/gradle-4.1-all/bzyivzo6n839fup2jbap0tjew/gradle-4.1/lib/native-platform-0.14.jar
7f7bec0bc000-7f7bec0bf000 r--s 0000c000 fd:02 4934772                    /home/magnum/.gradle/wrapper/dists/gradle-4.1-all/bzyivzo6n839fup2jbap0tjew/gradle-4.1/lib/gradle-native-4.1.jar
7f7bec0bf000-7f7bec0c1000 r--s 0000f000 fd:02 4934780                    /home/magnum/.gradle/wrapper/dists/gradle-4.1-all/bzyivzo6n839fup2jbap0tjew/gradle-4.1/lib/reflectasm-1.07-shaded.jar
7f7bec0c1000-7f7bec0c3000 r--s 00000000 fd:02 4934813                    /home/magnum/.gradle/wrapper/dists/gradle-4.1-all/bzyivzo6n839fup2jbap0tjew/gradle-4.1/lib/minlog-1.2.jar
7f7bec0c3000-7f7bec0c5000 r--s 00007000 fd:02 4934814                    /home/magnum/.gradle/wrapper/dists/gradle-4.1-all/bzyivzo6n839fup2jbap0tjew/gradle-4.1/lib/objenesis-1.2.jar
7f7bec0c5000-7f7bec0c9000 r--s 00026000 fd:02 4934779                    /home/magnum/.gradle/wrapper/dists/gradle-4.1-all/bzyivzo6n839fup2jbap0tjew/gradle-4.1/lib/kryo-2.20.jar
7f7bec0c9000-7f7bec0f1000 r--s 001cf000 fd:02 4934787                    /home/magnum/.gradle/wrapper/dists/gradle-4.1-all/bzyivzo6n839fup2jbap0tjew/gradle-4.1/lib/guava-jdk5-17.0.jar
7f7bec0f1000-7f7bec0f2000 ---p 00000000 00:00 0 
7f7bec0f2000-7f7bec1f2000 rw-p 00000000 00:00 0                          [stack:5634]
7f7bec1f2000-7f7bec1f5000 ---p 00000000 00:00 0 
7f7bec1f5000-7f7bec2f3000 rw-p 00000000 00:00 0                          [stack:5633]
7f7bec2f3000-7f7bec2f6000 ---p 00000000 00:00 0 
7f7bec2f6000-7f7bec3f4000 rw-p 00000000 00:00 0                          [stack:5632]
7f7bec3f4000-7f7bec3f7000 ---p 00000000 00:00 0 
7f7bec3f7000-7f7bec4f5000 rw-p 00000000 00:00 0                          [stack:5631]
7f7bec4f5000-7f7bec4f8000 ---p 00000000 00:00 0 
7f7bec4f8000-7f7bec5f6000 rw-p 00000000 00:00 0                          [stack:5630]
7f7bec5f6000-7f7bec5f9000 ---p 00000000 00:00 0 
7f7bec5f9000-7f7bec6f7000 rw-p 00000000 00:00 0                          [stack:5629]
7f7bec6f7000-7f7bec6fa000 ---p 00000000 00:00 0 
7f7bec6fa000-7f7bec7f8000 rw-p 00000000 00:00 0                          [stack:5628]
7f7bec7f8000-7f7bec7fb000 ---p 00000000 00:00 0 
7f7bec7fb000-7f7bec8f9000 rw-p 00000000 00:00 0                          [stack:5627]
7f7bec8f9000-7f7bec8fa000 ---p 00000000 00:00 0 
7f7bec8fa000-7f7bed000000 rw-p 00000000 00:00 0                          [stack:5626]
7f7bed000000-7f7bed6d0000 rwxp 00000000 00:00 0 
7f7bed6d0000-7f7bfc000000 ---p 00000000 00:00 0 
7f7bfc000000-7f7bfcd86000 rw-p 00000000 00:00 0 
7f7bfcd86000-7f7c00000000 ---p 00000000 00:00 0 
7f7c00000000-7f7c00006000 r--s 0002b000 fd:02 4934776                    /home/magnum/.gradle/wrapper/dists/gradle-4.1-all/bzyivzo6n839fup2jbap0tjew/gradle-4.1/lib/gradle-messaging-4.1.jar
7f7c00006000-7f7c00008000 r--s 00006000 fd:02 4934770                    /home/magnum/.gradle/wrapper/dists/gradle-4.1-all/bzyivzo6n839fup2jbap0tjew/gradle-4.1/lib/gradle-process-services-4.1.jar
7f7c00008000-7f7c0000a000 r--s 00000000 fd:02 4934768                    /home/magnum/.gradle/wrapper/dists/gradle-4.1-all/bzyivzo6n839fup2jbap0tjew/gradle-4.1/lib/gradle-jvm-services-4.1.jar
7f7c0000a000-7f7c0000f000 r--s 00041000 fd:02 4934789                    /home/magnum/.gradle/wrapper/dists/gradle-4.1-all/bzyivzo6n839fup2jbap0tjew/gradle-4.1/lib/commons-lang-2.6.jar
7f7c0000f000-7f7c00012000 r--s 00006000 fd:02 4934788                    /home/magnum/.gradle/wrapper/dists/gradle-4.1-all/bzyivzo6n839fup2jbap0tjew/gradle-4.1/lib/jsr305-1.3.9.jar
7f7c00012000-7f7c00016000 r--s 00027000 fd:02 4934782                    /home/magnum/.gradle/wrapper/dists/gradle-4.1-all/bzyivzo6n839fup2jbap0tjew/gradle-4.1/lib/commons-io-2.2.jar
7f7c00016000-7f7c00035000 r--s 001d1000 fd:02 4934792                    /home/magnum/.gradle/wrapper/dists/gradle-4.1-all/bzyivzo6n839fup2jbap0tjew/gradle-4.1/lib/ant-1.9.6.jar
7f7c00035000-7f7c00041000 r--s 00053000 fd:02 4934777                    /home/magnum/.gradle/wrapper/dists/gradle-4.1-all/bzyivzo6n839fup2jbap0tjew/gradle-4.1/lib/gradle-base-services-4.1.jar
7f7c00041000-7f7c0008b000 r--s 00253000 fd:02 4934767                    /home/magnum/.gradle/wrapper/dists/gradle-4.1-all/bzyivzo6n839fup2jbap0tjew/gradle-4.1/lib/gradle-core-4.1.jar
7f7c0008b000-7f7c00097000 r--s 0005c000 fd:02 4934762                    /home/magnum/.gradle/wrapper/dists/gradle-4.1-all/bzyivzo6n839fup2jbap0tjew/gradle-4.1/lib/gradle-launcher-4.1.jar
7f7c00097000-7f7c00a45000 rw-p 00000000 00:00 0 
7f7c00a45000-7f7c00c15000 r--s 03c46000 fd:02 1610981215                 /home/Andriod/android-studio/jre/jre/lib/rt.jar
7f7c00c15000-7f7c0168b000 rw-p 00000000 00:00 0 
7f7c0168b000-7f7c0168c000 ---p 00000000 00:00 0 
7f7c0168c000-7f7c0178c000 rw-p 00000000 00:00 0                          [stack:5624]
7f7c0178c000-7f7c0178d000 ---p 00000000 00:00 0 
7f7c0178d000-7f7c0188d000 rw-p 00000000 00:00 0                          [stack:5623]
7f7c0188d000-7f7c0188e000 ---p 00000000 00:00 0 
7f7c0188e000-7f7c0198e000 rw-p 00000000 00:00 0                          [stack:5622]
7f7c0198e000-7f7c0198f000 ---p 00000000 00:00 0 
7f7c0198f000-7f7c01aab000 rw-p 00000000 00:00 0                          [stack:5621]
7f7c01aab000-7f7c01be5000 ---p 00000000 00:00 0 
7f7c01be5000-7f7c01c01000 rw-p 00000000 00:00 0 
7f7c01c01000-7f7c01d3a000 ---p 00000000 00:00 0 
7f7c01d3a000-7f7c01d7d000 rw-p 00000000 00:00 0 
7f7c01d7d000-7f7c01de5000 ---p 00000000 00:00 0 
7f7c01de5000-7f7c01e02000 rw-p 00000000 00:00 0 
7f7c01e02000-7f7c021a6000 ---p 00000000 00:00 0 
7f7c021a6000-7f7c021c0000 r-xp 00000000 fd:02 3435332                    /home/Andriod/android-studio/jre/jre/lib/amd64/libzip.so
7f7c021c0000-7f7c023c0000 ---p 0001a000 fd:02 3435332                    /home/Andriod/android-studio/jre/jre/lib/amd64/libzip.so
7f7c023c0000-7f7c023c1000 r--p 0001a000 fd:02 3435332                    /home/Andriod/android-studio/jre/jre/lib/amd64/libzip.so
7f7c023c1000-7f7c023c2000 rw-p 0001b000 fd:02 3435332                    /home/Andriod/android-studio/jre/jre/lib/amd64/libzip.so
7f7c023c2000-7f7c023ce000 r-xp 00000000 fd:00 33909856                   /usr/lib64/libnss_files-2.17.so
7f7c023ce000-7f7c025cd000 ---p 0000c000 fd:00 33909856                   /usr/lib64/libnss_files-2.17.so
7f7c025cd000-7f7c025ce000 r--p 0000b000 fd:00 33909856                   /usr/lib64/libnss_files-2.17.so
7f7c025ce000-7f7c025cf000 rw-p 0000c000 fd:00 33909856                   /usr/lib64/libnss_files-2.17.so
7f7c025cf000-7f7c025d5000 rw-p 00000000 00:00 0 
7f7c025d5000-7f7c02602000 r-xp 00000000 fd:02 3435331                    /home/Andriod/android-studio/jre/jre/lib/amd64/libjava.so
7f7c02602000-7f7c02801000 ---p 0002d000 fd:02 3435331                    /home/Andriod/android-studio/jre/jre/lib/amd64/libjava.so
7f7c02801000-7f7c02802000 r--p 0002c000 fd:02 3435331                    /home/Andriod/android-studio/jre/jre/lib/amd64/libjava.so
7f7c02802000-7f7c02804000 rw-p 0002d000 fd:02 3435331                    /home/Andriod/android-studio/jre/jre/lib/amd64/libjava.so
7f7c02804000-7f7c02814000 r-xp 00000000 fd:02 3435337                    /home/Andriod/android-studio/jre/jre/lib/amd64/libverify.so
7f7c02814000-7f7c02a13000 ---p 00010000 fd:02 3435337                    /home/Andriod/android-studio/jre/jre/lib/amd64/libverify.so
7f7c02a13000-7f7c02a15000 r--p 0000f000 fd:02 3435337                    /home/Andriod/android-studio/jre/jre/lib/amd64/libverify.so
7f7c02a15000-7f7c02a16000 rw-p 00011000 fd:02 3435337                    /home/Andriod/android-studio/jre/jre/lib/amd64/libverify.so
7f7c02a16000-7f7c02a1d000 r-xp 00000000 fd:00 35897841                   /usr/lib64/librt-2.17.so
7f7c02a1d000-7f7c02c1c000 ---p 00007000 fd:00 35897841                   /usr/lib64/librt-2.17.so
7f7c02c1c000-7f7c02c1d000 r--p 00006000 fd:00 35897841                   /usr/lib64/librt-2.17.so
7f7c02c1d000-7f7c02c1e000 rw-p 00007000 fd:00 35897841                   /usr/lib64/librt-2.17.so
7f7c02c1e000-7f7c02d1f000 r-xp 00000000 fd:00 35897822                   /usr/lib64/libm-2.17.so
7f7c02d1f000-7f7c02f1e000 ---p 00101000 fd:00 35897822                   /usr/lib64/libm-2.17.so
7f7c02f1e000-7f7c02f1f000 r--p 00100000 fd:00 35897822                   /usr/lib64/libm-2.17.so
7f7c02f1f000-7f7c02f20000 rw-p 00101000 fd:00 35897822                   /usr/lib64/libm-2.17.so
7f7c02f20000-7f7c03b18000 r-xp 00000000 fd:02 537522554                  /home/Andriod/android-studio/jre/jre/lib/amd64/server/libjvm.so
7f7c03b18000-7f7c03d18000 ---p 00bf8000 fd:02 537522554                  /home/Andriod/android-studio/jre/jre/lib/amd64/server/libjvm.so
7f7c03d18000-7f7c03db7000 r--p 00bf8000 fd:02 537522554                  /home/Andriod/android-studio/jre/jre/lib/amd64/server/libjvm.so
7f7c03db7000-7f7c03de0000 rw-p 00c97000 fd:02 537522554                  /home/Andriod/android-studio/jre/jre/lib/amd64/server/libjvm.so
7f7c03de0000-7f7c03e24000 rw-p 00000000 00:00 0 
7f7c03e24000-7f7c03e3b000 r-xp 00000000 fd:00 35897837                   /usr/lib64/libpthread-2.17.so
7f7c03e3b000-7f7c0403a000 ---p 00017000 fd:00 35897837                   /usr/lib64/libpthread-2.17.so
7f7c0403a000-7f7c0403b000 r--p 00016000 fd:00 35897837                   /usr/lib64/libpthread-2.17.so
7f7c0403b000-7f7c0403c000 rw-p 00017000 fd:00 35897837                   /usr/lib64/libpthread-2.17.so
7f7c0403c000-7f7c04040000 rw-p 00000000 00:00 0 
7f7c04040000-7f7c04042000 r-xp 00000000 fd:00 35897820                   /usr/lib64/libdl-2.17.so
7f7c04042000-7f7c04242000 ---p 00002000 fd:00 35897820                   /usr/lib64/libdl-2.17.so
7f7c04242000-7f7c04243000 r--p 00002000 fd:00 35897820                   /usr/lib64/libdl-2.17.so
7f7c04243000-7f7c04244000 rw-p 00003000 fd:00 35897820                   /usr/lib64/libdl-2.17.so
7f7c04244000-7f7c043fc000 r-xp 00000000 fd:00 33586754                   /usr/lib64/libc-2.17.so
7f7c043fc000-7f7c045fc000 ---p 001b8000 fd:00 33586754                   /usr/lib64/libc-2.17.so
7f7c045fc000-7f7c04600000 r--p 001b8000 fd:00 33586754                   /usr/lib64/libc-2.17.so
7f7c04600000-7f7c04602000 rw-p 001bc000 fd:00 33586754                   /usr/lib64/libc-2.17.so
7f7c04602000-7f7c04607000 rw-p 00000000 00:00 0 
7f7c04607000-7f7c0461d000 r-xp 00000000 fd:02 1610981207                 /home/Andriod/android-studio/jre/lib/amd64/jli/libjli.so
7f7c0461d000-7f7c0481c000 ---p 00016000 fd:02 1610981207                 /home/Andriod/android-studio/jre/lib/amd64/jli/libjli.so
7f7c0481c000-7f7c0481d000 r--p 00015000 fd:02 1610981207                 /home/Andriod/android-studio/jre/lib/amd64/jli/libjli.so
7f7c0481d000-7f7c0481e000 rw-p 00016000 fd:02 1610981207                 /home/Andriod/android-studio/jre/lib/amd64/jli/libjli.so
7f7c0481e000-7f7c0483f000 r-xp 00000000 fd:00 35897817                   /usr/lib64/ld-2.17.so
7f7c0483f000-7f7c04840000 r--s 00000000 fd:02 4934790                    /home/magnum/.gradle/wrapper/dists/gradle-4.1-all/bzyivzo6n839fup2jbap0tjew/gradle-4.1/lib/jcip-annotations-1.0.jar
7f7c04840000-7f7c04841000 r--s 00007000 fd:02 4934786                    /home/magnum/.gradle/wrapper/dists/gradle-4.1-all/bzyivzo6n839fup2jbap0tjew/gradle-4.1/lib/slf4j-api-1.7.10.jar
7f7c04841000-7f7c04849000 r--s 000bd000 fd:02 4934781                    /home/magnum/.gradle/wrapper/dists/gradle-4.1-all/bzyivzo6n839fup2jbap0tjew/gradle-4.1/lib/asm-debug-all-6.0_ALPHA.jar
7f7c04849000-7f7c0484a000 r--s 00004000 fd:02 4934798                    /home/magnum/.gradle/wrapper/dists/gradle-4.1-all/bzyivzo6n839fup2jbap0tjew/gradle-4.1/lib/ant-launcher-1.9.6.jar
7f7c0484a000-7f7c0491b000 rw-p 00000000 00:00 0 
7f7c0491b000-7f7c0491e000 ---p 00000000 00:00 0 
7f7c0491e000-7f7c04a34000 rw-p 00000000 00:00 0                          [stack:5620]
7f7c04a34000-7f7c04a3c000 rw-s 00000000 fd:00 34398994                   /tmp/hsperfdata_magnum/5618
7f7c04a3c000-7f7c04a3d000 rw-p 00000000 00:00 0 
7f7c04a3d000-7f7c04a3e000 r--p 00000000 00:00 0 
7f7c04a3e000-7f7c04a3f000 rw-p 00000000 00:00 0 
7f7c04a3f000-7f7c04a40000 r--p 00021000 fd:00 35897817                   /usr/lib64/ld-2.17.so
7f7c04a40000-7f7c04a41000 rw-p 00022000 fd:00 35897817                   /usr/lib64/ld-2.17.so
7f7c04a41000-7f7c04a42000 rw-p 00000000 00:00 0 
7fff25277000-7fff25298000 rw-p 00000000 00:00 0                          [stack]
7fff25301000-7fff25303000 r-xp 00000000 00:00 0                          [vdso]
ffffffffff600000-ffffffffff601000 r-xp 00000000 00:00 0                  [vsyscall]

VM Arguments:
jvm_args: -Xmx1024m -Dfile.encoding=UTF-8 -Duser.country=US -Duser.language=en -Duser.variant 
java_command: org.gradle.launcher.daemon.bootstrap.GradleDaemon 4.1
java_class_path (initial): /home/magnum/.gradle/wrapper/dists/gradle-4.1-all/bzyivzo6n839fup2jbap0tjew/gradle-4.1/lib/gradle-launcher-4.1.jar
Launcher Type: SUN_STANDARD

Environment Variables:
PATH=/usr/lib64/qt-3.3/bin:/usr/local/bin:/usr/local/sbin:/usr/bin:/usr/sbin:/bin:/sbin:/home/magnum/.local/bin:/home/magnum/bin:
USERNAME=magnum
LD_LIBRARY_PATH=/home/Andriod/android-studio/bin:
SHELL=/bin/bash
DISPLAY=:0

Signal Handlers:
SIGSEGV: [libjvm.so+0x9ebc60], sa_mask[0]=11111111011111111101111111111110, sa_flags=SA_RESTART|SA_SIGINFO
SIGBUS: [libjvm.so+0x9ebc60], sa_mask[0]=11111111011111111101111111111110, sa_flags=SA_RESTART|SA_SIGINFO
SIGFPE: [libjvm.so+0x84cf60], sa_mask[0]=11111111011111111101111111111110, sa_flags=SA_RESTART|SA_SIGINFO
SIGPIPE: [libjvm.so+0x84cf60], sa_mask[0]=11111111011111111101111111111110, sa_flags=SA_RESTART|SA_SIGINFO
SIGXFSZ: [libjvm.so+0x84cf60], sa_mask[0]=11111111011111111101111111111110, sa_flags=SA_RESTART|SA_SIGINFO
SIGILL: [libjvm.so+0x84cf60], sa_mask[0]=11111111011111111101111111111110, sa_flags=SA_RESTART|SA_SIGINFO
SIGUSR1: SIG_DFL, sa_mask[0]=00000000000000000000000000000000, sa_flags=none
SIGUSR2: [libjvm.so+0x84ce30], sa_mask[0]=00100000000000000000000000000000, sa_flags=SA_RESTART|SA_SIGINFO
SIGHUP: [libjvm.so+0x84d020], sa_mask[0]=11111111011111111101111111111110, sa_flags=SA_RESTART|SA_SIGINFO
SIGINT: [libjvm.so+0x84d020], sa_mask[0]=11111111011111111101111111111110, sa_flags=SA_RESTART|SA_SIGINFO
SIGTERM: [libjvm.so+0x84d020], sa_mask[0]=11111111011111111101111111111110, sa_flags=SA_RESTART|SA_SIGINFO
SIGQUIT: [libjvm.so+0x84d020], sa_mask[0]=11111111011111111101111111111110, sa_flags=SA_RESTART|SA_SIGINFO


---------------  S Y S T E M  ---------------

OS:CentOS Linux release 7.4.1708 (Core) 

uname:Linux 3.10.0-693.2.2.el7.x86_64 #1 SMP Tue Sep 12 22:26:13 UTC 2017 x86_64
libc:glibc 2.17 NPTL 2.17 
rlimit: STACK 8192k, CORE 0k, NPROC 4096, NOFILE 4096, AS infinity
load average:7.01 5.37 3.63

/proc/meminfo:
MemTotal:        7917392 kB
MemFree:          883612 kB
MemAvailable:    2498812 kB
Buffers:               0 kB
Cached:          1849280 kB
SwapCached:          176 kB
Active:          4136548 kB
Inactive:        2092740 kB
Active(anon):    3406696 kB
Inactive(anon):  1172384 kB
Active(file):     729852 kB
Inactive(file):   920356 kB
Unevictable:         336 kB
Mlocked:             336 kB
SwapTotal:       8126460 kB
SwapFree:        8121988 kB
Dirty:              2420 kB
Writeback:             0 kB
AnonPages:       4329224 kB
Mapped:           391168 kB
Shmem:            199072 kB
Slab:             395480 kB
SReclaimable:     273948 kB
SUnreclaim:       121532 kB
KernelStack:       12480 kB
PageTables:        58216 kB
NFS_Unstable:          0 kB
Bounce:                0 kB
WritebackTmp:          0 kB
CommitLimit:    12085156 kB
Committed_AS:    9550620 kB
VmallocTotal:   34359738367 kB
VmallocUsed:      285464 kB
VmallocChunk:   34358947836 kB
HardwareCorrupted:     0 kB
AnonHugePages:    761856 kB
HugePages_Total:       0
HugePages_Free:        0
HugePages_Rsvd:        0
HugePages_Surp:        0
Hugepagesize:       2048 kB
DirectMap4k:      197576 kB
DirectMap2M:     7049216 kB
DirectMap1G:     1048576 kB


CPU:total 4 (initial active 4) (4 cores per cpu, 1 threads per core) family 6 model 158 stepping 9, cmov, cx8, fxsr, mmx, sse, sse2, sse3, ssse3, sse4.1, sse4.2, popcnt, avx, avx2, aes, clmul, erms, 3dnowpref, lzcnt, tsc, tscinvbit, bmi1, bmi2, adx

/proc/cpuinfo:
processor	: 0
vendor_id	: GenuineIntel
cpu family	: 6
model		: 158
model name	: Intel(R) Core(TM) i5-7400 CPU @ 3.00GHz
stepping	: 9
microcode	: 0x48
cpu MHz		: 3318.398
cache size	: 6144 KB
physical id	: 0
siblings	: 4
core id		: 0
cpu cores	: 4
apicid		: 0
initial apicid	: 0
fpu		: yes
fpu_exception	: yes
cpuid level	: 22
wp		: yes
flags		: fpu vme de pse tsc msr pae mce cx8 apic sep mtrr pge mca cmov pat pse36 clflush dts acpi mmx fxsr sse sse2 ss ht tm pbe syscall nx pdpe1gb rdtscp lm constant_tsc art arch_perfmon pebs bts rep_good nopl xtopology nonstop_tsc aperfmperf eagerfpu pni pclmulqdq dtes64 monitor ds_cpl vmx est tm2 ssse3 fma cx16 xtpr pdcm pcid sse4_1 sse4_2 x2apic movbe popcnt tsc_deadline_timer aes xsave avx f16c rdrand lahf_lm abm 3dnowprefetch epb intel_pt tpr_shadow vnmi flexpriority ept vpid fsgsbase tsc_adjust bmi1 avx2 smep bmi2 erms invpcid mpx rdseed adx smap clflushopt xsaveopt xsavec xgetbv1 dtherm ida arat pln pts hwp hwp_notify hwp_act_window hwp_epp
bogomips	: 6000.00
clflush size	: 64
cache_alignment	: 64
address sizes	: 39 bits physical, 48 bits virtual
power management:

processor	: 1
vendor_id	: GenuineIntel
cpu family	: 6
model		: 158
model name	: Intel(R) Core(TM) i5-7400 CPU @ 3.00GHz
stepping	: 9
microcode	: 0x48
cpu MHz		: 3311.601
cache size	: 6144 KB
physical id	: 0
siblings	: 4
core id		: 1
cpu cores	: 4
apicid		: 2
initial apicid	: 2
fpu		: yes
fpu_exception	: yes
cpuid level	: 22
wp		: yes
flags		: fpu vme de pse tsc msr pae mce cx8 apic sep mtrr pge mca cmov pat pse36 clflush dts acpi mmx fxsr sse sse2 ss ht tm pbe syscall nx pdpe1gb rdtscp lm constant_tsc art arch_perfmon pebs bts rep_good nopl xtopology nonstop_tsc aperfmperf eagerfpu pni pclmulqdq dtes64 monitor ds_cpl vmx est tm2 ssse3 fma cx16 xtpr pdcm pcid sse4_1 sse4_2 x2apic movbe popcnt tsc_deadline_timer aes xsave avx f16c rdrand lahf_lm abm 3dnowprefetch epb intel_pt tpr_shadow vnmi flexpriority ept vpid fsgsbase tsc_adjust bmi1 avx2 smep bmi2 erms invpcid mpx rdseed adx smap clflushopt xsaveopt xsavec xgetbv1 dtherm ida arat pln pts hwp hwp_notify hwp_act_window hwp_epp
bogomips	: 6000.00
clflush size	: 64
cache_alignment	: 64
address sizes	: 39 bits physical, 48 bits virtual
power management:

processor	: 2
vendor_id	: GenuineIntel
cpu family	: 6
model		: 158
model name	: Intel(R) Core(TM) i5-7400 CPU @ 3.00GHz
stepping	: 9
microcode	: 0x48
cpu MHz		: 3299.882
cache size	: 6144 KB
physical id	: 0
siblings	: 4
core id		: 2
cpu cores	: 4
apicid		: 4
initial apicid	: 4
fpu		: yes
fpu_exception	: yes
cpuid level	: 22
wp		: yes
flags		: fpu vme de pse tsc msr pae mce cx8 apic sep mtrr pge mca cmov pat pse36 clflush dts acpi mmx fxsr sse sse2 ss ht tm pbe syscall nx pdpe1gb rdtscp lm constant_tsc art arch_perfmon pebs bts rep_good nopl xtopology nonstop_tsc aperfmperf eagerfpu pni pclmulqdq dtes64 monitor ds_cpl vmx est tm2 ssse3 fma cx16 xtpr pdcm pcid sse4_1 sse4_2 x2apic movbe popcnt tsc_deadline_timer aes xsave avx f16c rdrand lahf_lm abm 3dnowprefetch epb intel_pt tpr_shadow vnmi flexpriority ept vpid fsgsbase tsc_adjust bmi1 avx2 smep bmi2 erms invpcid mpx rdseed adx smap clflushopt xsaveopt xsavec xgetbv1 dtherm ida arat pln pts hwp hwp_notify hwp_act_window hwp_epp
bogomips	: 6000.00
clflush size	: 64
cache_alignment	: 64
address sizes	: 39 bits physical, 48 bits virtual
power management:

processor	: 3
vendor_id	: GenuineIntel
cpu family	: 6
model		: 158
model name	: Intel(R) Core(TM) i5-7400 CPU @ 3.00GHz
stepping	: 9
microcode	: 0x48
cpu MHz		: 3327.304
cache size	: 6144 KB
physical id	: 0
siblings	: 4
core id		: 3
cpu cores	: 4
apicid		: 6
initial apicid	: 6
fpu		: yes
fpu_exception	: yes
cpuid level	: 22
wp		: yes
flags		: fpu vme de pse tsc msr pae mce cx8 apic sep mtrr pge mca cmov pat pse36 clflush dts acpi mmx fxsr sse sse2 ss ht tm pbe syscall nx pdpe1gb rdtscp lm constant_tsc art arch_perfmon pebs bts rep_good nopl xtopology nonstop_tsc aperfmperf eagerfpu pni pclmulqdq dtes64 monitor ds_cpl vmx est tm2 ssse3 fma cx16 xtpr pdcm pcid sse4_1 sse4_2 x2apic movbe popcnt tsc_deadline_timer aes xsave avx f16c rdrand lahf_lm abm 3dnowprefetch epb intel_pt tpr_shadow vnmi flexpriority ept vpid fsgsbase tsc_adjust bmi1 avx2 smep bmi2 erms invpcid mpx rdseed adx smap clflushopt xsaveopt xsavec xgetbv1 dtherm ida arat pln pts hwp hwp_notify hwp_act_window hwp_epp
bogomips	: 6000.00
clflush size	: 64
cache_alignment	: 64
address sizes	: 39 bits physical, 48 bits virtual
power management:



Memory: 4k page, physical 7917392k(883612k free), swap 8126460k(8121988k free)

vm_info: OpenJDK 64-Bit Server VM (25.152-b01) for linux-amd64 JRE (1.8.0_152-release-915-b01), built by "builder" with gcc 4.8.4

time: Mon Mar 19 15:05:32 2018
elapsed time: 1 seconds (0d 0h 0m 1s)

